<?xml version="1.0" encoding="UTF-8"?>
<!-- Generated by org.testng.reporters.JUnitXMLReporter -->
<testsuite hostname="DESKTOP-AUDKBLK" ignored="236" name="TestCPOT" tests="42" failures="0" timestamp="08 Jan 2021 11:10:19 GMT" time="713.847" errors="0">
  <testcase name="ConfigPointOfTreatmentIsDisplayed" time="2.05" classname="nic.ehospital.qa.testcases.ConfigurePointOfTreatmentPageTest"/>
  <testcase name="ConfigPointOfTreatmentIsEnabled" time="4.27" classname="nic.ehospital.qa.testcases.ConfigurePointOfTreatmentPageTest"/>
  <testcase name="ConfigPointOfTrtment_ManageUserIsEnabled" time="6.867" classname="nic.ehospital.qa.testcases.ConfigurePointOfTreatmentPageTest"/>
  <testcase name="ManageUser_FillRequiredDetails" time="30.471" classname="nic.ehospital.qa.testcases.ConfigurePointOfTreatmentPageTest"/>
  <testcase name="RefreshBtnIsEnabled" time="5.022" classname="nic.ehospital.qa.testcases.ConfigurePointOfTreatmentPageTest"/>
  <testcase name="EditBtnIsEnabled" time="12.022" classname="nic.ehospital.qa.testcases.ConfigurePointOfTreatmentPageTest"/>
  <testcase name="ManageUser_EditUser" time="15.355" classname="nic.ehospital.qa.testcases.ConfigurePointOfTreatmentPageTest"/>
  <testcase name="manageDepartmentIsEnabled" time="14.638" classname="nic.ehospital.qa.testcases.ConfigurePointOfTreatmentPageTest"/>
  <testcase name="createDeptWithAllDetailsInOneGo" time="35.179" classname="nic.ehospital.qa.testcases.ConfigurePointOfTreatmentPageTest"/>
  <testcase name="editDeptWithValidDataInOneGO" time="50.253" classname="nic.ehospital.qa.testcases.ConfigurePointOfTreatmentPageTest"/>
  <testcase name="pediatericChkboxIsDisplayed" time="7.487" classname="nic.ehospital.qa.testcases.ConfigurePointOfTreatmentPageTest"/>
  <testcase name="manageUnitsLinkisEnabled" time="22.657" classname="nic.ehospital.qa.testcases.ConfigurePointOfTreatmentPageTest"/>
  <testcase name="addValidUnitInOneGo" time="42.095" classname="nic.ehospital.qa.testcases.ConfigurePointOfTreatmentPageTest"/>
  <testcase name="editValidUnitInOneGo" time="41.085" classname="nic.ehospital.qa.testcases.ConfigurePointOfTreatmentPageTest"/>
  <testcase name="manageShiftsLinkIsEnabled" time="14.46" classname="nic.ehospital.qa.testcases.ConfigurePointOfTreatmentPageTest"/>
  <testcase name="createShiftInOneGo" time="24.677" classname="nic.ehospital.qa.testcases.ConfigurePointOfTreatmentPageTest"/>
  <testcase name="editShiftInOneGo" time="45.764" classname="nic.ehospital.qa.testcases.ConfigurePointOfTreatmentPageTest"/>
  <testcase name="manageClinicLinkIsEnabled" time="17.008" classname="nic.ehospital.qa.testcases.ConfigurePointOfTreatmentPageTest"/>
  <testcase name="addClinicInOneGo" time="17.329" classname="nic.ehospital.qa.testcases.ConfigurePointOfTreatmentPageTest"/>
  <testcase name="edit_ClinicInOneGo" time="24.783" classname="nic.ehospital.qa.testcases.ConfigurePointOfTreatmentPageTest"/>
  <testcase name="manageWardsIsEnabled" time="13.329" classname="nic.ehospital.qa.testcases.ConfigurePointOfTreatmentPageTest"/>
  <testcase name="addWardInOneGo" time="29.62" classname="nic.ehospital.qa.testcases.ConfigurePointOfTreatmentPageTest"/>
  <testcase name="editWardBtnIsEnabled" time="10.704" classname="nic.ehospital.qa.testcases.ConfigurePointOfTreatmentPageTest"/>
  <testcase name="editWardInOneGo" time="27.361" classname="nic.ehospital.qa.testcases.ConfigurePointOfTreatmentPageTest"/>
  <testcase name="showBedListBtnIsEnabled" time="2.216" classname="nic.ehospital.qa.testcases.ConfigurePointOfTreatmentPageTest"/>
  <testcase name="closeBedListBtnIsEnabled" time="0.219" classname="nic.ehospital.qa.testcases.ConfigurePointOfTreatmentPageTest"/>
  <testcase name="addBedBtnIsEnabled" time="6.185" classname="nic.ehospital.qa.testcases.ConfigurePointOfTreatmentPageTest"/>
  <testcase name="fetchesTotallNoOfBedsThenAdd1Bed" time="18.553" classname="nic.ehospital.qa.testcases.ConfigurePointOfTreatmentPageTest"/>
  <testcase name="removeBedBtnIsEnabled" time="8.368" classname="nic.ehospital.qa.testcases.ConfigurePointOfTreatmentPageTest"/>
  <testcase name="removeOneBedFromTable" time="30.473" classname="nic.ehospital.qa.testcases.ConfigurePointOfTreatmentPageTest"/>
  <testcase name="changeBedNoRadioBtnIsEnabled" time="8.27" classname="nic.ehospital.qa.testcases.ConfigurePointOfTreatmentPageTest"/>
  <testcase name="changeBedNoInOneGo" time="33.671" classname="nic.ehospital.qa.testcases.ConfigurePointOfTreatmentPageTest"/>
  <testcase name="clickManageWardsToReachWardUnitMappingLink" time="9.255" classname="nic.ehospital.qa.testcases.ConfigurePointOfTreatmentPageTest"/>
  <testcase name="wardUnitMappingLinkIsEnabled" time="2.017" classname="nic.ehospital.qa.testcases.ConfigurePointOfTreatmentPageTest"/>
  <testcase name="addWardUnitMappingInOneGo" time="13.056" classname="nic.ehospital.qa.testcases.ConfigurePointOfTreatmentPageTest"/>
  <testcase name="editWardUnitMappingInOneGo" time="23.091" classname="nic.ehospital.qa.testcases.ConfigurePointOfTreatmentPageTest"/>
  <testcase name="clickManageWardsToReachMapWardVsIcuIsolationLink" time="4.575" classname="nic.ehospital.qa.testcases.ConfigurePointOfTreatmentPageTest"/>
  <testcase name="mapWardVsIcuIsolationLinkIsEnabled" time="4.018" classname="nic.ehospital.qa.testcases.ConfigurePointOfTreatmentPageTest"/>
  <testcase name="addIcuWardInOneGo" time="6.483" classname="nic.ehospital.qa.testcases.ConfigurePointOfTreatmentPageTest"/>
  <testcase name="addIsolationWardInOneGo" time="6.718" classname="nic.ehospital.qa.testcases.ConfigurePointOfTreatmentPageTest"/>
  <testcase name="editIsolationWardInOneGo" time="10.949" classname="nic.ehospital.qa.testcases.ConfigurePointOfTreatmentPageTest"/>
  <testcase name="editIcuWardInOneGo" time="11.234" classname="nic.ehospital.qa.testcases.ConfigurePointOfTreatmentPageTest"/>
  <testcase name="wardUnitMapping_UnitNameDrpdwnIsMultiple" time="0.0" classname="nic.ehospital.qa.testcases.ConfigurePointOfTreatmentPageTest">
    <ignored/>
  </testcase> <!-- wardUnitMapping_UnitNameDrpdwnIsMultiple -->
  <testcase name="edit_EnterInvalidShiftDetailsInAllFields" time="0.0" classname="nic.ehospital.qa.testcases.ConfigurePointOfTreatmentPageTest">
    <ignored/>
  </testcase> <!-- edit_EnterInvalidShiftDetailsInAllFields -->
  <testcase name="ManageUser_EmailTxBoxIsDisplayed" time="0.0" classname="nic.ehospital.qa.testcases.ConfigurePointOfTreatmentPageTest">
    <ignored/>
  </testcase> <!-- ManageUser_EmailTxBoxIsDisplayed -->
  <testcase name="onlySelectExistingDept" time="0.0" classname="nic.ehospital.qa.testcases.ConfigurePointOfTreatmentPageTest">
    <ignored/>
  </testcase> <!-- onlySelectExistingDept -->
  <testcase name="edit_EnterValidShiftNameInvalidTimingAndBlankShiftTypeDrpdwn" time="0.0" classname="nic.ehospital.qa.testcases.ConfigurePointOfTreatmentPageTest">
    <ignored/>
  </testcase> <!-- edit_EnterValidShiftNameInvalidTimingAndBlankShiftTypeDrpdwn -->
  <testcase name="AddNewDepartment_DepartmentDrpdwnIsMultiple" time="0.0" classname="nic.ehospital.qa.testcases.ConfigurePointOfTreatmentPageTest">
    <ignored/>
  </testcase> <!-- AddNewDepartment_DepartmentDrpdwnIsMultiple -->
  <testcase name="clinicTypeDrpdwnIsDisplayed" time="0.0" classname="nic.ehospital.qa.testcases.ConfigurePointOfTreatmentPageTest">
    <ignored/>
  </testcase> <!-- clinicTypeDrpdwnIsDisplayed -->
  <testcase name="addBedBtnIsDisplayed" time="0.0" classname="nic.ehospital.qa.testcases.ConfigurePointOfTreatmentPageTest">
    <ignored/>
  </testcase> <!-- addBedBtnIsDisplayed -->
  <testcase name="shiftsEditBtnIsDisplayed" time="0.0" classname="nic.ehospital.qa.testcases.ConfigurePointOfTreatmentPageTest">
    <ignored/>
  </testcase> <!-- shiftsEditBtnIsDisplayed -->
  <testcase name="enteringValidDeptDescription" time="0.0" classname="nic.ehospital.qa.testcases.ConfigurePointOfTreatmentPageTest">
    <ignored/>
  </testcase> <!-- enteringValidDeptDescription -->
  <testcase name="ManageUser_SelectInitialAndClickSaveBtn" time="0.0" classname="nic.ehospital.qa.testcases.ConfigurePointOfTreatmentPageTest">
    <ignored/>
  </testcase> <!-- ManageUser_SelectInitialAndClickSaveBtn -->
  <testcase name="enterWardNameAndGenderClickSaveBtn" time="0.0" classname="nic.ehospital.qa.testcases.ConfigurePointOfTreatmentPageTest">
    <ignored/>
  </testcase> <!-- enterWardNameAndGenderClickSaveBtn -->
  <testcase name="enteringValidDeptName" time="0.0" classname="nic.ehospital.qa.testcases.ConfigurePointOfTreatmentPageTest">
    <ignored/>
  </testcase> <!-- enteringValidDeptName -->
  <testcase name="selectShiftTypeDrpdwnIsEnabled" time="0.0" classname="nic.ehospital.qa.testcases.ConfigurePointOfTreatmentPageTest">
    <ignored/>
  </testcase> <!-- selectShiftTypeDrpdwnIsEnabled -->
  <testcase name="shiftsSaveBtnIsEnabled" time="0.0" classname="nic.ehospital.qa.testcases.ConfigurePointOfTreatmentPageTest">
    <ignored/>
  </testcase> <!-- shiftsSaveBtnIsEnabled -->
  <testcase name="edit_enterInvalidClinicNameBlankDropdown" time="0.0" classname="nic.ehospital.qa.testcases.ConfigurePointOfTreatmentPageTest">
    <ignored/>
  </testcase> <!-- edit_enterInvalidClinicNameBlankDropdown -->
  <testcase name="wardNameTxtboxIsEnabled" time="0.0" classname="nic.ehospital.qa.testcases.ConfigurePointOfTreatmentPageTest">
    <ignored/>
  </testcase> <!-- wardNameTxtboxIsEnabled -->
  <testcase name="ManageUser_SelectInitialFstLstNameAndClickSaveBtn" time="0.0" classname="nic.ehospital.qa.testcases.ConfigurePointOfTreatmentPageTest">
    <ignored/>
  </testcase> <!-- ManageUser_SelectInitialFstLstNameAndClickSaveBtn -->
  <testcase name="removeBedBtnIsDisplayed" time="0.0" classname="nic.ehospital.qa.testcases.ConfigurePointOfTreatmentPageTest">
    <ignored/>
  </testcase> <!-- removeBedBtnIsDisplayed -->
  <testcase name="bedNoTxtboxIsEnabled" time="0.0" classname="nic.ehospital.qa.testcases.ConfigurePointOfTreatmentPageTest">
    <ignored/>
  </testcase> <!-- bedNoTxtboxIsEnabled -->
  <testcase name="ManageUser_InitalsDrpdwnIsEnabled" time="0.0" classname="nic.ehospital.qa.testcases.ConfigurePointOfTreatmentPageTest">
    <ignored/>
  </testcase> <!-- ManageUser_InitalsDrpdwnIsEnabled -->
  <testcase name="wardListDrpdwnIsMultiple" time="0.0" classname="nic.ehospital.qa.testcases.ConfigurePointOfTreatmentPageTest">
    <ignored/>
  </testcase> <!-- wardListDrpdwnIsMultiple -->
  <testcase name="selectShiftTypeDrpdwnIsMultiple" time="0.0" classname="nic.ehospital.qa.testcases.ConfigurePointOfTreatmentPageTest">
    <ignored/>
  </testcase> <!-- selectShiftTypeDrpdwnIsMultiple -->
  <testcase name="shiftsEditBtnIsEnabled" time="0.0" classname="nic.ehospital.qa.testcases.ConfigurePointOfTreatmentPageTest">
    <ignored/>
  </testcase> <!-- shiftsEditBtnIsEnabled -->
  <testcase name="clickingSaveBtnWithoutRemovingBed" time="0.0" classname="nic.ehospital.qa.testcases.ConfigurePointOfTreatmentPageTest">
    <ignored/>
  </testcase> <!-- clickingSaveBtnWithoutRemovingBed -->
  <testcase name="updateClinicBtnIsDisplayed" time="0.0" classname="nic.ehospital.qa.testcases.ConfigurePointOfTreatmentPageTest">
    <ignored/>
  </testcase> <!-- updateClinicBtnIsDisplayed -->
  <testcase name="showIsolationWardListBtnIsEnabled" time="0.0" classname="nic.ehospital.qa.testcases.ConfigurePointOfTreatmentPageTest">
    <ignored/>
  </testcase> <!-- showIsolationWardListBtnIsEnabled -->
  <testcase name="onlyWardNameAlreadySelectedClickUpdateBtn" time="0.0" classname="nic.ehospital.qa.testcases.ConfigurePointOfTreatmentPageTest">
    <ignored/>
  </testcase> <!-- onlyWardNameAlreadySelectedClickUpdateBtn -->
  <testcase name="wardUnitMappingLinkIsDisplayed" time="0.0" classname="nic.ehospital.qa.testcases.ConfigurePointOfTreatmentPageTest">
    <ignored/>
  </testcase> <!-- wardUnitMappingLinkIsDisplayed -->
  <testcase name="AddNewDepartment_DeptNameTxBoxIsEnabled" time="0.0" classname="nic.ehospital.qa.testcases.ConfigurePointOfTreatmentPageTest">
    <ignored/>
  </testcase> <!-- AddNewDepartment_DeptNameTxBoxIsEnabled -->
  <testcase name="enterDeptInvalidUnitNameAndClickSaveBtn" time="0.0" classname="nic.ehospital.qa.testcases.ConfigurePointOfTreatmentPageTest">
    <ignored/>
  </testcase> <!-- enterDeptInvalidUnitNameAndClickSaveBtn -->
  <testcase name="mapWardVsIcuIsolationLinkIsDisplayed" time="0.0" classname="nic.ehospital.qa.testcases.ConfigurePointOfTreatmentPageTest">
    <ignored/>
  </testcase> <!-- mapWardVsIcuIsolationLinkIsDisplayed -->
  <testcase name="saveWardBtnIsEnabled" time="0.0" classname="nic.ehospital.qa.testcases.ConfigurePointOfTreatmentPageTest">
    <ignored/>
  </testcase> <!-- saveWardBtnIsEnabled -->
  <testcase name="casualtyWardRadioBtnNoIsDisplayed" time="0.0" classname="nic.ehospital.qa.testcases.ConfigurePointOfTreatmentPageTest">
    <ignored/>
  </testcase> <!-- casualtyWardRadioBtnNoIsDisplayed -->
  <testcase name="clinicTypeDrpdwnIsEnabled" time="0.0" classname="nic.ehospital.qa.testcases.ConfigurePointOfTreatmentPageTest">
    <ignored/>
  </testcase> <!-- clinicTypeDrpdwnIsEnabled -->
  <testcase name="manageWardsIsDisplayed" time="0.0" classname="nic.ehospital.qa.testcases.ConfigurePointOfTreatmentPageTest">
    <ignored/>
  </testcase> <!-- manageWardsIsDisplayed -->
  <testcase name="shiftNameTxtboxIsDisplayed" time="0.0" classname="nic.ehospital.qa.testcases.ConfigurePointOfTreatmentPageTest">
    <ignored/>
  </testcase> <!-- shiftNameTxtboxIsDisplayed -->
  <testcase name="ManageUser_SelectInitialFstLstNameDesigMobAndClickSaveBtn" time="0.0" classname="nic.ehospital.qa.testcases.ConfigurePointOfTreatmentPageTest">
    <ignored/>
  </testcase> <!-- ManageUser_SelectInitialFstLstNameDesigMobAndClickSaveBtn -->
  <testcase name="editIsolationWardListBtnIsEnabled" time="0.0" classname="nic.ehospital.qa.testcases.ConfigurePointOfTreatmentPageTest">
    <ignored/>
  </testcase> <!-- editIsolationWardListBtnIsEnabled -->
  <testcase name="genderSpecificCheckboxIsDisplayed" time="0.0" classname="nic.ehospital.qa.testcases.ConfigurePointOfTreatmentPageTest">
    <ignored/>
  </testcase> <!-- genderSpecificCheckboxIsDisplayed -->
  <testcase name="editUnitEnterInvalidUnitName" time="0.0" classname="nic.ehospital.qa.testcases.ConfigurePointOfTreatmentPageTest">
    <ignored/>
  </testcase> <!-- editUnitEnterInvalidUnitName -->
  <testcase name="shiftTmingsToTxtboxIsEnabled" time="0.0" classname="nic.ehospital.qa.testcases.ConfigurePointOfTreatmentPageTest">
    <ignored/>
  </testcase> <!-- shiftTmingsToTxtboxIsEnabled -->
  <testcase name="totalNoOfBedsTxtboxIsDisplayed" time="0.0" classname="nic.ehospital.qa.testcases.ConfigurePointOfTreatmentPageTest">
    <ignored/>
  </testcase> <!-- totalNoOfBedsTxtboxIsDisplayed -->
  <testcase name="updateWardBtnIsEnabled" time="0.0" classname="nic.ehospital.qa.testcases.ConfigurePointOfTreatmentPageTest">
    <ignored/>
  </testcase> <!-- updateWardBtnIsEnabled -->
  <testcase name="wardNameTxtboxIsDisplayed" time="0.0" classname="nic.ehospital.qa.testcases.ConfigurePointOfTreatmentPageTest">
    <ignored/>
  </testcase> <!-- wardNameTxtboxIsDisplayed -->
  <testcase name="saveBtnForBedIsEnabled" time="0.0" classname="nic.ehospital.qa.testcases.ConfigurePointOfTreatmentPageTest">
    <ignored/>
  </testcase> <!-- saveBtnForBedIsEnabled -->
  <testcase name="edit_enterValidClinicNameAndDropdown" time="0.0" classname="nic.ehospital.qa.testcases.ConfigurePointOfTreatmentPageTest">
    <ignored/>
  </testcase> <!-- edit_enterValidClinicNameAndDropdown -->
  <testcase name="prefixTxtboxIsDisplayed" time="0.0" classname="nic.ehospital.qa.testcases.ConfigurePointOfTreatmentPageTest">
    <ignored/>
  </testcase> <!-- prefixTxtboxIsDisplayed -->
  <testcase name="manageUnitsLinkisDisplayed" time="0.0" classname="nic.ehospital.qa.testcases.ConfigurePointOfTreatmentPageTest">
    <ignored/>
  </testcase> <!-- manageUnitsLinkisDisplayed -->
  <testcase name="manageDepartmentIsDisplayed" time="0.0" classname="nic.ehospital.qa.testcases.ConfigurePointOfTreatmentPageTest">
    <ignored/>
  </testcase> <!-- manageDepartmentIsDisplayed -->
  <testcase name="ManageUser_GenrateUsrNameBtnIsEnabled" time="0.0" classname="nic.ehospital.qa.testcases.ConfigurePointOfTreatmentPageTest">
    <ignored/>
  </testcase> <!-- ManageUser_GenrateUsrNameBtnIsEnabled -->
  <testcase name="ManageUser_GenrateUsrNameBtnIsDisplayed" time="0.0" classname="nic.ehospital.qa.testcases.ConfigurePointOfTreatmentPageTest">
    <ignored/>
  </testcase> <!-- ManageUser_GenrateUsrNameBtnIsDisplayed -->
  <testcase name="enterInvalidClinicNameBlankDropdown" time="0.0" classname="nic.ehospital.qa.testcases.ConfigurePointOfTreatmentPageTest">
    <ignored/>
  </testcase> <!-- enterInvalidClinicNameBlankDropdown -->
  <testcase name="AddNewDepartment_DeptNameTxBoxIsDisplayed" time="0.0" classname="nic.ehospital.qa.testcases.ConfigurePointOfTreatmentPageTest">
    <ignored/>
  </testcase> <!-- AddNewDepartment_DeptNameTxBoxIsDisplayed -->
  <testcase name="selectDeptAndClickSaveBtn" time="0.0" classname="nic.ehospital.qa.testcases.ConfigurePointOfTreatmentPageTest">
    <ignored/>
  </testcase> <!-- selectDeptAndClickSaveBtn -->
  <testcase name="selectBothWardUnitNameAndClickSaveBtn" time="0.0" classname="nic.ehospital.qa.testcases.ConfigurePointOfTreatmentPageTest">
    <ignored/>
  </testcase> <!-- selectBothWardUnitNameAndClickSaveBtn -->
  <testcase name="wardUnitMapping_UnitNameDrpdwnIsDisplayed" time="0.0" classname="nic.ehospital.qa.testcases.ConfigurePointOfTreatmentPageTest">
    <ignored/>
  </testcase> <!-- wardUnitMapping_UnitNameDrpdwnIsDisplayed -->
  <testcase name="enterValidWardAbbreviation" time="0.0" classname="nic.ehospital.qa.testcases.ConfigurePointOfTreatmentPageTest">
    <ignored/>
  </testcase> <!-- enterValidWardAbbreviation -->
  <testcase name="showIsolationWardListBtnIsDisplayed" time="0.0" classname="nic.ehospital.qa.testcases.ConfigurePointOfTreatmentPageTest">
    <ignored/>
  </testcase> <!-- showIsolationWardListBtnIsDisplayed -->
  <testcase name="addNewUnit_SaveBtnIsDisplayed" time="0.0" classname="nic.ehospital.qa.testcases.ConfigurePointOfTreatmentPageTest">
    <ignored/>
  </testcase> <!-- addNewUnit_SaveBtnIsDisplayed -->
  <testcase name="clinicNameTxtboxIsDisplayed" time="0.0" classname="nic.ehospital.qa.testcases.ConfigurePointOfTreatmentPageTest">
    <ignored/>
  </testcase> <!-- clinicNameTxtboxIsDisplayed -->
  <testcase name="edit_enterValidClinicNameBlankDropdown" time="0.0" classname="nic.ehospital.qa.testcases.ConfigurePointOfTreatmentPageTest">
    <ignored/>
  </testcase> <!-- edit_enterValidClinicNameBlankDropdown -->
  <testcase name="showIcuWardListBtnIsEnabled" time="0.0" classname="nic.ehospital.qa.testcases.ConfigurePointOfTreatmentPageTest">
    <ignored/>
  </testcase> <!-- showIcuWardListBtnIsEnabled -->
  <testcase name="editWard_AllFIeldsBlank" time="0.0" classname="nic.ehospital.qa.testcases.ConfigurePointOfTreatmentPageTest">
    <ignored/>
  </testcase> <!-- editWard_AllFIeldsBlank -->
  <testcase name="oldBedPrefixNewBedSelectedEnterInvalidPostfix" time="0.0" classname="nic.ehospital.qa.testcases.ConfigurePointOfTreatmentPageTest">
    <ignored/>
  </testcase> <!-- oldBedPrefixNewBedSelectedEnterInvalidPostfix -->
  <testcase name="blankClinicNameTypeSelected" time="0.0" classname="nic.ehospital.qa.testcases.ConfigurePointOfTreatmentPageTest">
    <ignored/>
  </testcase> <!-- blankClinicNameTypeSelected -->
  <testcase name="postfixTxtboxIsDisplayed" time="0.0" classname="nic.ehospital.qa.testcases.ConfigurePointOfTreatmentPageTest">
    <ignored/>
  </testcase> <!-- postfixTxtboxIsDisplayed -->
  <testcase name="shiftsUpdateBtnIsEnabled" time="0.0" classname="nic.ehospital.qa.testcases.ConfigurePointOfTreatmentPageTest">
    <ignored/>
  </testcase> <!-- shiftsUpdateBtnIsEnabled -->
  <testcase name="AddNewDepartment_AddDepartmentIsEnabled" time="0.0" classname="nic.ehospital.qa.testcases.ConfigurePointOfTreatmentPageTest">
    <ignored/>
  </testcase> <!-- AddNewDepartment_AddDepartmentIsEnabled -->
  <testcase name="clinicalChkboxIsDisplayed" time="0.0" classname="nic.ehospital.qa.testcases.ConfigurePointOfTreatmentPageTest">
    <ignored/>
  </testcase> <!-- clinicalChkboxIsDisplayed -->
  <testcase name="wardListDrpdwnIsDisplayed" time="0.0" classname="nic.ehospital.qa.testcases.ConfigurePointOfTreatmentPageTest">
    <ignored/>
  </testcase> <!-- wardListDrpdwnIsDisplayed -->
  <testcase name="saveClinicBtnIsDisplayed" time="0.0" classname="nic.ehospital.qa.testcases.ConfigurePointOfTreatmentPageTest">
    <ignored/>
  </testcase> <!-- saveClinicBtnIsDisplayed -->
  <testcase name="ManageUser_MobileTxBoxIsEnabled" time="0.0" classname="nic.ehospital.qa.testcases.ConfigurePointOfTreatmentPageTest">
    <ignored/>
  </testcase> <!-- ManageUser_MobileTxBoxIsEnabled -->
  <testcase name="ManageUser_LastNameTxBoxIsDisplayed" time="0.0" classname="nic.ehospital.qa.testcases.ConfigurePointOfTreatmentPageTest">
    <ignored/>
  </testcase> <!-- ManageUser_LastNameTxBoxIsDisplayed -->
  <testcase name="addNewUnit_SaveBtnIsEnabled" time="0.0" classname="nic.ehospital.qa.testcases.ConfigurePointOfTreatmentPageTest">
    <ignored/>
  </testcase> <!-- addNewUnit_SaveBtnIsEnabled -->
  <testcase name="ManageUser_DesignatonDrpdwnIsEnabled" time="0.0" classname="nic.ehospital.qa.testcases.ConfigurePointOfTreatmentPageTest">
    <ignored/>
  </testcase> <!-- ManageUser_DesignatonDrpdwnIsEnabled -->
  <testcase name="AddNewDepartment_DepartmentDrpdwnIsDisplayed" time="0.0" classname="nic.ehospital.qa.testcases.ConfigurePointOfTreatmentPageTest">
    <ignored/>
  </testcase> <!-- AddNewDepartment_DepartmentDrpdwnIsDisplayed -->
  <testcase name="clickingSaveBtnWithoutPrePostfix" time="0.0" classname="nic.ehospital.qa.testcases.ConfigurePointOfTreatmentPageTest">
    <ignored/>
  </testcase> <!-- clickingSaveBtnWithoutPrePostfix -->
  <testcase name="ManageDepartment_AddNewDepartmentIsDisplayed" time="0.0" classname="nic.ehospital.qa.testcases.ConfigurePointOfTreatmentPageTest">
    <ignored/>
  </testcase> <!-- ManageDepartment_AddNewDepartmentIsDisplayed -->
  <testcase name="edit_ValidShiftNameTimingShiftTypeSelectedClickSaveBtn" time="0.0" classname="nic.ehospital.qa.testcases.ConfigurePointOfTreatmentPageTest">
    <ignored/>
  </testcase> <!-- edit_ValidShiftNameTimingShiftTypeSelectedClickSaveBtn -->
  <testcase name="shiftTmingsToTxtboxIsDisplayed" time="0.0" classname="nic.ehospital.qa.testcases.ConfigurePointOfTreatmentPageTest">
    <ignored/>
  </testcase> <!-- shiftTmingsToTxtboxIsDisplayed -->
  <testcase name="wardUnitMapping_UpdateBtnIsEnabled" time="0.0" classname="nic.ehospital.qa.testcases.ConfigurePointOfTreatmentPageTest">
    <ignored/>
  </testcase> <!-- wardUnitMapping_UpdateBtnIsEnabled -->
  <testcase name="wardUnitMapping_DeleteBtnIsDisplayed" time="0.0" classname="nic.ehospital.qa.testcases.ConfigurePointOfTreatmentPageTest">
    <ignored/>
  </testcase> <!-- wardUnitMapping_DeleteBtnIsDisplayed -->
  <testcase name="ManageDepartment_AddNewDepartmentIsEnabled" time="0.0" classname="nic.ehospital.qa.testcases.ConfigurePointOfTreatmentPageTest">
    <ignored/>
  </testcase> <!-- ManageDepartment_AddNewDepartmentIsEnabled -->
  <testcase name="selectBedNoAndClickSaveBtn" time="0.0" classname="nic.ehospital.qa.testcases.ConfigurePointOfTreatmentPageTest">
    <ignored/>
  </testcase> <!-- selectBedNoAndClickSaveBtn -->
  <testcase name="editUnitEnterValidUnitName" time="0.0" classname="nic.ehospital.qa.testcases.ConfigurePointOfTreatmentPageTest">
    <ignored/>
  </testcase> <!-- editUnitEnterValidUnitName -->
  <testcase name="manageClinicLinkIsDisplayed" time="0.0" classname="nic.ehospital.qa.testcases.ConfigurePointOfTreatmentPageTest">
    <ignored/>
  </testcase> <!-- manageClinicLinkIsDisplayed -->
  <testcase name="selectIsCasualtyRadioBtn" time="0.0" classname="nic.ehospital.qa.testcases.ConfigurePointOfTreatmentPageTest">
    <ignored/>
  </testcase> <!-- selectIsCasualtyRadioBtn -->
  <testcase name="enteringInvalidDeptDescription" time="0.0" classname="nic.ehospital.qa.testcases.ConfigurePointOfTreatmentPageTest">
    <ignored/>
  </testcase> <!-- enteringInvalidDeptDescription -->
  <testcase name="prefixTxtboxIsEnabled" time="0.0" classname="nic.ehospital.qa.testcases.ConfigurePointOfTreatmentPageTest">
    <ignored/>
  </testcase> <!-- prefixTxtboxIsEnabled -->
  <testcase name="selectingUnitNameOnlyAndClickSaveBtn" time="0.0" classname="nic.ehospital.qa.testcases.ConfigurePointOfTreatmentPageTest">
    <ignored/>
  </testcase> <!-- selectingUnitNameOnlyAndClickSaveBtn -->
  <testcase name="manageUnit_EditBtnIsEnabled" time="0.0" classname="nic.ehospital.qa.testcases.ConfigurePointOfTreatmentPageTest">
    <ignored/>
  </testcase> <!-- manageUnit_EditBtnIsEnabled -->
  <testcase name="showBedListBtnIsDisplayed" time="0.0" classname="nic.ehospital.qa.testcases.ConfigurePointOfTreatmentPageTest">
    <ignored/>
  </testcase> <!-- showBedListBtnIsDisplayed -->
  <testcase name="addNewUnit_DeptNameDrpdwnIsMultiple" time="0.0" classname="nic.ehospital.qa.testcases.ConfigurePointOfTreatmentPageTest">
    <ignored/>
  </testcase> <!-- addNewUnit_DeptNameDrpdwnIsMultiple -->
  <testcase name="shiftTmingsFromTxtboxIsDisplayed" time="0.0" classname="nic.ehospital.qa.testcases.ConfigurePointOfTreatmentPageTest">
    <ignored/>
  </testcase> <!-- shiftTmingsFromTxtboxIsDisplayed -->
  <testcase name="showIcuWardListBtnIsDisplayed" time="0.0" classname="nic.ehospital.qa.testcases.ConfigurePointOfTreatmentPageTest">
    <ignored/>
  </testcase> <!-- showIcuWardListBtnIsDisplayed -->
  <testcase name="totalNoOfBedsTxtboxIsEnabled" time="0.0" classname="nic.ehospital.qa.testcases.ConfigurePointOfTreatmentPageTest">
    <ignored/>
  </testcase> <!-- totalNoOfBedsTxtboxIsEnabled -->
  <testcase name="selectBothWardUnitNameAndClickUpdateBtn" time="0.0" classname="nic.ehospital.qa.testcases.ConfigurePointOfTreatmentPageTest">
    <ignored/>
  </testcase> <!-- selectBothWardUnitNameAndClickUpdateBtn -->
  <testcase name="manageUnit_EditBtnIsDisplayed" time="0.0" classname="nic.ehospital.qa.testcases.ConfigurePointOfTreatmentPageTest">
    <ignored/>
  </testcase> <!-- manageUnit_EditBtnIsDisplayed -->
  <testcase name="enterInvalidShiftNameOnly" time="0.0" classname="nic.ehospital.qa.testcases.ConfigurePointOfTreatmentPageTest">
    <ignored/>
  </testcase> <!-- enterInvalidShiftNameOnly -->
  <testcase name="enteringInvalidDeptName" time="0.0" classname="nic.ehospital.qa.testcases.ConfigurePointOfTreatmentPageTest">
    <ignored/>
  </testcase> <!-- enteringInvalidDeptName -->
  <testcase name="selectDeptUnitNameInChargeAndDay" time="0.0" classname="nic.ehospital.qa.testcases.ConfigurePointOfTreatmentPageTest">
    <ignored/>
  </testcase> <!-- selectDeptUnitNameInChargeAndDay -->
  <testcase name="wardUnitMapping_WardNameDrpdwnIsEnabled" time="0.0" classname="nic.ehospital.qa.testcases.ConfigurePointOfTreatmentPageTest">
    <ignored/>
  </testcase> <!-- wardUnitMapping_WardNameDrpdwnIsEnabled -->
  <testcase name="wardUnitMapping_SaveBtnIsEnabled" time="0.0" classname="nic.ehospital.qa.testcases.ConfigurePointOfTreatmentPageTest">
    <ignored/>
  </testcase> <!-- wardUnitMapping_SaveBtnIsEnabled -->
  <testcase name="enteringValidDescription" time="0.0" classname="nic.ehospital.qa.testcases.ConfigurePointOfTreatmentPageTest">
    <ignored/>
  </testcase> <!-- enteringValidDescription -->
  <testcase name="enterValidShiftNameInvalidTimingAndBlankShiftTypeDrpdwn" time="0.0" classname="nic.ehospital.qa.testcases.ConfigurePointOfTreatmentPageTest">
    <ignored/>
  </testcase> <!-- enterValidShiftNameInvalidTimingAndBlankShiftTypeDrpdwn -->
  <testcase name="casualtyWardRadioBtnYesIsDisplayed" time="0.0" classname="nic.ehospital.qa.testcases.ConfigurePointOfTreatmentPageTest">
    <ignored/>
  </testcase> <!-- casualtyWardRadioBtnYesIsDisplayed -->
  <testcase name="addNewUnit_DeptNameDrpdwnIsDisplayed" time="0.0" classname="nic.ehospital.qa.testcases.ConfigurePointOfTreatmentPageTest">
    <ignored/>
  </testcase> <!-- addNewUnit_DeptNameDrpdwnIsDisplayed -->
  <testcase name="editWardBtnIsDisplayed" time="0.0" classname="nic.ehospital.qa.testcases.ConfigurePointOfTreatmentPageTest">
    <ignored/>
  </testcase> <!-- editWardBtnIsDisplayed -->
  <testcase name="wardUnitMapping_WardNameDrpdwnIsMultiple" time="0.0" classname="nic.ehospital.qa.testcases.ConfigurePointOfTreatmentPageTest">
    <ignored/>
  </testcase> <!-- wardUnitMapping_WardNameDrpdwnIsMultiple -->
  <testcase name="wardUnitMapping_EditBtnIsEnabled" time="0.0" classname="nic.ehospital.qa.testcases.ConfigurePointOfTreatmentPageTest">
    <ignored/>
  </testcase> <!-- wardUnitMapping_EditBtnIsEnabled -->
  <testcase name="wardUnitMapping_UpdateBtnIsDisplayed" time="0.0" classname="nic.ehospital.qa.testcases.ConfigurePointOfTreatmentPageTest">
    <ignored/>
  </testcase> <!-- wardUnitMapping_UpdateBtnIsDisplayed -->
  <testcase name="editClinicBtnIsDisplayed" time="0.0" classname="nic.ehospital.qa.testcases.ConfigurePointOfTreatmentPageTest">
    <ignored/>
  </testcase> <!-- editClinicBtnIsDisplayed -->
  <testcase name="editIcuWardListBtnIsEnabled" time="0.0" classname="nic.ehospital.qa.testcases.ConfigurePointOfTreatmentPageTest">
    <ignored/>
  </testcase> <!-- editIcuWardListBtnIsEnabled -->
  <testcase name="postfixTxtboxIsEnabled" time="0.0" classname="nic.ehospital.qa.testcases.ConfigurePointOfTreatmentPageTest">
    <ignored/>
  </testcase> <!-- postfixTxtboxIsEnabled -->
  <testcase name="ManageUser_SelectInitialFstLstNameDesigMobGenUsrClickSaveBtn" time="0.0" classname="nic.ehospital.qa.testcases.ConfigurePointOfTreatmentPageTest">
    <ignored/>
  </testcase> <!-- ManageUser_SelectInitialFstLstNameDesigMobGenUsrClickSaveBtn -->
  <testcase name="bedAllocationMandatoryRadioBtnNoIsDisplayed" time="0.0" classname="nic.ehospital.qa.testcases.ConfigurePointOfTreatmentPageTest">
    <ignored/>
  </testcase> <!-- bedAllocationMandatoryRadioBtnNoIsDisplayed -->
  <testcase name="bedNoTxtboxIsDisplayed" time="0.0" classname="nic.ehospital.qa.testcases.ConfigurePointOfTreatmentPageTest">
    <ignored/>
  </testcase> <!-- bedNoTxtboxIsDisplayed -->
  <testcase name="enteringNoOfUnitsCrestingOtherDept" time="0.0" classname="nic.ehospital.qa.testcases.ConfigurePointOfTreatmentPageTest">
    <ignored/>
  </testcase> <!-- enteringNoOfUnitsCrestingOtherDept -->
  <testcase name="ManageUser_DesignatonDrpdwnIsDisplayed" time="0.0" classname="nic.ehospital.qa.testcases.ConfigurePointOfTreatmentPageTest">
    <ignored/>
  </testcase> <!-- ManageUser_DesignatonDrpdwnIsDisplayed -->
  <testcase name="enterBedNoOldBedPrefixSelected" time="0.0" classname="nic.ehospital.qa.testcases.ConfigurePointOfTreatmentPageTest">
    <ignored/>
  </testcase> <!-- enterBedNoOldBedPrefixSelected -->
  <testcase name="validShiftNameAndFromTimeInvalidToTimeDrpdwnSelected" time="0.0" classname="nic.ehospital.qa.testcases.ConfigurePointOfTreatmentPageTest">
    <ignored/>
  </testcase> <!-- validShiftNameAndFromTimeInvalidToTimeDrpdwnSelected -->
  <testcase name="bedAllocationmandatoryYesCheckboxIsSelected" time="0.0" classname="nic.ehospital.qa.testcases.ConfigurePointOfTreatmentPageTest">
    <ignored/>
  </testcase> <!-- bedAllocationmandatoryYesCheckboxIsSelected -->
  <testcase name="updateWardBtnIsDisplayed" time="0.0" classname="nic.ehospital.qa.testcases.ConfigurePointOfTreatmentPageTest">
    <ignored/>
  </testcase> <!-- updateWardBtnIsDisplayed -->
  <testcase name="oldBedSelectedEnterInvalidPrefix" time="0.0" classname="nic.ehospital.qa.testcases.ConfigurePointOfTreatmentPageTest">
    <ignored/>
  </testcase> <!-- oldBedSelectedEnterInvalidPrefix -->
  <testcase name="ManageUser_SaveBtnIsEnabled" time="0.0" classname="nic.ehospital.qa.testcases.ConfigurePointOfTreatmentPageTest">
    <ignored/>
  </testcase> <!-- ManageUser_SaveBtnIsEnabled -->
  <testcase name="wardListDrpdwnIsEnabled" time="0.0" classname="nic.ehospital.qa.testcases.ConfigurePointOfTreatmentPageTest">
    <ignored/>
  </testcase> <!-- wardListDrpdwnIsEnabled -->
  <testcase name="changeBedNoRadioBtnIsDisplayed" time="0.0" classname="nic.ehospital.qa.testcases.ConfigurePointOfTreatmentPageTest">
    <ignored/>
  </testcase> <!-- changeBedNoRadioBtnIsDisplayed -->
  <testcase name="enterInvalidNoOfBed" time="0.0" classname="nic.ehospital.qa.testcases.ConfigurePointOfTreatmentPageTest">
    <ignored/>
  </testcase> <!-- enterInvalidNoOfBed -->
  <testcase name="addNewUnitIsDisplayed" time="0.0" classname="nic.ehospital.qa.testcases.ConfigurePointOfTreatmentPageTest">
    <ignored/>
  </testcase> <!-- addNewUnitIsDisplayed -->
  <testcase name="enterInvalidDescriptonOnly" time="0.0" classname="nic.ehospital.qa.testcases.ConfigurePointOfTreatmentPageTest">
    <ignored/>
  </testcase> <!-- enterInvalidDescriptonOnly -->
  <testcase name="ManageUser_MobileTxBoxIsDisplayed" time="0.0" classname="nic.ehospital.qa.testcases.ConfigurePointOfTreatmentPageTest">
    <ignored/>
  </testcase> <!-- ManageUser_MobileTxBoxIsDisplayed -->
  <testcase name="addValidDuplicateDept" time="0.0" classname="nic.ehospital.qa.testcases.ConfigurePointOfTreatmentPageTest">
    <ignored/>
  </testcase> <!-- addValidDuplicateDept -->
  <testcase name="shiftsSaveBtnIsDisplayed" time="0.0" classname="nic.ehospital.qa.testcases.ConfigurePointOfTreatmentPageTest">
    <ignored/>
  </testcase> <!-- shiftsSaveBtnIsDisplayed -->
  <testcase name="ManageUser_ValidUptoBtnIsDisplayed" time="0.0" classname="nic.ehospital.qa.testcases.ConfigurePointOfTreatmentPageTest">
    <ignored/>
  </testcase> <!-- ManageUser_ValidUptoBtnIsDisplayed -->
  <testcase name="validShiftNameTimingShiftTypeSelectedClickSaveBtn" time="0.0" classname="nic.ehospital.qa.testcases.ConfigurePointOfTreatmentPageTest">
    <ignored/>
  </testcase> <!-- validShiftNameTimingShiftTypeSelectedClickSaveBtn -->
  <testcase name="genderSpecificCheckboxIsSelected" time="0.0" classname="nic.ehospital.qa.testcases.ConfigurePointOfTreatmentPageTest">
    <ignored/>
  </testcase> <!-- genderSpecificCheckboxIsSelected -->
  <testcase name="ManageUser_FirstNameTxBoxIsDisplayed" time="0.0" classname="nic.ehospital.qa.testcases.ConfigurePointOfTreatmentPageTest">
    <ignored/>
  </testcase> <!-- ManageUser_FirstNameTxBoxIsDisplayed -->
  <testcase name="selectOldBedNoToChngDrpdwnIsDisplayed" time="0.0" classname="nic.ehospital.qa.testcases.ConfigurePointOfTreatmentPageTest">
    <ignored/>
  </testcase> <!-- selectOldBedNoToChngDrpdwnIsDisplayed -->
  <testcase name="oldBedSelectedEnterValidPrefix" time="0.0" classname="nic.ehospital.qa.testcases.ConfigurePointOfTreatmentPageTest">
    <ignored/>
  </testcase> <!-- oldBedSelectedEnterValidPrefix -->
  <testcase name="removeBedChkboxIsDisplayed" time="0.0" classname="nic.ehospital.qa.testcases.ConfigurePointOfTreatmentPageTest">
    <ignored/>
  </testcase> <!-- removeBedChkboxIsDisplayed -->
  <testcase name="removeBedChkboxIsEnabled" time="0.0" classname="nic.ehospital.qa.testcases.ConfigurePointOfTreatmentPageTest">
    <ignored/>
  </testcase> <!-- removeBedChkboxIsEnabled -->
  <testcase name="wardAbbreviationTxtboxIsDisplayed" time="0.0" classname="nic.ehospital.qa.testcases.ConfigurePointOfTreatmentPageTest">
    <ignored/>
  </testcase> <!-- wardAbbreviationTxtboxIsDisplayed -->
  <testcase name="manageShiftsLinkIsDisplayed" time="0.0" classname="nic.ehospital.qa.testcases.ConfigurePointOfTreatmentPageTest">
    <ignored/>
  </testcase> <!-- manageShiftsLinkIsDisplayed -->
  <testcase name="selectShiftTypeDrpdwnIsDisplayed" time="0.0" classname="nic.ehospital.qa.testcases.ConfigurePointOfTreatmentPageTest">
    <ignored/>
  </testcase> <!-- selectShiftTypeDrpdwnIsDisplayed -->
  <testcase name="casualtyWardNoRadioBtnIsSelected" time="0.0" classname="nic.ehospital.qa.testcases.ConfigurePointOfTreatmentPageTest">
    <ignored/>
  </testcase> <!-- casualtyWardNoRadioBtnIsSelected -->
  <testcase name="oldBedPrefixNewBedSelectedEnterValidPostfix" time="0.0" classname="nic.ehospital.qa.testcases.ConfigurePointOfTreatmentPageTest">
    <ignored/>
  </testcase> <!-- oldBedPrefixNewBedSelectedEnterValidPostfix -->
  <testcase name="manageUnit_EditUnitBtnIsDisplayed" time="0.0" classname="nic.ehospital.qa.testcases.ConfigurePointOfTreatmentPageTest">
    <ignored/>
  </testcase> <!-- manageUnit_EditUnitBtnIsDisplayed -->
  <testcase name="enterWardNameAndGenderClickUpdateBtn" time="0.0" classname="nic.ehospital.qa.testcases.ConfigurePointOfTreatmentPageTest">
    <ignored/>
  </testcase> <!-- enterWardNameAndGenderClickUpdateBtn -->
  <testcase name="saveClinicBtnIsEnabled" time="0.0" classname="nic.ehospital.qa.testcases.ConfigurePointOfTreatmentPageTest">
    <ignored/>
  </testcase> <!-- saveClinicBtnIsEnabled -->
  <testcase name="updateClinicBtnIsEnabled" time="0.0" classname="nic.ehospital.qa.testcases.ConfigurePointOfTreatmentPageTest">
    <ignored/>
  </testcase> <!-- updateClinicBtnIsEnabled -->
  <testcase name="enteringInvalidDescription" time="0.0" classname="nic.ehospital.qa.testcases.ConfigurePointOfTreatmentPageTest">
    <ignored/>
  </testcase> <!-- enteringInvalidDescription -->
  <testcase name="outsideInvesDeptChkboxIsDisplayed" time="0.0" classname="nic.ehospital.qa.testcases.ConfigurePointOfTreatmentPageTest">
    <ignored/>
  </testcase> <!-- outsideInvesDeptChkboxIsDisplayed -->
  <testcase name="shiftTmingsFromTxtboxIsEnabled" time="0.0" classname="nic.ehospital.qa.testcases.ConfigurePointOfTreatmentPageTest">
    <ignored/>
  </testcase> <!-- shiftTmingsFromTxtboxIsEnabled -->
  <testcase name="shiftNameTxtboxIsEnabled" time="0.0" classname="nic.ehospital.qa.testcases.ConfigurePointOfTreatmentPageTest">
    <ignored/>
  </testcase> <!-- shiftNameTxtboxIsEnabled -->
  <testcase name="wardUnitMapping_EditBtnIsDisplayed" time="0.0" classname="nic.ehospital.qa.testcases.ConfigurePointOfTreatmentPageTest">
    <ignored/>
  </testcase> <!-- wardUnitMapping_EditBtnIsDisplayed -->
  <testcase name="addNewUnitIsEnabled" time="0.0" classname="nic.ehospital.qa.testcases.ConfigurePointOfTreatmentPageTest">
    <ignored/>
  </testcase> <!-- addNewUnitIsEnabled -->
  <testcase name="selectGenderDrpdwnIsDisplayed" time="0.0" classname="nic.ehospital.qa.testcases.ConfigurePointOfTreatmentPageTest">
    <ignored/>
  </testcase> <!-- selectGenderDrpdwnIsDisplayed -->
  <testcase name="enteringNoOfUnits" time="0.0" classname="nic.ehospital.qa.testcases.ConfigurePointOfTreatmentPageTest">
    <ignored/>
  </testcase> <!-- enteringNoOfUnits -->
  <testcase name="editClinicBtnIsEnabled" time="0.0" classname="nic.ehospital.qa.testcases.ConfigurePointOfTreatmentPageTest">
    <ignored/>
  </testcase> <!-- editClinicBtnIsEnabled -->
  <testcase name="saveBtnForBedIsDisplayed" time="0.0" classname="nic.ehospital.qa.testcases.ConfigurePointOfTreatmentPageTest">
    <ignored/>
  </testcase> <!-- saveBtnForBedIsDisplayed -->
  <testcase name="ConfigPointOfTrtment_ManageUserIsDisplayed" time="0.0" classname="nic.ehospital.qa.testcases.ConfigurePointOfTreatmentPageTest">
    <ignored/>
  </testcase> <!-- ConfigPointOfTrtment_ManageUserIsDisplayed -->
  <testcase name="manageUnit_EditUnitBtnIsEnabled" time="0.0" classname="nic.ehospital.qa.testcases.ConfigurePointOfTreatmentPageTest">
    <ignored/>
  </testcase> <!-- manageUnit_EditUnitBtnIsEnabled -->
  <testcase name="notACasualtyWardCheckboxIsSelected" time="0.0" classname="nic.ehospital.qa.testcases.ConfigurePointOfTreatmentPageTest">
    <ignored/>
  </testcase> <!-- notACasualtyWardCheckboxIsSelected -->
  <testcase name="AddNewDepartment_DepartmentDrpdwnIsEnabled" time="0.0" classname="nic.ehospital.qa.testcases.ConfigurePointOfTreatmentPageTest">
    <ignored/>
  </testcase> <!-- AddNewDepartment_DepartmentDrpdwnIsEnabled -->
  <testcase name="ipdDeptChkboxIsDisplayed" time="0.0" classname="nic.ehospital.qa.testcases.ConfigurePointOfTreatmentPageTest">
    <ignored/>
  </testcase> <!-- ipdDeptChkboxIsDisplayed -->
  <testcase name="clickEditBtnAndUpdateWithoutValues" time="0.0" classname="nic.ehospital.qa.testcases.ConfigurePointOfTreatmentPageTest">
    <ignored/>
  </testcase> <!-- clickEditBtnAndUpdateWithoutValues -->
  <testcase name="totalNoOfBedsAvailableTxtboxIsDisplayed" time="0.0" classname="nic.ehospital.qa.testcases.ConfigurePointOfTreatmentPageTest">
    <ignored/>
  </testcase> <!-- totalNoOfBedsAvailableTxtboxIsDisplayed -->
  <testcase name="RefreshBtnIsDisplayed" time="0.0" classname="nic.ehospital.qa.testcases.ConfigurePointOfTreatmentPageTest">
    <ignored/>
  </testcase> <!-- RefreshBtnIsDisplayed -->
  <testcase name="enterValidNoOfBed" time="0.0" classname="nic.ehospital.qa.testcases.ConfigurePointOfTreatmentPageTest">
    <ignored/>
  </testcase> <!-- enterValidNoOfBed -->
  <testcase name="manageShifts_AllFieldsBlank" time="0.0" classname="nic.ehospital.qa.testcases.ConfigurePointOfTreatmentPageTest">
    <ignored/>
  </testcase> <!-- manageShifts_AllFieldsBlank -->
  <testcase name="AddNewDepartment_NoOfUnitsTxBoxIsDisplayed" time="0.0" classname="nic.ehospital.qa.testcases.ConfigurePointOfTreatmentPageTest">
    <ignored/>
  </testcase> <!-- AddNewDepartment_NoOfUnitsTxBoxIsDisplayed -->
  <testcase name="deletesFirstMappingInTheRow" time="0.0" classname="nic.ehospital.qa.testcases.ConfigurePointOfTreatmentPageTest">
    <ignored/>
  </testcase> <!-- deletesFirstMappingInTheRow -->
  <testcase name="ManageUser_InitalsDrpdwnIsMultiple" time="0.0" classname="nic.ehospital.qa.testcases.ConfigurePointOfTreatmentPageTest">
    <ignored/>
  </testcase> <!-- ManageUser_InitalsDrpdwnIsMultiple -->
  <testcase name="selectingUnitNameOnlyAndClickUpdateBtn" time="0.0" classname="nic.ehospital.qa.testcases.ConfigurePointOfTreatmentPageTest">
    <ignored/>
  </testcase> <!-- selectingUnitNameOnlyAndClickUpdateBtn -->
  <testcase name="clinicTypeDrpdwnIsMultiple" time="0.0" classname="nic.ehospital.qa.testcases.ConfigurePointOfTreatmentPageTest">
    <ignored/>
  </testcase> <!-- clinicTypeDrpdwnIsMultiple -->
  <testcase name="bedAllocationMandatoryRadioBtnYesIsDisplayed" time="0.0" classname="nic.ehospital.qa.testcases.ConfigurePointOfTreatmentPageTest">
    <ignored/>
  </testcase> <!-- bedAllocationMandatoryRadioBtnYesIsDisplayed -->
  <testcase name="showConfigurationBtnIsDisplayed" time="0.0" classname="nic.ehospital.qa.testcases.ConfigurePointOfTreatmentPageTest">
    <ignored/>
  </testcase> <!-- showConfigurationBtnIsDisplayed -->
  <testcase name="manageDept_EditBtnIsDisplayed" time="0.0" classname="nic.ehospital.qa.testcases.ConfigurePointOfTreatmentPageTest">
    <ignored/>
  </testcase> <!-- manageDept_EditBtnIsDisplayed -->
  <testcase name="editDeptAllFieldsBlankClickSaveBtn" time="0.0" classname="nic.ehospital.qa.testcases.ConfigurePointOfTreatmentPageTest">
    <ignored/>
  </testcase> <!-- editDeptAllFieldsBlankClickSaveBtn -->
  <testcase name="enterValidClinicNameBlankDropdown" time="0.0" classname="nic.ehospital.qa.testcases.ConfigurePointOfTreatmentPageTest">
    <ignored/>
  </testcase> <!-- enterValidClinicNameBlankDropdown -->
  <testcase name="medicalDeptChkboxIsDisplayed" time="0.0" classname="nic.ehospital.qa.testcases.ConfigurePointOfTreatmentPageTest">
    <ignored/>
  </testcase> <!-- medicalDeptChkboxIsDisplayed -->
  <testcase name="bedAllocationMandatoryNoRadioBtnIsSelected" time="0.0" classname="nic.ehospital.qa.testcases.ConfigurePointOfTreatmentPageTest">
    <ignored/>
  </testcase> <!-- bedAllocationMandatoryNoRadioBtnIsSelected -->
  <testcase name="ManageUser_DesignatonDrpdwnIsMultiple" time="0.0" classname="nic.ehospital.qa.testcases.ConfigurePointOfTreatmentPageTest">
    <ignored/>
  </testcase> <!-- ManageUser_DesignatonDrpdwnIsMultiple -->
  <testcase name="editShifts_AllFieldsBlank" time="0.0" classname="nic.ehospital.qa.testcases.ConfigurePointOfTreatmentPageTest">
    <ignored/>
  </testcase> <!-- editShifts_AllFieldsBlank -->
  <testcase name="bedsToBeAddedTxtboxIsDisplayed" time="0.0" classname="nic.ehospital.qa.testcases.ConfigurePointOfTreatmentPageTest">
    <ignored/>
  </testcase> <!-- bedsToBeAddedTxtboxIsDisplayed -->
  <testcase name="icuIsolationWardDrpdwnIsDisplayed" time="0.0" classname="nic.ehospital.qa.testcases.ConfigurePointOfTreatmentPageTest">
    <ignored/>
  </testcase> <!-- icuIsolationWardDrpdwnIsDisplayed -->
  <testcase name="selectGenderDrpdwnIsEnabled" time="0.0" classname="nic.ehospital.qa.testcases.ConfigurePointOfTreatmentPageTest">
    <ignored/>
  </testcase> <!-- selectGenderDrpdwnIsEnabled -->
  <testcase name="manageDept_EditBtnIsEnabled" time="0.0" classname="nic.ehospital.qa.testcases.ConfigurePointOfTreatmentPageTest">
    <ignored/>
  </testcase> <!-- manageDept_EditBtnIsEnabled -->
  <testcase name="showConfigurationBtnIsEnabled" time="0.0" classname="nic.ehospital.qa.testcases.ConfigurePointOfTreatmentPageTest">
    <ignored/>
  </testcase> <!-- showConfigurationBtnIsEnabled -->
  <testcase name="enterValidShiftNameInvalidTimingSelectShiftTypeDrpdwn" time="0.0" classname="nic.ehospital.qa.testcases.ConfigurePointOfTreatmentPageTest">
    <ignored/>
  </testcase> <!-- enterValidShiftNameInvalidTimingSelectShiftTypeDrpdwn -->
  <testcase name="bedsToBeAddedTxtboxIsEnabled" time="0.0" classname="nic.ehospital.qa.testcases.ConfigurePointOfTreatmentPageTest">
    <ignored/>
  </testcase> <!-- bedsToBeAddedTxtboxIsEnabled -->
  <testcase name="AddNewDepartment_AddDepartmentIsDisplayed" time="0.0" classname="nic.ehospital.qa.testcases.ConfigurePointOfTreatmentPageTest">
    <ignored/>
  </testcase> <!-- AddNewDepartment_AddDepartmentIsDisplayed -->
  <testcase name="wardAbbreviationTxtboxIsEnabled" time="0.0" classname="nic.ehospital.qa.testcases.ConfigurePointOfTreatmentPageTest">
    <ignored/>
  </testcase> <!-- wardAbbreviationTxtboxIsEnabled -->
  <testcase name="onlyWardNameSelectedClickSaveBtn" time="0.0" classname="nic.ehospital.qa.testcases.ConfigurePointOfTreatmentPageTest">
    <ignored/>
  </testcase> <!-- onlyWardNameSelectedClickSaveBtn -->
  <testcase name="ManageUser_SelectInitialFstNameAndClickSaveBtn" time="0.0" classname="nic.ehospital.qa.testcases.ConfigurePointOfTreatmentPageTest">
    <ignored/>
  </testcase> <!-- ManageUser_SelectInitialFstNameAndClickSaveBtn -->
  <testcase name="ManageUser_InitalsDrpdwnIsDisplayed" time="0.0" classname="nic.ehospital.qa.testcases.ConfigurePointOfTreatmentPageTest">
    <ignored/>
  </testcase> <!-- ManageUser_InitalsDrpdwnIsDisplayed -->
  <testcase name="wardUnitMapping_WardNameDrpdwnIsDisplayed" time="0.0" classname="nic.ehospital.qa.testcases.ConfigurePointOfTreatmentPageTest">
    <ignored/>
  </testcase> <!-- wardUnitMapping_WardNameDrpdwnIsDisplayed -->
  <testcase name="enterInvalidWardAbbreviation" time="0.0" classname="nic.ehospital.qa.testcases.ConfigurePointOfTreatmentPageTest">
    <ignored/>
  </testcase> <!-- enterInvalidWardAbbreviation -->
  <testcase name="edit_ValidShiftNameAndFromTimeInvalidToTimeDrpdwnSelected" time="0.0" classname="nic.ehospital.qa.testcases.ConfigurePointOfTreatmentPageTest">
    <ignored/>
  </testcase> <!-- edit_ValidShiftNameAndFromTimeInvalidToTimeDrpdwnSelected -->
  <testcase name="ManageUser_SelectInitialFstLstNameDesigAndClickSaveBtn" time="0.0" classname="nic.ehospital.qa.testcases.ConfigurePointOfTreatmentPageTest">
    <ignored/>
  </testcase> <!-- ManageUser_SelectInitialFstLstNameDesigAndClickSaveBtn -->
  <testcase name="wardUnitMapping_UnitNameDrpdwnIsEnabled" time="0.0" classname="nic.ehospital.qa.testcases.ConfigurePointOfTreatmentPageTest">
    <ignored/>
  </testcase> <!-- wardUnitMapping_UnitNameDrpdwnIsEnabled -->
  <testcase name="selectBedAllocationMandatoryYes" time="0.0" classname="nic.ehospital.qa.testcases.ConfigurePointOfTreatmentPageTest">
    <ignored/>
  </testcase> <!-- selectBedAllocationMandatoryYes -->
  <testcase name="enterValidDescriptonAndUnitOnly" time="0.0" classname="nic.ehospital.qa.testcases.ConfigurePointOfTreatmentPageTest">
    <ignored/>
  </testcase> <!-- enterValidDescriptonAndUnitOnly -->
  <testcase name="EditBtnIsDisplayed" time="0.0" classname="nic.ehospital.qa.testcases.ConfigurePointOfTreatmentPageTest">
    <ignored/>
  </testcase> <!-- EditBtnIsDisplayed -->
  <testcase name="enterValidDescriptonOnly" time="0.0" classname="nic.ehospital.qa.testcases.ConfigurePointOfTreatmentPageTest">
    <ignored/>
  </testcase> <!-- enterValidDescriptonOnly -->
  <testcase name="ManageUser_SaveBtnIsDisplayed" time="0.0" classname="nic.ehospital.qa.testcases.ConfigurePointOfTreatmentPageTest">
    <ignored/>
  </testcase> <!-- ManageUser_SaveBtnIsDisplayed -->
  <testcase name="selectGenderDrpdwnIsMultiple" time="0.0" classname="nic.ehospital.qa.testcases.ConfigurePointOfTreatmentPageTest">
    <ignored/>
  </testcase> <!-- selectGenderDrpdwnIsMultiple -->
  <testcase name="selectOtherDepartment" time="0.0" classname="nic.ehospital.qa.testcases.ConfigurePointOfTreatmentPageTest">
    <ignored/>
  </testcase> <!-- selectOtherDepartment -->
  <testcase name="enterWardNameAndClickSaveBtn" time="0.0" classname="nic.ehospital.qa.testcases.ConfigurePointOfTreatmentPageTest">
    <ignored/>
  </testcase> <!-- enterWardNameAndClickSaveBtn -->
  <testcase name="selectOldBedNoToChngDrpdwnIsMultiple" time="0.0" classname="nic.ehospital.qa.testcases.ConfigurePointOfTreatmentPageTest">
    <ignored/>
  </testcase> <!-- selectOldBedNoToChngDrpdwnIsMultiple -->
  <testcase name="operationDeptChkboxIsDisplayed" time="0.0" classname="nic.ehospital.qa.testcases.ConfigurePointOfTreatmentPageTest">
    <ignored/>
  </testcase> <!-- operationDeptChkboxIsDisplayed -->
  <testcase name="enterDeptValidUnitNameAndClickSaveBtn" time="0.0" classname="nic.ehospital.qa.testcases.ConfigurePointOfTreatmentPageTest">
    <ignored/>
  </testcase> <!-- enterDeptValidUnitNameAndClickSaveBtn -->
  <testcase name="saveWardBtnIsDisplayed" time="0.0" classname="nic.ehospital.qa.testcases.ConfigurePointOfTreatmentPageTest">
    <ignored/>
  </testcase> <!-- saveWardBtnIsDisplayed -->
  <testcase name="editWard_EnterInvalidWardNameOnly" time="0.0" classname="nic.ehospital.qa.testcases.ConfigurePointOfTreatmentPageTest">
    <ignored/>
  </testcase> <!-- editWard_EnterInvalidWardNameOnly -->
  <testcase name="clinicNameTxtboxIsEnabled" time="0.0" classname="nic.ehospital.qa.testcases.ConfigurePointOfTreatmentPageTest">
    <ignored/>
  </testcase> <!-- clinicNameTxtboxIsEnabled -->
  <testcase name="wardUnitMapping_SaveBtnIsDisplayed" time="0.0" classname="nic.ehospital.qa.testcases.ConfigurePointOfTreatmentPageTest">
    <ignored/>
  </testcase> <!-- wardUnitMapping_SaveBtnIsDisplayed -->
  <testcase name="edit_AllFieldsBlankClickingUpdateBtn" time="0.0" classname="nic.ehospital.qa.testcases.ConfigurePointOfTreatmentPageTest">
    <ignored/>
  </testcase> <!-- edit_AllFieldsBlankClickingUpdateBtn -->
  <testcase name="icuIsolationWardDrpdwnIsMultiple" time="0.0" classname="nic.ehospital.qa.testcases.ConfigurePointOfTreatmentPageTest">
    <ignored/>
  </testcase> <!-- icuIsolationWardDrpdwnIsMultiple -->
  <testcase name="wardUnitMapping_DeleteBtnIsEnabled" time="0.0" classname="nic.ehospital.qa.testcases.ConfigurePointOfTreatmentPageTest">
    <ignored/>
  </testcase> <!-- wardUnitMapping_DeleteBtnIsEnabled -->
  <testcase name="editIcuWardListBtnIsDisplayed" time="0.0" classname="nic.ehospital.qa.testcases.ConfigurePointOfTreatmentPageTest">
    <ignored/>
  </testcase> <!-- editIcuWardListBtnIsDisplayed -->
  <testcase name="labDeptChkboxIsDisplayed" time="0.0" classname="nic.ehospital.qa.testcases.ConfigurePointOfTreatmentPageTest">
    <ignored/>
  </testcase> <!-- labDeptChkboxIsDisplayed -->
  <testcase name="editIsolationWardListBtnIsDisplayed" time="0.0" classname="nic.ehospital.qa.testcases.ConfigurePointOfTreatmentPageTest">
    <ignored/>
  </testcase> <!-- editIsolationWardListBtnIsDisplayed -->
  <testcase name="selectOldBedNoToChngDrpdwnIsEnabled" time="0.0" classname="nic.ehospital.qa.testcases.ConfigurePointOfTreatmentPageTest">
    <ignored/>
  </testcase> <!-- selectOldBedNoToChngDrpdwnIsEnabled -->
  <testcase name="ManageUser_ValidUptoBtnIsEnabled" time="0.0" classname="nic.ehospital.qa.testcases.ConfigurePointOfTreatmentPageTest">
    <ignored/>
  </testcase> <!-- ManageUser_ValidUptoBtnIsEnabled -->
  <testcase name="AddNewDepartment_NoOfUnitsTxBoxIsEnabled" time="0.0" classname="nic.ehospital.qa.testcases.ConfigurePointOfTreatmentPageTest">
    <ignored/>
  </testcase> <!-- AddNewDepartment_NoOfUnitsTxBoxIsEnabled -->
  <testcase name="ManageUser_LastNameTxBoxIsEnabled" time="0.0" classname="nic.ehospital.qa.testcases.ConfigurePointOfTreatmentPageTest">
    <ignored/>
  </testcase> <!-- ManageUser_LastNameTxBoxIsEnabled -->
  <testcase name="icuIsolationWardDrpdwnIsEnabled" time="0.0" classname="nic.ehospital.qa.testcases.ConfigurePointOfTreatmentPageTest">
    <ignored/>
  </testcase> <!-- icuIsolationWardDrpdwnIsEnabled -->
  <testcase name="ManageUser_ClickTodayBtnFromCalndr" time="0.0" classname="nic.ehospital.qa.testcases.ConfigurePointOfTreatmentPageTest">
    <ignored/>
  </testcase> <!-- ManageUser_ClickTodayBtnFromCalndr -->
  <testcase name="ManageUser_EmailTxBoxIsEnabled" time="0.0" classname="nic.ehospital.qa.testcases.ConfigurePointOfTreatmentPageTest">
    <ignored/>
  </testcase> <!-- ManageUser_EmailTxBoxIsEnabled -->
  <testcase name="ManageUser_FirstNameTxBoxIsEnabled" time="0.0" classname="nic.ehospital.qa.testcases.ConfigurePointOfTreatmentPageTest">
    <ignored/>
  </testcase> <!-- ManageUser_FirstNameTxBoxIsEnabled -->
  <testcase name="shiftsUpdateBtnIsDisplayed" time="0.0" classname="nic.ehospital.qa.testcases.ConfigurePointOfTreatmentPageTest">
    <ignored/>
  </testcase> <!-- shiftsUpdateBtnIsDisplayed -->
  <testcase name="edit_EnterValidShiftNameInvalidTimingSelectShiftTypeDrpdwn" time="0.0" classname="nic.ehospital.qa.testcases.ConfigurePointOfTreatmentPageTest">
    <ignored/>
  </testcase> <!-- edit_EnterValidShiftNameInvalidTimingSelectShiftTypeDrpdwn -->
  <testcase name="closeBedListBtnIsDisplayed" time="0.0" classname="nic.ehospital.qa.testcases.ConfigurePointOfTreatmentPageTest">
    <ignored/>
  </testcase> <!-- closeBedListBtnIsDisplayed -->
  <testcase name="enterValidClinicNameAndDropdown" time="0.0" classname="nic.ehospital.qa.testcases.ConfigurePointOfTreatmentPageTest">
    <ignored/>
  </testcase> <!-- enterValidClinicNameAndDropdown -->
  <testcase name="edit_blankClinicNameTypeSelected" time="0.0" classname="nic.ehospital.qa.testcases.ConfigurePointOfTreatmentPageTest">
    <ignored/>
  </testcase> <!-- edit_blankClinicNameTypeSelected -->
</testsuite> <!-- TestCPOT -->
