<?xml version="1.0" encoding="UTF-8"?>
<!-- Generated by org.testng.reporters.JUnitXMLReporter -->
<testsuite hostname="DESKTOP-AUDKBLK" ignored="20" name="TestEditIncome" tests="3" failures="0" timestamp="08 Jan 2021 11:20:10 GMT" time="31.489" errors="0">
  <testcase name="editIncomeLinkIsDisplayed" time="2.034" classname="nic.ehospital.qa.testcases.EditIncomeTest"/>
  <testcase name="editIncomeLinkIsEnabled" time="4.312" classname="nic.ehospital.qa.testcases.EditIncomeTest"/>
  <testcase name="updateBillingTypeInOneGo" time="25.142" classname="nic.ehospital.qa.testcases.EditIncomeTest"/>
  <testcase name="enterValidRemarksAndChngBillingType" time="0.0" classname="nic.ehospital.qa.testcases.EditIncomeTest">
    <ignored/>
  </testcase> <!-- enterValidRemarksAndChngBillingType -->
  <testcase name="enterUhidTxtboxIsDisplayed" time="0.0" classname="nic.ehospital.qa.testcases.EditIncomeTest">
    <ignored/>
  </testcase> <!-- enterUhidTxtboxIsDisplayed -->
  <testcase name="remarksTxtboxIsEnabled" time="0.0" classname="nic.ehospital.qa.testcases.EditIncomeTest">
    <ignored/>
  </testcase> <!-- remarksTxtboxIsEnabled -->
  <testcase name="verifiedByDrpdwnIsEnabled" time="0.0" classname="nic.ehospital.qa.testcases.EditIncomeTest">
    <ignored/>
  </testcase> <!-- verifiedByDrpdwnIsEnabled -->
  <testcase name="enterUhidToFetchBillingType" time="0.0" classname="nic.ehospital.qa.testcases.EditIncomeTest">
    <ignored/>
  </testcase> <!-- enterUhidToFetchBillingType -->
  <testcase name="updateBtnIsDisplayed" time="0.0" classname="nic.ehospital.qa.testcases.EditIncomeTest">
    <ignored/>
  </testcase> <!-- updateBtnIsDisplayed -->
  <testcase name="searchBtnIsEnabled" time="0.0" classname="nic.ehospital.qa.testcases.EditIncomeTest">
    <ignored/>
  </testcase> <!-- searchBtnIsEnabled -->
  <testcase name="verifiedByDrpdwnIsDisplayed" time="0.0" classname="nic.ehospital.qa.testcases.EditIncomeTest">
    <ignored/>
  </testcase> <!-- verifiedByDrpdwnIsDisplayed -->
  <testcase name="enterUhidTxtboxIsEnabled" time="0.0" classname="nic.ehospital.qa.testcases.EditIncomeTest">
    <ignored/>
  </testcase> <!-- enterUhidTxtboxIsEnabled -->
  <testcase name="enterInvalidRemarksandClickUpdtBtn" time="0.0" classname="nic.ehospital.qa.testcases.EditIncomeTest">
    <ignored/>
  </testcase> <!-- enterInvalidRemarksandClickUpdtBtn -->
  <testcase name="cardNoTxtboxIsEnabled" time="0.0" classname="nic.ehospital.qa.testcases.EditIncomeTest">
    <ignored/>
  </testcase> <!-- cardNoTxtboxIsEnabled -->
  <testcase name="newBillingTypeDrpdwnIsMultiple" time="0.0" classname="nic.ehospital.qa.testcases.EditIncomeTest">
    <ignored/>
  </testcase> <!-- newBillingTypeDrpdwnIsMultiple -->
  <testcase name="cardNoTxtboxIsDisplayed" time="0.0" classname="nic.ehospital.qa.testcases.EditIncomeTest">
    <ignored/>
  </testcase> <!-- cardNoTxtboxIsDisplayed -->
  <testcase name="updateBtnIsEnabled" time="0.0" classname="nic.ehospital.qa.testcases.EditIncomeTest">
    <ignored/>
  </testcase> <!-- updateBtnIsEnabled -->
  <testcase name="selectVerifiedByandCardNo" time="0.0" classname="nic.ehospital.qa.testcases.EditIncomeTest">
    <ignored/>
  </testcase> <!-- selectVerifiedByandCardNo -->
  <testcase name="newBillingTypeDrpdwnIsDisplayed" time="0.0" classname="nic.ehospital.qa.testcases.EditIncomeTest">
    <ignored/>
  </testcase> <!-- newBillingTypeDrpdwnIsDisplayed -->
  <testcase name="remarksTxtboxIsDisplayed" time="0.0" classname="nic.ehospital.qa.testcases.EditIncomeTest">
    <ignored/>
  </testcase> <!-- remarksTxtboxIsDisplayed -->
  <testcase name="searchBtnIsDisplayed" time="0.0" classname="nic.ehospital.qa.testcases.EditIncomeTest">
    <ignored/>
  </testcase> <!-- searchBtnIsDisplayed -->
  <testcase name="newBillingTypeDrpdwnIsEnabled" time="0.0" classname="nic.ehospital.qa.testcases.EditIncomeTest">
    <ignored/>
  </testcase> <!-- newBillingTypeDrpdwnIsEnabled -->
  <testcase name="verifiedByDrpdwnIsMultiple" time="0.0" classname="nic.ehospital.qa.testcases.EditIncomeTest">
    <ignored/>
  </testcase> <!-- verifiedByDrpdwnIsMultiple -->
</testsuite> <!-- TestEditIncome -->
