<?xml version="1.0" encoding="UTF-8"?>
<!-- Generated by org.testng.reporters.JUnitXMLReporter -->
<testsuite hostname="DESKTOP-AUDKBLK" ignored="0" name="TestHCR" tests="2" failures="0" timestamp="08 Jan 2021 11:16:09 GMT" time="14.028" errors="0">
  <testcase name="hospitalConfigurationReportLinkIsDisplayed" time="2.039" classname="nic.ehospital.qa.testcases.HospitalConfigurationReportTest"/>
  <testcase name="hospitalConfigurationReportLinkIsEnabled" time="11.987" classname="nic.ehospital.qa.testcases.HospitalConfigurationReportTest"/>
</testsuite> <!-- TestHCR -->
