<?xml version="1.0" encoding="UTF-8"?>
<!-- Generated by org.testng.reporters.JUnitXMLReporter -->
<testsuite hostname="Sonali" name="TestUserAdmin" tests="2" failures="0" timestamp="17 Oct 2020 07:54:15 GMT" time="6.59" errors="0">
  <testcase name="userAdministrationLinkIsDisplayed" time="2.905" classname="nic.ehospital.qa.testcases.UserAdministrationTest"/>
  <testcase name="userAdministrationLinkIsEnabled" time="3.68" classname="nic.ehospital.qa.testcases.UserAdministrationTest"/>
</testsuite> <!-- TestUserAdmin -->
