<?xml version="1.0" encoding="UTF-8"?>
<!-- Generated by org.testng.reporters.JUnitXMLReporter -->
<testsuite hostname="DESKTOP-AUDKBLK" ignored="45" name="TesUpdatePatientData" tests="5" failures="0" timestamp="08 Jan 2021 11:19:38 GMT" time="71.063" errors="0">
  <testcase name="patientDataAdministrationLinkIsDisplayed" time="2.173" classname="nic.ehospital.qa.testcases.UpdatePatientDataTest"/>
  <testcase name="patientDataAdministrationLinkIsEnabled" time="2.457" classname="nic.ehospital.qa.testcases.UpdatePatientDataTest"/>
  <testcase name="updatePatientDataLinkIsDisplayed" time="2.016" classname="nic.ehospital.qa.testcases.UpdatePatientDataTest"/>
  <testcase name="updatePatientDataLinkIsEnabled" time="6.261" classname="nic.ehospital.qa.testcases.UpdatePatientDataTest"/>
  <testcase name="updatePatDetailsInOneGo" time="58.155" classname="nic.ehospital.qa.testcases.UpdatePatientDataTest"/>
  <testcase name="mobileNoTxtboxIsDisplayed" time="0.0" classname="nic.ehospital.qa.testcases.UpdatePatientDataTest">
    <ignored/>
  </testcase> <!-- mobileNoTxtboxIsDisplayed -->
  <testcase name="updatePatientDetailsBtnIsDisplayed" time="0.0" classname="nic.ehospital.qa.testcases.UpdatePatientDataTest">
    <ignored/>
  </testcase> <!-- updatePatientDetailsBtnIsDisplayed -->
  <testcase name="ageInYrsTxtboxIsDisplayed" time="0.0" classname="nic.ehospital.qa.testcases.UpdatePatientDataTest">
    <ignored/>
  </testcase> <!-- ageInYrsTxtboxIsDisplayed -->
  <testcase name="initialsDrpdwnIsDisplayed" time="0.0" classname="nic.ehospital.qa.testcases.UpdatePatientDataTest">
    <ignored/>
  </testcase> <!-- initialsDrpdwnIsDisplayed -->
  <testcase name="ageInMonthTxtboxIsDisplayed" time="0.0" classname="nic.ehospital.qa.testcases.UpdatePatientDataTest">
    <ignored/>
  </testcase> <!-- ageInMonthTxtboxIsDisplayed -->
  <testcase name="mlcDrpdwnIsDisplayed" time="0.0" classname="nic.ehospital.qa.testcases.UpdatePatientDataTest">
    <ignored/>
  </testcase> <!-- mlcDrpdwnIsDisplayed -->
  <testcase name="addressLine2TxtboxIsDisplayed" time="0.0" classname="nic.ehospital.qa.testcases.UpdatePatientDataTest">
    <ignored/>
  </testcase> <!-- addressLine2TxtboxIsDisplayed -->
  <testcase name="lastNameTxtboxIsDisplayed" time="0.0" classname="nic.ehospital.qa.testcases.UpdatePatientDataTest">
    <ignored/>
  </testcase> <!-- lastNameTxtboxIsDisplayed -->
  <testcase name="ageInDaysTxtboxIsDisplayed" time="0.0" classname="nic.ehospital.qa.testcases.UpdatePatientDataTest">
    <ignored/>
  </testcase> <!-- ageInDaysTxtboxIsDisplayed -->
  <testcase name="ageInYrsTxtboxIsEnabled" time="0.0" classname="nic.ehospital.qa.testcases.UpdatePatientDataTest">
    <ignored/>
  </testcase> <!-- ageInYrsTxtboxIsEnabled -->
  <testcase name="fathersNameTxtboxIsEnabled" time="0.0" classname="nic.ehospital.qa.testcases.UpdatePatientDataTest">
    <ignored/>
  </testcase> <!-- fathersNameTxtboxIsEnabled -->
  <testcase name="enterAgeInYrsOnly" time="0.0" classname="nic.ehospital.qa.testcases.UpdatePatientDataTest">
    <ignored/>
  </testcase> <!-- enterAgeInYrsOnly -->
  <testcase name="firstNameTxtboxIsEnabled" time="0.0" classname="nic.ehospital.qa.testcases.UpdatePatientDataTest">
    <ignored/>
  </testcase> <!-- firstNameTxtboxIsEnabled -->
  <testcase name="registratinNoTxtboxIsDisplayed" time="0.0" classname="nic.ehospital.qa.testcases.UpdatePatientDataTest">
    <ignored/>
  </testcase> <!-- registratinNoTxtboxIsDisplayed -->
  <testcase name="enterValidFirstName" time="0.0" classname="nic.ehospital.qa.testcases.UpdatePatientDataTest">
    <ignored/>
  </testcase> <!-- enterValidFirstName -->
  <testcase name="initialsDrpdwnIsEnabled" time="0.0" classname="nic.ehospital.qa.testcases.UpdatePatientDataTest">
    <ignored/>
  </testcase> <!-- initialsDrpdwnIsEnabled -->
  <testcase name="enterValidAddLine1AndInvalidAddLine2" time="0.0" classname="nic.ehospital.qa.testcases.UpdatePatientDataTest">
    <ignored/>
  </testcase> <!-- enterValidAddLine1AndInvalidAddLine2 -->
  <testcase name="registratinNoTxtboxIsEnabled" time="0.0" classname="nic.ehospital.qa.testcases.UpdatePatientDataTest">
    <ignored/>
  </testcase> <!-- registratinNoTxtboxIsEnabled -->
  <testcase name="enterInvalidFstMiddleLastName" time="0.0" classname="nic.ehospital.qa.testcases.UpdatePatientDataTest">
    <ignored/>
  </testcase> <!-- enterInvalidFstMiddleLastName -->
  <testcase name="addressLine1TxtboxIsDisplayed" time="0.0" classname="nic.ehospital.qa.testcases.UpdatePatientDataTest">
    <ignored/>
  </testcase> <!-- addressLine1TxtboxIsDisplayed -->
  <testcase name="enterFatherNameAndMobile" time="0.0" classname="nic.ehospital.qa.testcases.UpdatePatientDataTest">
    <ignored/>
  </testcase> <!-- enterFatherNameAndMobile -->
  <testcase name="enterUhidToReflectUpdatePatDetailsBtn" time="0.0" classname="nic.ehospital.qa.testcases.UpdatePatientDataTest">
    <ignored/>
  </testcase> <!-- enterUhidToReflectUpdatePatDetailsBtn -->
  <testcase name="ageInMonthTxtboxIsEnabled" time="0.0" classname="nic.ehospital.qa.testcases.UpdatePatientDataTest">
    <ignored/>
  </testcase> <!-- ageInMonthTxtboxIsEnabled -->
  <testcase name="searchPatientBtnIsEnabled" time="0.0" classname="nic.ehospital.qa.testcases.UpdatePatientDataTest">
    <ignored/>
  </testcase> <!-- searchPatientBtnIsEnabled -->
  <testcase name="enterInvalidAddLine1" time="0.0" classname="nic.ehospital.qa.testcases.UpdatePatientDataTest">
    <ignored/>
  </testcase> <!-- enterInvalidAddLine1 -->
  <testcase name="addressLine2TxtboxIsEnabled" time="0.0" classname="nic.ehospital.qa.testcases.UpdatePatientDataTest">
    <ignored/>
  </testcase> <!-- addressLine2TxtboxIsEnabled -->
  <testcase name="enterValidLastName" time="0.0" classname="nic.ehospital.qa.testcases.UpdatePatientDataTest">
    <ignored/>
  </testcase> <!-- enterValidLastName -->
  <testcase name="enterValidAddLine1AndAddLine2" time="0.0" classname="nic.ehospital.qa.testcases.UpdatePatientDataTest">
    <ignored/>
  </testcase> <!-- enterValidAddLine1AndAddLine2 -->
  <testcase name="mlcDrpdwnIsMultiple" time="0.0" classname="nic.ehospital.qa.testcases.UpdatePatientDataTest">
    <ignored/>
  </testcase> <!-- mlcDrpdwnIsMultiple -->
  <testcase name="middleNameTxtboxIsDisplayed" time="0.0" classname="nic.ehospital.qa.testcases.UpdatePatientDataTest">
    <ignored/>
  </testcase> <!-- middleNameTxtboxIsDisplayed -->
  <testcase name="mlcDrpdwnIsEnabled" time="0.0" classname="nic.ehospital.qa.testcases.UpdatePatientDataTest">
    <ignored/>
  </testcase> <!-- mlcDrpdwnIsEnabled -->
  <testcase name="middleNameTxtboxIsEnabled" time="0.0" classname="nic.ehospital.qa.testcases.UpdatePatientDataTest">
    <ignored/>
  </testcase> <!-- middleNameTxtboxIsEnabled -->
  <testcase name="addressLine1TxtboxIsEnabled" time="0.0" classname="nic.ehospital.qa.testcases.UpdatePatientDataTest">
    <ignored/>
  </testcase> <!-- addressLine1TxtboxIsEnabled -->
  <testcase name="searchPatientBtnIsDisplayed" time="0.0" classname="nic.ehospital.qa.testcases.UpdatePatientDataTest">
    <ignored/>
  </testcase> <!-- searchPatientBtnIsDisplayed -->
  <testcase name="mobileNoTxtboxIsEnabled" time="0.0" classname="nic.ehospital.qa.testcases.UpdatePatientDataTest">
    <ignored/>
  </testcase> <!-- mobileNoTxtboxIsEnabled -->
  <testcase name="firstNameTxtboxIsDisplayed" time="0.0" classname="nic.ehospital.qa.testcases.UpdatePatientDataTest">
    <ignored/>
  </testcase> <!-- firstNameTxtboxIsDisplayed -->
  <testcase name="ageInDaysTxtboxIsEnabled" time="0.0" classname="nic.ehospital.qa.testcases.UpdatePatientDataTest">
    <ignored/>
  </testcase> <!-- ageInDaysTxtboxIsEnabled -->
  <testcase name="lastNameTxtboxIsEnabled" time="0.0" classname="nic.ehospital.qa.testcases.UpdatePatientDataTest">
    <ignored/>
  </testcase> <!-- lastNameTxtboxIsEnabled -->
  <testcase name="updatePatientDetailsBtnIsEnabled" time="0.0" classname="nic.ehospital.qa.testcases.UpdatePatientDataTest">
    <ignored/>
  </testcase> <!-- updatePatientDetailsBtnIsEnabled -->
  <testcase name="enterAgeInMonths" time="0.0" classname="nic.ehospital.qa.testcases.UpdatePatientDataTest">
    <ignored/>
  </testcase> <!-- enterAgeInMonths -->
  <testcase name="enterAgeInDays" time="0.0" classname="nic.ehospital.qa.testcases.UpdatePatientDataTest">
    <ignored/>
  </testcase> <!-- enterAgeInDays -->
  <testcase name="clearAllMandatoryFieldsThenClickUpdatePatientDetailsBtn" time="0.0" classname="nic.ehospital.qa.testcases.UpdatePatientDataTest">
    <ignored/>
  </testcase> <!-- clearAllMandatoryFieldsThenClickUpdatePatientDetailsBtn -->
  <testcase name="enterValidMiddleName" time="0.0" classname="nic.ehospital.qa.testcases.UpdatePatientDataTest">
    <ignored/>
  </testcase> <!-- enterValidMiddleName -->
  <testcase name="initialsDrpdwnIsMultiple" time="0.0" classname="nic.ehospital.qa.testcases.UpdatePatientDataTest">
    <ignored/>
  </testcase> <!-- initialsDrpdwnIsMultiple -->
  <testcase name="fathersNameTxtboxIsDisplayed" time="0.0" classname="nic.ehospital.qa.testcases.UpdatePatientDataTest">
    <ignored/>
  </testcase> <!-- fathersNameTxtboxIsDisplayed -->
</testsuite> <!-- TesUpdatePatientData -->
