<?xml version="1.0" encoding="UTF-8"?>
<testng-results skipped="0" failed="14" ignored="216" total="428" passed="198">
  <reporter-output>
    <line>
      <![CDATA[framework execution starts at Thu Dec 03 09:53:04 IST 2020]]>
    </line>
    <line>
      <![CDATA[validloginscript execution starts atThu Dec 03 09:53:04 IST 2020]]>
    </line>
    <line>
      <![CDATA[firefox launched]]>
    </line>
    <line>
      <![CDATA[Home-Decks Page is Verified]]>
    </line>
    <line>
      <![CDATA[validloginscript   is passed]]>
    </line>
    <line>
      <![CDATA[Suite Execution ends:Thu Dec 03 09:54:13 IST 2020]]>
    </line>
    <line>
      <![CDATA[Total scripts executed:1]]>
    </line>
    <line>
      <![CDATA[Total scripts passed1]]>
    </line>
    <line>
      <![CDATA[Total scripts failed0]]>
    </line>
    <line>
      <![CDATA[Total scripts skipped0]]>
    </line>
    <line>
      <![CDATA[framework execution starts at Thu Dec 03 09:54:13 IST 2020]]>
    </line>
    <line>
      <![CDATA[Adminlinkdisplayedscript execution starts atThu Dec 03 09:54:13 IST 2020]]>
    </line>
    <line>
      <![CDATA[Adminlinkdisplayedscript   is passed]]>
    </line>
    <line>
      <![CDATA[ClickonAdminmoduleandcheckenabledscript execution starts atThu Dec 03 09:54:29 IST 2020]]>
    </line>
    <line>
      <![CDATA[ClickonAdminmoduleandcheckenabledscript   is passed]]>
    </line>
    <line>
      <![CDATA[configurelinkdisplayedscript execution starts atThu Dec 03 09:54:31 IST 2020]]>
    </line>
    <line>
      <![CDATA[configurelinkdisplayedscript   is passed]]>
    </line>
    <line>
      <![CDATA[clickonconfiglinkandcheckenabledscript execution starts atThu Dec 03 09:54:32 IST 2020]]>
    </line>
    <line>
      <![CDATA[clickonconfiglinkandcheckenabledscript   is passed]]>
    </line>
    <line>
      <![CDATA[configureOPDRegisterlinkisdisplayedscript execution starts atThu Dec 03 09:54:34 IST 2020]]>
    </line>
    <line>
      <![CDATA[configureOPDRegisterlinkisdisplayedscript   is passed]]>
    </line>
    <line>
      <![CDATA[clickonconfigureOPDRegisterlinkandcheckenabledscript execution starts atThu Dec 03 09:54:34 IST 2020]]>
    </line>
    <line>
      <![CDATA[clickonconfigureOPDRegisterlinkandcheckenabledscript   is passed]]>
    </line>
    <line>
      <![CDATA[ValidateCONFIGUREREGISTRATIONTEMPLATETabisenabledscript execution starts atThu Dec 03 09:54:36 IST 2020]]>
    </line>
    <line>
      <![CDATA[ValidateCONFIGUREREGISTRATIONTEMPLATETabisenabledscript   is passed]]>
    </line>
    <line>
      <![CDATA[NDMCTemplateCheckBoxisenabledscript execution starts atThu Dec 03 09:54:47 IST 2020]]>
    </line>
    <line>
      <![CDATA[NDMCTemplateCheckBoxisenabledscript   is passed]]>
    </line>
    <line>
      <![CDATA[Updatebuttonisenabledscript execution starts atThu Dec 03 09:54:54 IST 2020]]>
    </line>
    <line>
      <![CDATA[Updatebuttonisenabledscript   is passed]]>
    </line>
    <line>
      <![CDATA[CONFIGUREOPDREGISTRATIONSLIPtabisdisplayedscript execution starts atThu Dec 03 09:55:02 IST 2020]]>
    </line>
    <line>
      <![CDATA[CONFIGUREOPDREGISTRATIONSLIPtabisdisplayedscript   is passed]]>
    </line>
    <line>
      <![CDATA[clickonCONFIGUREOPDREGISTRATIONSLIPtabandcheckisenabledscript execution starts atThu Dec 03 09:55:02 IST 2020]]>
    </line>
    <line>
      <![CDATA[clickonCONFIGUREOPDREGISTRATIONSLIPtabandcheckisenabledscript   is passed]]>
    </line>
    <line>
      <![CDATA[SelectOPDCardTemplateimageisdisplayedscript execution starts atThu Dec 03 09:55:05 IST 2020]]>
    </line>
    <line>
      <![CDATA[SelectOPDCardTemplateimageisdisplayedscript   is passed]]>
    </line>
    <line>
      <![CDATA[clickonSelectOPDCardTemplateimageandcheckisenabledscript execution starts atThu Dec 03 09:55:05 IST 2020]]>
    </line>
    <line>
      <![CDATA[clickonSelectOPDCardTemplateimageandcheckisenabledscript   is passed]]>
    </line>
    <line>
      <![CDATA[clickonleftbuttontoselectslipandcheckenabledscript execution starts atThu Dec 03 09:55:07 IST 2020]]>
    </line>
    <line>
      <![CDATA[clickonleftbuttontoselectslipandcheckenabledscript   is passed]]>
    </line>
    <line>
      <![CDATA[Selecttemplate5script execution starts atThu Dec 03 09:55:10 IST 2020]]>
    </line>
    <line>
      <![CDATA[Selecttemplate5script   is passed]]>
    </line>
    <line>
      <![CDATA[clickonsavebuttonandcheckenabledscript execution starts atThu Dec 03 09:55:16 IST 2020]]>
    </line>
    <line>
      <![CDATA[clickonsavebuttonandcheckenabledscript   is passed]]>
    </line>
    <line>
      <![CDATA[logoutscript execution starts atThu Dec 03 09:55:20 IST 2020]]>
    </line>
    <line>
      <![CDATA[logoutscript   is passed]]>
    </line>
    <line>
      <![CDATA[Suite Execution ends:Thu Dec 03 09:55:34 IST 2020]]>
    </line>
    <line>
      <![CDATA[Total scripts executed:18]]>
    </line>
    <line>
      <![CDATA[Total scripts passed18]]>
    </line>
    <line>
      <![CDATA[Total scripts failed0]]>
    </line>
    <line>
      <![CDATA[Total scripts skipped0]]>
    </line>
    <line>
      <![CDATA[framework execution starts at Thu Dec 03 09:55:34 IST 2020]]>
    </line>
    <line>
      <![CDATA[Patientregistrationlinkisdisplayedscript execution starts atThu Dec 03 09:55:34 IST 2020]]>
    </line>
    <line>
      <![CDATA[Patientregistrationlinkisdisplayedscript   is passed]]>
    </line>
    <line>
      <![CDATA[clickonlinkandPatientregistrationlinkandisenabledscript execution starts atThu Dec 03 09:55:48 IST 2020]]>
    </line>
    <line>
      <![CDATA[clickonlinkandPatientregistrationlinkandisenabledscript   is passed]]>
    </line>
    <line>
      <![CDATA[NewRegistrationlinkisdisplayedscript execution starts atThu Dec 03 09:55:53 IST 2020]]>
    </line>
    <line>
      <![CDATA[NewRegistrationlinkisdisplayedscript   is passed]]>
    </line>
    <line>
      <![CDATA[clickonnewregistrationlinkandisenabledscript execution starts atThu Dec 03 09:55:53 IST 2020]]>
    </line>
    <line>
      <![CDATA[clickonnewregistrationlinkandisenabledscript   is passed]]>
    </line>
    <line>
      <![CDATA[skipbuttonisdispalyedscript execution starts atThu Dec 03 09:55:55 IST 2020]]>
    </line>
    <line>
      <![CDATA[skipbuttonisdispalyedscript   is passed]]>
    </line>
    <line>
      <![CDATA[clickonskipbuttonandisenabledscript execution starts atThu Dec 03 09:55:57 IST 2020]]>
    </line>
    <line>
      <![CDATA[clickonskipbuttonandisenabledscript   is passed]]>
    </line>
    <line>
      <![CDATA[GenerateUHIDandPasteintoexcelsheetscript execution starts atThu Dec 03 09:55:59 IST 2020]]>
    </line>
    <line>
      <![CDATA[GenerateUHIDandPasteintoexcelsheetscript   is passed]]>
    </line>
    <line>
      <![CDATA[logoutscript execution starts atThu Dec 03 09:59:41 IST 2020]]>
    </line>
    <line>
      <![CDATA[logoutscript   is passed]]>
    </line>
    <line>
      <![CDATA[Suite Execution ends:Thu Dec 03 09:59:55 IST 2020]]>
    </line>
    <line>
      <![CDATA[Total scripts executed:26]]>
    </line>
    <line>
      <![CDATA[Total scripts passed26]]>
    </line>
    <line>
      <![CDATA[Total scripts failed0]]>
    </line>
    <line>
      <![CDATA[Total scripts skipped0]]>
    </line>
    <line>
      <![CDATA[framework execution starts at Thu Dec 03 09:59:55 IST 2020]]>
    </line>
    <line>
      <![CDATA[BillingModuleisdisplayedscript execution starts atThu Dec 03 09:59:55 IST 2020]]>
    </line>
    <line>
      <![CDATA[BillingModuleisdisplayedscript   is passed]]>
    </line>
    <line>
      <![CDATA[BillingModuleisenabledandClickablescript execution starts atThu Dec 03 10:00:07 IST 2020]]>
    </line>
    <line>
      <![CDATA[BillingModuleisenabledandClickablescript   is passed]]>
    </line>
    <line>
      <![CDATA[BillingCounterisEnabledandClickablescript execution starts atThu Dec 03 10:00:12 IST 2020]]>
    </line>
    <line>
      <![CDATA[BillingCounterisEnabledandClickablescript   is passed]]>
    </line>
    <line>
      <![CDATA[PreparationOfReceiptslinkisEnabledandClickablescript execution starts atThu Dec 03 10:00:16 IST 2020]]>
    </line>
    <line>
      <![CDATA[PreparationOfReceiptslinkisEnabledandClickablescript   is passed]]>
    </line>
    <line>
      <![CDATA[PatientWithUHIDRadioButtonisEnabledandClickablescript execution starts atThu Dec 03 10:00:24 IST 2020]]>
    </line>
    <line>
      <![CDATA[PatientWithUHIDRadioButtonisEnabledandClickablescript   is passed]]>
    </line>
    <line>
      <![CDATA[SearchFilterOfPatientWithUHIDDropdownisEnabledandSelectvaluescript execution starts atThu Dec 03 10:00:29 IST 2020]]>
    </line>
    <line>
      <![CDATA[SearchFilterOfPatientWithUHIDDropdownisEnabledandSelectvaluescript   is passed]]>
    </line>
    <line>
      <![CDATA[SearchbuttonisEnabledandClickablescript execution starts atThu Dec 03 10:00:33 IST 2020]]>
    </line>
    <line>
      <![CDATA[SearchbuttonisEnabledandClickablescript   is passed]]>
    </line>
    <line>
      <![CDATA[EntervalidIDintothePatientIDTextBoxscript execution starts atThu Dec 03 10:00:48 IST 2020]]>
    </line>
    <line>
      <![CDATA[EntervalidIDintothePatientIDTextBoxscript   is passed]]>
    </line>
    <line>
      <![CDATA[ValidatePatientTypeDropdownandIsEnabledTryingtoselectValuesscript execution starts atThu Dec 03 10:01:00 IST 2020]]>
    </line>
    <line>
      <![CDATA[ValidatePatientTypeDropdownandIsEnabledTryingtoselectValuesscript   is passed]]>
    </line>
    <line>
      <![CDATA[ValidateBillibgTypeDropdownandIsEnabledTryingtoselectValuesscript execution starts atThu Dec 03 10:01:04 IST 2020]]>
    </line>
    <line>
      <![CDATA[ValidateBillibgTypeDropdownandIsEnabledTryingtoselectValues script  is failed]]>
    </line>
    <line>
      <![CDATA[PaymentModeDropdownisEnabledandSelectValuescript execution starts atThu Dec 03 10:01:08 IST 2020]]>
    </line>
    <line>
      <![CDATA[PaymentModeDropdownisEnabledandSelectValuescript   is passed]]>
    </line>
    <line>
      <![CDATA[HeadOfAccountDropdownisEnabledandSelectValuescript execution starts atThu Dec 03 10:01:15 IST 2020]]>
    </line>
    <line>
      <![CDATA[HeadOfAccountDropdownisEnabledandSelectValuescript   is passed]]>
    </line>
    <line>
      <![CDATA[CategoryDropdownisEnabledandSelectvaluescript execution starts atThu Dec 03 10:01:21 IST 2020]]>
    </line>
    <line>
      <![CDATA[CategoryDropdownisEnabledandSelectvaluescript   is passed]]>
    </line>
    <line>
      <![CDATA[EnterValidquantityintoQuantityTextBoxforServicescript execution starts atThu Dec 03 10:01:27 IST 2020]]>
    </line>
    <line>
      <![CDATA[EnterValidquantityintoQuantityTextBoxforServicescript   is passed]]>
    </line>
    <line>
      <![CDATA[Checkboxtoselectservices1isEnabledandSelectablescript execution starts atThu Dec 03 10:01:33 IST 2020]]>
    </line>
    <line>
      <![CDATA[Checkboxtoselectservices1isEnabledandSelectablescript   is passed]]>
    </line>
    <line>
      <![CDATA[AddToListButtonisEnabledandClickablescript execution starts atThu Dec 03 10:01:40 IST 2020]]>
    </line>
    <line>
      <![CDATA[AddToListButtonisEnabledandClickablescript   is passed]]>
    </line>
    <line>
      <![CDATA[CancelOptionForSelectedServicesisEnabledandSelectOptionscript execution starts atThu Dec 03 10:01:44 IST 2020]]>
    </line>
    <line>
      <![CDATA[CancelOptionForSelectedServicesisEnabledandSelectOptionscript   is passed]]>
    </line>
    <line>
      <![CDATA[PrepareRecepitForPayAdvanceOptionscript execution starts atThu Dec 03 10:01:47 IST 2020]]>
    </line>
    <line>
      <![CDATA[PrepareRecepitForPayAdvanceOptionscript   is passed]]>
    </line>
    <line>
      <![CDATA[ClickheretoprintMoneyReceiptbuttonisEnabledandClickablescript execution starts atThu Dec 03 10:02:17 IST 2020]]>
    </line>
    <line>
      <![CDATA[ClickheretoprintMoneyReceiptbuttonisEnabledandClickablescript   is passed]]>
    </line>
    <line>
      <![CDATA[BackbuttoninRecepitisEnabledandClckablescript execution starts atThu Dec 03 10:02:20 IST 2020]]>
    </line>
    <line>
      <![CDATA[BackbuttoninRecepitisEnabledandClckablescript   is passed]]>
    </line>
    <line>
      <![CDATA[ClickonAddButtonofOtherServicesWithoutanyEntryscript execution starts atThu Dec 03 10:02:26 IST 2020]]>
    </line>
    <line>
      <![CDATA[ClickonAddButtonofOtherServicesWithoutanyEntryscript   is passed]]>
    </line>
    <line>
      <![CDATA[PrepareRecepitForOtherServicesscript execution starts atThu Dec 03 10:02:42 IST 2020]]>
    </line>
    <line>
      <![CDATA[PrepareRecepitForOtherServicesscript   is passed]]>
    </line>
    <line>
      <![CDATA[PrePareRecepitWithValidMobileNumberscript execution starts atThu Dec 03 10:03:16 IST 2020]]>
    </line>
    <line>
      <![CDATA[PrePareRecepitWithValidMobileNumberscript   is passed]]>
    </line>
    <line>
      <![CDATA[Suite Execution ends:Thu Dec 03 10:03:54 IST 2020]]>
    </line>
    <line>
      <![CDATA[Total scripts executed:49]]>
    </line>
    <line>
      <![CDATA[Total scripts passed48]]>
    </line>
    <line>
      <![CDATA[Total scripts failed1]]>
    </line>
    <line>
      <![CDATA[Total scripts skipped0]]>
    </line>
    <line>
      <![CDATA[framework execution starts at Thu Dec 03 10:03:55 IST 2020]]>
    </line>
    <line>
      <![CDATA[DuplicateRecepitlinkisDisplayedscript execution starts atThu Dec 03 10:03:55 IST 2020]]>
    </line>
    <line>
      <![CDATA[DuplicateRecepitlinkisDisplayedscript   is passed]]>
    </line>
    <line>
      <![CDATA[DuplicateRecepitlinkisEnabledandClickablescript execution starts atThu Dec 03 10:03:59 IST 2020]]>
    </line>
    <line>
      <![CDATA[DuplicateRecepitlinkisEnabledandClickablescript   is passed]]>
    </line>
    <line>
      <![CDATA[UHIDRadiobuttonisEnabledandClickbalescript execution starts atThu Dec 03 10:04:05 IST 2020]]>
    </line>
    <line>
      <![CDATA[UHIDRadiobuttonisEnabledandClickbalescript   is passed]]>
    </line>
    <line>
      <![CDATA[CashbookDropdownisEnabledandSelectablescript execution starts atThu Dec 03 10:04:08 IST 2020]]>
    </line>
    <line>
      <![CDATA[CashbookDropdownisEnabledandSelectablescript   is passed]]>
    </line>
    <line>
      <![CDATA[GetSearchresultbuttonofUHIDFilterisEnabledandClickablescript execution starts atThu Dec 03 10:04:12 IST 2020]]>
    </line>
    <line>
      <![CDATA[GetSearchresultbuttonofUHIDFilterisEnabledandClickablescript   is passed]]>
    </line>
    <line>
      <![CDATA[clickonGetSearchResultbuttonwithvalidUHIDscript execution starts atThu Dec 03 10:04:16 IST 2020]]>
    </line>
    <line>
      <![CDATA[clickonGetSearchResultbuttonwithvalidUHIDscript   is passed]]>
    </line>
    <line>
      <![CDATA[RecepitNoRadiobuttonisEnabledandSelectablescript execution starts atThu Dec 03 10:04:39 IST 2020]]>
    </line>
    <line>
      <![CDATA[RecepitNoRadiobuttonisEnabledandSelectablescript   is passed]]>
    </line>
    <line>
      <![CDATA[GetSearchresultbuttonofRecepitNoFilterisEnabledandClickablescript execution starts atThu Dec 03 10:04:43 IST 2020]]>
    </line>
    <line>
      <![CDATA[GetSearchresultbuttonofRecepitNoFilterisEnabledandClickablescript   is passed]]>
    </line>
    <line>
      <![CDATA[ClickonSerchbuttonWithvalidRecepitNoscript execution starts atThu Dec 03 10:04:47 IST 2020]]>
    </line>
    <line>
      <![CDATA[ClickonSerchbuttonWithvalidRecepitNoscript   is passed]]>
    </line>
    <line>
      <![CDATA[Suite Execution ends:Thu Dec 03 10:05:04 IST 2020]]>
    </line>
    <line>
      <![CDATA[Total scripts executed:58]]>
    </line>
    <line>
      <![CDATA[Total scripts passed57]]>
    </line>
    <line>
      <![CDATA[Total scripts failed1]]>
    </line>
    <line>
      <![CDATA[Total scripts skipped0]]>
    </line>
    <line>
      <![CDATA[framework execution starts at Thu Dec 03 10:05:05 IST 2020]]>
    </line>
    <line>
      <![CDATA[Suite Execution ends:Thu Dec 03 10:05:05 IST 2020]]>
    </line>
    <line>
      <![CDATA[Total scripts executed:58]]>
    </line>
    <line>
      <![CDATA[Total scripts passed57]]>
    </line>
    <line>
      <![CDATA[Total scripts failed1]]>
    </line>
    <line>
      <![CDATA[Total scripts skipped0]]>
    </line>
    <line>
      <![CDATA[framework execution starts at Thu Dec 03 10:05:05 IST 2020]]>
    </line>
    <line>
      <![CDATA[BillingAdminSubModuleisDispalyedscript execution starts atThu Dec 03 10:05:05 IST 2020]]>
    </line>
    <line>
      <![CDATA[BillingAdminSubModuleisDispalyedscript   is passed]]>
    </line>
    <line>
      <![CDATA[BillingAdminSubModuleisEnabledandClickablescript execution starts atThu Dec 03 10:05:09 IST 2020]]>
    </line>
    <line>
      <![CDATA[BillingAdminSubModuleisEnabledandClickablescript   is passed]]>
    </line>
    <line>
      <![CDATA[RateConfigurationofServicesLinkisEnabledandClickablescript execution starts atThu Dec 03 10:05:11 IST 2020]]>
    </line>
    <line>
      <![CDATA[RateConfigurationofServicesLinkisEnabledandClickablescript   is passed]]>
    </line>
    <line>
      <![CDATA[ServiceCategoryDropdownisEnabledandSelectValuescript execution starts atThu Dec 03 10:05:14 IST 2020]]>
    </line>
    <line>
      <![CDATA[ServiceCategoryDropdownisEnabledandSelectValuescript   is passed]]>
    </line>
    <line>
      <![CDATA[DetailslinkisEnabledandClickablescript execution starts atThu Dec 03 10:05:18 IST 2020]]>
    </line>
    <line>
      <![CDATA[DetailslinkisEnabledandClickablescript   is passed]]>
    </line>
    <line>
      <![CDATA[BasicRateTextBoxisEnabledandEntervalidRatescript execution starts atThu Dec 03 10:05:20 IST 2020]]>
    </line>
    <line>
      <![CDATA[BasicRateTextBoxisEnabledandEntervalidRatescript   is passed]]>
    </line>
    <line>
      <![CDATA[ChangeForAlllinkisEnabledandClickablescript execution starts atThu Dec 03 10:05:25 IST 2020]]>
    </line>
    <line>
      <![CDATA[ChangeForAlllinkisEnabledandClickablescript   is passed]]>
    </line>
    <line>
      <![CDATA[SavebuttonisEnabledandClickablescript execution starts atThu Dec 03 10:05:27 IST 2020]]>
    </line>
    <line>
      <![CDATA[SavebuttonisEnabledandClickablescript   is passed]]>
    </line>
    <line>
      <![CDATA[RateTextBoxisEnabledandEnterValidDatascript execution starts atThu Dec 03 10:05:33 IST 2020]]>
    </line>
    <line>
      <![CDATA[RateTextBoxisEnabledandEnterValidDatascript   is passed]]>
    </line>
    <line>
      <![CDATA[FreeCheckBoxisEnabledandSelectablescript execution starts atThu Dec 03 10:05:42 IST 2020]]>
    </line>
    <line>
      <![CDATA[FreeCheckBoxisEnabledandSelectablescript   is passed]]>
    </line>
    <line>
      <![CDATA[CancelbuttonisEnabledandClickablescript execution starts atThu Dec 03 10:05:48 IST 2020]]>
    </line>
    <line>
      <![CDATA[CancelbuttonisEnabledandClickablescript   is passed]]>
    </line>
    <line>
      <![CDATA[Suite Execution ends:Thu Dec 03 10:05:51 IST 2020]]>
    </line>
    <line>
      <![CDATA[Total scripts executed:69]]>
    </line>
    <line>
      <![CDATA[Total scripts passed68]]>
    </line>
    <line>
      <![CDATA[Total scripts failed1]]>
    </line>
    <line>
      <![CDATA[Total scripts skipped0]]>
    </line>
    <line>
      <![CDATA[framework execution starts at Thu Dec 03 10:05:51 IST 2020]]>
    </line>
    <line>
      <![CDATA[BillingRefundRecepitisDispalyedscript execution starts atThu Dec 03 10:05:51 IST 2020]]>
    </line>
    <line>
      <![CDATA[BillingRefundRecepitisDispalyedscript   is passed]]>
    </line>
    <line>
      <![CDATA[BillingRefundRecepitisEnabledandClickablescript execution starts atThu Dec 03 10:05:55 IST 2020]]>
    </line>
    <line>
      <![CDATA[BillingRefundRecepitisEnabledandClickablescript   is passed]]>
    </line>
    <line>
      <![CDATA[HeadofAccountDropdownisEnabledandSelectValuescript execution starts atThu Dec 03 10:06:01 IST 2020]]>
    </line>
    <line>
      <![CDATA[HeadofAccountDropdownisEnabledandSelectValuescript   is passed]]>
    </line>
    <line>
      <![CDATA[UHIDRadiobuttonisEnabledandClickbalescript execution starts atThu Dec 03 10:06:06 IST 2020]]>
    </line>
    <line>
      <![CDATA[UHIDRadiobuttonisEnabledandClickbalescript   is passed]]>
    </line>
    <line>
      <![CDATA[CashbookDropdownisEnabledandSelectablescript execution starts atThu Dec 03 10:06:08 IST 2020]]>
    </line>
    <line>
      <![CDATA[CashbookDropdownisEnabledandSelectablescript   is passed]]>
    </line>
    <line>
      <![CDATA[GetSearchresultbuttonofUHIDFilterisEnabledandClickablescript execution starts atThu Dec 03 10:06:12 IST 2020]]>
    </line>
    <line>
      <![CDATA[GetSearchresultbuttonofUHIDFilterisEnabledandClickablescript   is passed]]>
    </line>
    <line>
      <![CDATA[clickonGetSearchResultbuttonwithvalidUHIDscript execution starts atThu Dec 03 10:06:16 IST 2020]]>
    </line>
    <line>
      <![CDATA[clickonGetSearchResultbuttonwithvalidUHIDscript   is passed]]>
    </line>
    <line>
      <![CDATA[FirstCheckboxtoSelectServiceisEnabledandClickablescript execution starts atThu Dec 03 10:06:33 IST 2020]]>
    </line>
    <line>
      <![CDATA[FirstCheckboxtoSelectServiceisEnabledandClickablescript   is passed]]>
    </line>
    <line>
      <![CDATA[DisscountAmountTextBoxisEnabledandEnterAmountscript execution starts atThu Dec 03 10:06:37 IST 2020]]>
    </line>
    <line>
      <![CDATA[DisscountAmountTextBoxisEnabledandEnterAmount script  is failed]]>
    </line>
    <line>
      <![CDATA[NetAmountTextBoxisEnabledandEnterAmountscript execution starts atThu Dec 03 10:06:39 IST 2020]]>
    </line>
    <line>
      <![CDATA[NetAmountTextBoxisEnabledandEnterAmount script  is failed]]>
    </line>
    <line>
      <![CDATA[TotalRefundAmountTextBoxisEnabledandEnterAmountscript execution starts atThu Dec 03 10:06:42 IST 2020]]>
    </line>
    <line>
      <![CDATA[TotalRefundAmountTextBoxisEnabledandEnterAmount script  is failed]]>
    </line>
    <line>
      <![CDATA[RemarksTextBoxisEnabledandEnterRemarksscript execution starts atThu Dec 03 10:06:44 IST 2020]]>
    </line>
    <line>
      <![CDATA[RemarksTextBoxisEnabledandEnterRemarksscript   is passed]]>
    </line>
    <line>
      <![CDATA[RefundBillButtonisEnabledandClickablescript execution starts atThu Dec 03 10:06:48 IST 2020]]>
    </line>
    <line>
      <![CDATA[RefundBillButtonisEnabledandClickablescript   is passed]]>
    </line>
    <line>
      <![CDATA[RecepitNoRadiobuttonisEnabledandSelectablescript execution starts atThu Dec 03 10:07:16 IST 2020]]>
    </line>
    <line>
      <![CDATA[RecepitNoRadiobuttonisEnabledandSelectablescript   is passed]]>
    </line>
    <line>
      <![CDATA[ClickonSerchbuttonWithvalidRecepitNoscript execution starts atThu Dec 03 10:07:20 IST 2020]]>
    </line>
    <line>
      <![CDATA[ClickonSerchbuttonWithvalidRecepitNoscript   is passed]]>
    </line>
    <line>
      <![CDATA[Suite Execution ends:Thu Dec 03 10:07:42 IST 2020]]>
    </line>
    <line>
      <![CDATA[Total scripts executed:84]]>
    </line>
    <line>
      <![CDATA[Total scripts passed80]]>
    </line>
    <line>
      <![CDATA[Total scripts failed4]]>
    </line>
    <line>
      <![CDATA[Total scripts skipped0]]>
    </line>
    <line>
      <![CDATA[framework execution starts at Thu Dec 03 10:07:42 IST 2020]]>
    </line>
    <line>
      <![CDATA[CancelReceiptlinkisDispalyedscript execution starts atThu Dec 03 10:07:42 IST 2020]]>
    </line>
    <line>
      <![CDATA[CancelReceiptlinkisDispalyedscript   is passed]]>
    </line>
    <line>
      <![CDATA[CancelReceiptlinkisEnabledandClickablescript execution starts atThu Dec 03 10:07:46 IST 2020]]>
    </line>
    <line>
      <![CDATA[CancelReceiptlinkisEnabledandClickablescript   is passed]]>
    </line>
    <line>
      <![CDATA[HeadofAccountDropdownisEnabledandSelectValuescript execution starts atThu Dec 03 10:07:52 IST 2020]]>
    </line>
    <line>
      <![CDATA[HeadofAccountDropdownisEnabledandSelectValuescript   is passed]]>
    </line>
    <line>
      <![CDATA[UHIDRadiobuttonisEnabledandClickbalescript execution starts atThu Dec 03 10:07:56 IST 2020]]>
    </line>
    <line>
      <![CDATA[UHIDRadiobuttonisEnabledandClickbalescript   is passed]]>
    </line>
    <line>
      <![CDATA[CashbookDropdownisEnabledandSelectablescript execution starts atThu Dec 03 10:07:59 IST 2020]]>
    </line>
    <line>
      <![CDATA[CashbookDropdownisEnabledandSelectablescript   is passed]]>
    </line>
    <line>
      <![CDATA[GetSearchresultbuttonofUHIDFilterisEnabledandClickablescript execution starts atThu Dec 03 10:08:03 IST 2020]]>
    </line>
    <line>
      <![CDATA[GetSearchresultbuttonofUHIDFilterisEnabledandClickablescript   is passed]]>
    </line>
    <line>
      <![CDATA[clickonGetSearchResultbuttonwithvalidUHIDscript execution starts atThu Dec 03 10:08:07 IST 2020]]>
    </line>
    <line>
      <![CDATA[clickonGetSearchResultbuttonwithvalidUHIDscript   is passed]]>
    </line>
    <line>
      <![CDATA[SelectbuttonisEnabledandClickablescript execution starts atThu Dec 03 10:08:22 IST 2020]]>
    </line>
    <line>
      <![CDATA[SelectbuttonisEnabledandClickablescript   is passed]]>
    </line>
    <line>
      <![CDATA[ReasonForCancellationTextBoxisEnabledandEnterResultscript execution starts atThu Dec 03 10:08:26 IST 2020]]>
    </line>
    <line>
      <![CDATA[ReasonForCancellationTextBoxisEnabledandEnterResultscript   is passed]]>
    </line>
    <line>
      <![CDATA[CancelReceiptButtonisenabledandClickablescript execution starts atThu Dec 03 10:08:30 IST 2020]]>
    </line>
    <line>
      <![CDATA[CancelReceiptButtonisenabledandClickablescript   is passed]]>
    </line>
    <line>
      <![CDATA[RecepitNoRadiobuttonisEnabledandSelectablescript execution starts atThu Dec 03 10:08:38 IST 2020]]>
    </line>
    <line>
      <![CDATA[RecepitNoRadiobuttonisEnabledandSelectablescript   is passed]]>
    </line>
    <line>
      <![CDATA[ClickonSerchbuttonWithvalidRecepitNoscript execution starts atThu Dec 03 10:08:43 IST 2020]]>
    </line>
    <line>
      <![CDATA[ClickonSerchbuttonWithvalidRecepitNoscript   is passed]]>
    </line>
    <line>
      <![CDATA[Suite Execution ends:Thu Dec 03 10:09:02 IST 2020]]>
    </line>
    <line>
      <![CDATA[Total scripts executed:96]]>
    </line>
    <line>
      <![CDATA[Total scripts passed92]]>
    </line>
    <line>
      <![CDATA[Total scripts failed4]]>
    </line>
    <line>
      <![CDATA[Total scripts skipped0]]>
    </line>
    <line>
      <![CDATA[framework execution starts at Thu Dec 03 10:09:02 IST 2020]]>
    </line>
    <line>
      <![CDATA[RegistrationFeeCancellationlinkisDispalyedscript execution starts atThu Dec 03 10:09:02 IST 2020]]>
    </line>
    <line>
      <![CDATA[RegistrationFeeCancellationlinkisDispalyedscript   is passed]]>
    </line>
    <line>
      <![CDATA[RegistrationFeeCancellationlinkisEnabledandClickablescript execution starts atThu Dec 03 10:09:07 IST 2020]]>
    </line>
    <line>
      <![CDATA[RegistrationFeeCancellationlinkisEnabledandClickablescript   is passed]]>
    </line>
    <line>
      <![CDATA[UHIDcheckBoxisEnabledandSelectablescript execution starts atThu Dec 03 10:09:11 IST 2020]]>
    </line>
    <line>
      <![CDATA[UHIDcheckBoxisEnabledandSelectablescript   is passed]]>
    </line>
    <line>
      <![CDATA[UHIDTextBoxisEnabledandEnterValidIDscript execution starts atThu Dec 03 10:09:15 IST 2020]]>
    </line>
    <line>
      <![CDATA[UHIDTextBoxisEnabledandEnterValidIDscript   is passed]]>
    </line>
    <line>
      <![CDATA[SelectbuttonisEnabledandClickablescript execution starts atThu Dec 03 10:09:22 IST 2020]]>
    </line>
    <line>
      <![CDATA[SelectbuttonisEnabledandClickablescript   is passed]]>
    </line>
    <line>
      <![CDATA[CancelRegistrationFeebuttonisEnabledandClickablescript execution starts atThu Dec 03 10:09:29 IST 2020]]>
    </line>
    <line>
      <![CDATA[CancelRegistrationFeebuttonisEnabledandClickablescript   is passed]]>
    </line>
    <line>
      <![CDATA[RemarksTextAreaisEnabledandEnterTextscript execution starts atThu Dec 03 10:09:33 IST 2020]]>
    </line>
    <line>
      <![CDATA[RemarksTextAreaisEnabledandEnterTextscript   is passed]]>
    </line>
    <line>
      <![CDATA[RegistrationFeeTextboxisEnabledandEnterValidFeescript execution starts atThu Dec 03 10:09:37 IST 2020]]>
    </line>
    <line>
      <![CDATA[RegistrationFeeTextboxisEnabledandEnterValidFeescript   is passed]]>
    </line>
    <line>
      <![CDATA[ReSearchbuttonisEnabledandClickablescript execution starts atThu Dec 03 10:10:29 IST 2020]]>
    </line>
    <line>
      <![CDATA[ReSearchbuttonisEnabledandClickable script  is failed]]>
    </line>
    <line>
      <![CDATA[Suite Execution ends:Thu Dec 03 10:10:52 IST 2020]]>
    </line>
    <line>
      <![CDATA[Total scripts executed:105]]>
    </line>
    <line>
      <![CDATA[Total scripts passed100]]>
    </line>
    <line>
      <![CDATA[Total scripts failed5]]>
    </line>
    <line>
      <![CDATA[Total scripts skipped0]]>
    </line>
    <line>
      <![CDATA[framework execution starts at Thu Dec 03 10:10:52 IST 2020]]>
    </line>
    <line>
      <![CDATA[AdmitthePatientscript execution starts atThu Dec 03 10:10:52 IST 2020]]>
    </line>
    <line>
      <![CDATA[AdmitthePatientscript   is passed]]>
    </line>
    <line>
      <![CDATA[Suite Execution ends:Thu Dec 03 10:11:58 IST 2020]]>
    </line>
    <line>
      <![CDATA[Total scripts executed:106]]>
    </line>
    <line>
      <![CDATA[Total scripts passed101]]>
    </line>
    <line>
      <![CDATA[Total scripts failed5]]>
    </line>
    <line>
      <![CDATA[Total scripts skipped0]]>
    </line>
    <line>
      <![CDATA[framework execution starts at Thu Dec 03 10:11:59 IST 2020]]>
    </line>
    <line>
      <![CDATA[BillSettlementlinkisDispalyedscript execution starts atThu Dec 03 10:11:59 IST 2020]]>
    </line>
    <line>
      <![CDATA[BillSettlementlinkisDispalyedscript   is passed]]>
    </line>
    <line>
      <![CDATA[BillSettlementlinkisEnabledscript execution starts atThu Dec 03 10:12:03 IST 2020]]>
    </line>
    <line>
      <![CDATA[BillSettlementlinkisEnabledscript   is passed]]>
    </line>
    <line>
      <![CDATA[UHIDTextBoxisEnabledandEnterValidIDscript execution starts atThu Dec 03 10:12:09 IST 2020]]>
    </line>
    <line>
      <![CDATA[UHIDTextBoxisEnabledandEnterValidIDscript   is passed]]>
    </line>
    <line>
      <![CDATA[AdmissionChargeCheckBoxisEnabledandSelectablescript execution starts atThu Dec 03 10:12:22 IST 2020]]>
    </line>
    <line>
      <![CDATA[AdmissionChargeCheckBoxisEnabledandSelectablescript   is passed]]>
    </line>
    <line>
      <![CDATA[ServiceDropdownUnderAdmissionChargePopUpisEnabledandSelectValuescript execution starts atThu Dec 03 10:12:24 IST 2020]]>
    </line>
    <line>
      <![CDATA[ServiceDropdownUnderAdmissionChargePopUpisEnabledandSelectValuescript   is passed]]>
    </line>
    <line>
      <![CDATA[AddbuttonofAdmissionChargePopUpisEnabledandClickablescript execution starts atThu Dec 03 10:12:29 IST 2020]]>
    </line>
    <line>
      <![CDATA[AddbuttonofAdmissionChargePopUpisEnabledandClickablescript   is passed]]>
    </line>
    <line>
      <![CDATA[RoomRentEntryCheckboxisEnabledandSelectablescript execution starts atThu Dec 03 10:12:39 IST 2020]]>
    </line>
    <line>
      <![CDATA[RoomRentEntryCheckboxisEnabledandSelectablescript   is passed]]>
    </line>
    <line>
      <![CDATA[ServiceDropdownofRoomRentEntryPopUpisEnabledandSelectValuescript execution starts atThu Dec 03 10:12:41 IST 2020]]>
    </line>
    <line>
      <![CDATA[ServiceDropdownofRoomRentEntryPopUpisEnabledandSelectValuescript   is passed]]>
    </line>
    <line>
      <![CDATA[AddButtonofRoomRentEntryPopUpisEnabledandClickablescript execution starts atThu Dec 03 10:12:46 IST 2020]]>
    </line>
    <line>
      <![CDATA[AddButtonofRoomRentEntryPopUpisEnabledandClickablescript   is passed]]>
    </line>
    <line>
      <![CDATA[DietChargeEntryCheckBoxisEnabledandSelectablescript execution starts atThu Dec 03 10:12:54 IST 2020]]>
    </line>
    <line>
      <![CDATA[DietChargeEntryCheckBoxisEnabledandSelectablescript   is passed]]>
    </line>
    <line>
      <![CDATA[ServiceDropdownoffDietChargeEntryPopupisEnabledandSelectValuescript execution starts atThu Dec 03 10:12:56 IST 2020]]>
    </line>
    <line>
      <![CDATA[ServiceDropdownoffDietChargeEntryPopupisEnabledandSelectValuescript   is passed]]>
    </line>
    <line>
      <![CDATA[AddbuttonoffDietChargeEntryPopupisEnabledandClickablescript execution starts atThu Dec 03 10:13:00 IST 2020]]>
    </line>
    <line>
      <![CDATA[AddbuttonoffDietChargeEntryPopupisEnabledandClickablescript   is passed]]>
    </line>
    <line>
      <![CDATA[BillingServiceEntryCheckboxisEnabledandSelectablescript execution starts atThu Dec 03 10:13:11 IST 2020]]>
    </line>
    <line>
      <![CDATA[BillingServiceEntryCheckboxisEnabledandSelectablescript   is passed]]>
    </line>
    <line>
      <![CDATA[SelectCheckbocofBillingServiceEntryPopUpisEnabledandSelectablescript execution starts atThu Dec 03 10:13:13 IST 2020]]>
    </line>
    <line>
      <![CDATA[SelectCheckbocofBillingServiceEntryPopUpisEnabledandSelectablescript   is passed]]>
    </line>
    <line>
      <![CDATA[CategoryDropdownofBillingServiceEntryPopUpisEnabledandSelectValuescript execution starts atThu Dec 03 10:13:15 IST 2020]]>
    </line>
    <line>
      <![CDATA[CategoryDropdownofBillingServiceEntryPopUpisEnabledandSelectValuescript   is passed]]>
    </line>
    <line>
      <![CDATA[ServiceDropdownofBillingServiceEntryPopUpisEnabledandSelectValuescript execution starts atThu Dec 03 10:13:20 IST 2020]]>
    </line>
    <line>
      <![CDATA[ServiceDropdownofBillingServiceEntryPopUpisEnabledandSelectValuescript   is passed]]>
    </line>
    <line>
      <![CDATA[QuantityTextBoxofBillingServiceEntryPopUpisEnabledandEnterValidQuantityscript execution starts atThu Dec 03 10:13:24 IST 2020]]>
    </line>
    <line>
      <![CDATA[QuantityTextBoxofBillingServiceEntryPopUpisEnabledandEnterValidQuantityscript   is passed]]>
    </line>
    <line>
      <![CDATA[RateTextBoxofBillingServiceEntryPopUpisEnabledandEnterValidRatescript execution starts atThu Dec 03 10:13:28 IST 2020]]>
    </line>
    <line>
      <![CDATA[RateTextBoxofBillingServiceEntryPopUpisEnabledandEnterValidRate script  is failed]]>
    </line>
    <line>
      <![CDATA[AddButtonofBillingServiceEntryPopUpisEnabledandClickablescript execution starts atThu Dec 03 10:13:32 IST 2020]]>
    </line>
    <line>
      <![CDATA[AddButtonofBillingServiceEntryPopUpisEnabledandClickablescript   is passed]]>
    </line>
    <line>
      <![CDATA[OtherServiceEntryCheckboxisEnabledandSelectablescript execution starts atThu Dec 03 10:13:41 IST 2020]]>
    </line>
    <line>
      <![CDATA[OtherServiceEntryCheckboxisEnabledandSelectablescript   is passed]]>
    </line>
    <line>
      <![CDATA[SelectCheckboxofOtherServiceEntryPopUpisEnabledandSelectablescript execution starts atThu Dec 03 10:13:43 IST 2020]]>
    </line>
    <line>
      <![CDATA[SelectCheckboxofOtherServiceEntryPopUpisEnabledandSelectablescript   is passed]]>
    </line>
    <line>
      <![CDATA[CategorytextBoxofOtherServiceEntryPopUpisEnabledandEnterValidCategoryscript execution starts atThu Dec 03 10:13:45 IST 2020]]>
    </line>
    <line>
      <![CDATA[CategorytextBoxofOtherServiceEntryPopUpisEnabledandEnterValidCategoryscript   is passed]]>
    </line>
    <line>
      <![CDATA[ServicetextBoxofOtherServiceEntryPopUpisEnabledandEnterValidServicescript execution starts atThu Dec 03 10:13:49 IST 2020]]>
    </line>
    <line>
      <![CDATA[ServicetextBoxofOtherServiceEntryPopUpisEnabledandEnterValidServicescript   is passed]]>
    </line>
    <line>
      <![CDATA[QuantitytextBoxofOtherServiceEntryPopUpandEnterValidServicescript execution starts atThu Dec 03 10:13:53 IST 2020]]>
    </line>
    <line>
      <![CDATA[QuantitytextBoxofOtherServiceEntryPopUpandEnterValidServicescript   is passed]]>
    </line>
    <line>
      <![CDATA[RatetextBoxofOtherServiceEntryPopUpIsEnabledandEnterValidServicescript execution starts atThu Dec 03 10:13:58 IST 2020]]>
    </line>
    <line>
      <![CDATA[RatetextBoxofOtherServiceEntryPopUpIsEnabledandEnterValidServicescript   is passed]]>
    </line>
    <line>
      <![CDATA[AddbuttonofOtherServiceEntryPopUpisEnabledandClickablescript execution starts atThu Dec 03 10:14:02 IST 2020]]>
    </line>
    <line>
      <![CDATA[AddbuttonofOtherServiceEntryPopUpisEnabledandClickablescript   is passed]]>
    </line>
    <line>
      <![CDATA[TestDoneorNotDropdownisEnabledandSelectValuescript execution starts atThu Dec 03 10:14:10 IST 2020]]>
    </line>
    <line>
      <![CDATA[TestDoneorNotDropdownisEnabledandSelectValuescript   is passed]]>
    </line>
    <line>
      <![CDATA[CheckboxofRecommendedTestDetailsisEnabledandSelectablescript execution starts atThu Dec 03 10:14:16 IST 2020]]>
    </line>
    <line>
      <![CDATA[CheckboxofRecommendedTestDetailsisEnabledandSelectablescript   is passed]]>
    </line>
    <line>
      <![CDATA[ConcessionCalculatorImgbuttonisEnabledandClickablescript execution starts atThu Dec 03 10:14:23 IST 2020]]>
    </line>
    <line>
      <![CDATA[ConcessionCalculatorImgbuttonisEnabledandClickablescript   is passed]]>
    </line>
    <line>
      <![CDATA[DisscountTypeDropdownofConcessionCalculatorPopUpisEnabledandSelectValuescript execution starts atThu Dec 03 10:14:29 IST 2020]]>
    </line>
    <line>
      <![CDATA[DisscountTypeDropdownofConcessionCalculatorPopUpisEnabledandSelectValuescript   is passed]]>
    </line>
    <line>
      <![CDATA[DisscountAmountTextboxofConcessionCalculatorPopUpisEnabledandEnterValidAmountscript execution starts atThu Dec 03 10:14:34 IST 2020]]>
    </line>
    <line>
      <![CDATA[DisscountAmountTextboxofConcessionCalculatorPopUpisEnabledandEnterValidAmountscript   is passed]]>
    </line>
    <line>
      <![CDATA[NetDisscountTextboxofConcessionCalculatorPopUpisEnabledandEnterInValidAmountscript execution starts atThu Dec 03 10:14:38 IST 2020]]>
    </line>
    <line>
      <![CDATA[NetDisscountTextboxofConcessionCalculatorPopUpisEnabledandEnterInValidAmount script  is failed]]>
    </line>
    <line>
      <![CDATA[NetDisscountTextboxofConcessionCalculatorPopUpisEnabledandEnterValidAmountscript execution starts atThu Dec 03 10:14:42 IST 2020]]>
    </line>
    <line>
      <![CDATA[NetDisscountTextboxofConcessionCalculatorPopUpisEnabledandEnterValidAmountscript   is passed]]>
    </line>
    <line>
      <![CDATA[TotalAmountTextBoxofConcessionCalculatorPopUpisEnabledscript execution starts atThu Dec 03 10:14:54 IST 2020]]>
    </line>
    <line>
      <![CDATA[TotalAmountTextBoxofConcessionCalculatorPopUpisEnabled script  is failed]]>
    </line>
    <line>
      <![CDATA[DiscountAmountTextBoxofConcessionCalculatorPopUpisEnabledscript execution starts atThu Dec 03 10:14:57 IST 2020]]>
    </line>
    <line>
      <![CDATA[DiscountAmountTextBoxofConcessionCalculatorPopUpisEnabled script  is failed]]>
    </line>
    <line>
      <![CDATA[CalculateConcessionbuttonofConcessionCalculatorPopUpisEnabledandClickablescript execution starts atThu Dec 03 10:14:59 IST 2020]]>
    </line>
    <line>
      <![CDATA[CalculateConcessionbuttonofConcessionCalculatorPopUpisEnabledandClickablescript   is passed]]>
    </line>
    <line>
      <![CDATA[NextButtonisEnabledandClickablescript execution starts atThu Dec 03 10:15:03 IST 2020]]>
    </line>
    <line>
      <![CDATA[NextButtonisEnabledandClickablescript   is passed]]>
    </line>
    <line>
      <![CDATA[RemarksTextAreaisEnabledandEnterRemarksscript execution starts atThu Dec 03 10:15:13 IST 2020]]>
    </line>
    <line>
      <![CDATA[RemarksTextAreaisEnabledandEnterRemarksscript   is passed]]>
    </line>
    <line>
      <![CDATA[SettleBillWithoutDischargeButtonisEnabledandClickablescript execution starts atThu Dec 03 10:15:17 IST 2020]]>
    </line>
    <line>
      <![CDATA[SettleBillWithoutDischargeButtonisEnabledandClickablescript   is passed]]>
    </line>
    <line>
      <![CDATA[GoForApprovallinkisEnabledandClickablescript execution starts atThu Dec 03 10:15:26 IST 2020]]>
    </line>
    <line>
      <![CDATA[GoForApprovallinkisEnabledandClickablescript   is passed]]>
    </line>
    <line>
      <![CDATA[DateRadiobuttonisEnabledandSelectablescript execution starts atThu Dec 03 10:15:28 IST 2020]]>
    </line>
    <line>
      <![CDATA[DateRadiobuttonisEnabledandSelectablescript   is passed]]>
    </line>
    <line>
      <![CDATA[SelectbuttonisEnabledandClickablescript execution starts atThu Dec 03 10:15:35 IST 2020]]>
    </line>
    <line>
      <![CDATA[SelectbuttonisEnabledandClickablescript   is passed]]>
    </line>
    <line>
      <![CDATA[GeneratebuttonisEnabledandClickablescript execution starts atThu Dec 03 10:15:46 IST 2020]]>
    </line>
    <line>
      <![CDATA[GeneratebuttonisEnabledandClickablescript   is passed]]>
    </line>
    <line>
      <![CDATA[SettleBillWithDischargebuttonisEnabledandClickablescript execution starts atThu Dec 03 10:16:11 IST 2020]]>
    </line>
    <line>
      <![CDATA[SettleBillWithDischargebuttonisEnabledandClickablescript   is passed]]>
    </line>
    <line>
      <![CDATA[Suite Execution ends:Thu Dec 03 10:16:44 IST 2020]]>
    </line>
    <line>
      <![CDATA[Total scripts executed:150]]>
    </line>
    <line>
      <![CDATA[Total scripts passed141]]>
    </line>
    <line>
      <![CDATA[Total scripts failed9]]>
    </line>
    <line>
      <![CDATA[Total scripts skipped0]]>
    </line>
    <line>
      <![CDATA[framework execution starts at Thu Dec 03 10:16:44 IST 2020]]>
    </line>
    <line>
      <![CDATA[GenerateSettledReceiptlinkisDispalyedscript execution starts atThu Dec 03 10:16:44 IST 2020]]>
    </line>
    <line>
      <![CDATA[GenerateSettledReceiptlinkisDispalyedscript   is passed]]>
    </line>
    <line>
      <![CDATA[GenerateSettledReceiptlinkisEnabledandClickablescript execution starts atThu Dec 03 10:16:49 IST 2020]]>
    </line>
    <line>
      <![CDATA[GenerateSettledReceiptlinkisEnabledandClickablescript   is passed]]>
    </line>
    <line>
      <![CDATA[DateRadiobuttonisEnabledandSelectablescript execution starts atThu Dec 03 10:16:55 IST 2020]]>
    </line>
    <line>
      <![CDATA[DateRadiobuttonisEnabledandSelectablescript   is passed]]>
    </line>
    <line>
      <![CDATA[SelectbuttonisEnabledandClickablescript execution starts atThu Dec 03 10:17:02 IST 2020]]>
    </line>
    <line>
      <![CDATA[SelectbuttonisEnabledandClickablescript   is passed]]>
    </line>
    <line>
      <![CDATA[GeneratebuttonisEnabledandClickablescript execution starts atThu Dec 03 10:17:13 IST 2020]]>
    </line>
    <line>
      <![CDATA[GeneratebuttonisEnabledandClickablescript   is passed]]>
    </line>
    <line>
      <![CDATA[Suite Execution ends:Thu Dec 03 10:17:25 IST 2020]]>
    </line>
    <line>
      <![CDATA[Total scripts executed:155]]>
    </line>
    <line>
      <![CDATA[Total scripts passed146]]>
    </line>
    <line>
      <![CDATA[Total scripts failed9]]>
    </line>
    <line>
      <![CDATA[Total scripts skipped0]]>
    </line>
    <line>
      <![CDATA[framework execution starts at Thu Dec 03 10:17:26 IST 2020]]>
    </line>
    <line>
      <![CDATA[CreateSchemelinkisDispalyedscript execution starts atThu Dec 03 10:17:26 IST 2020]]>
    </line>
    <line>
      <![CDATA[CreateSchemelinkisDispalyedscript   is passed]]>
    </line>
    <line>
      <![CDATA[CreateSchemelinkisEnabledandClickablescript execution starts atThu Dec 03 10:17:30 IST 2020]]>
    </line>
    <line>
      <![CDATA[CreateSchemelinkisEnabledandClickablescript   is passed]]>
    </line>
    <line>
      <![CDATA[CreditSchemeNameTextBoxisEnabledandEnterValidNamescript execution starts atThu Dec 03 10:17:36 IST 2020]]>
    </line>
    <line>
      <![CDATA[CreditSchemeNameTextBoxisEnabledandEnterValidNamescript   is passed]]>
    </line>
    <line>
      <![CDATA[StateRadiobuttonisEnabledandSelectablescript execution starts atThu Dec 03 10:17:44 IST 2020]]>
    </line>
    <line>
      <![CDATA[StateRadiobuttonisEnabledandSelectablescript   is passed]]>
    </line>
    <line>
      <![CDATA[CreditSchemeCodeTextBoxisEnabledandEnterValidCodescript execution starts atThu Dec 03 10:17:47 IST 2020]]>
    </line>
    <line>
      <![CDATA[CreditSchemeCodeTextBoxisEnabledandEnterValidCodescript   is passed]]>
    </line>
    <line>
      <![CDATA[CreditAmountLimitTextBoxisEnabledandEnterValidAmountscript execution starts atThu Dec 03 10:17:55 IST 2020]]>
    </line>
    <line>
      <![CDATA[CreditAmountLimitTextBoxisEnabledandEnterValidAmountscript   is passed]]>
    </line>
    <line>
      <![CDATA[CreditOrganizedBodyTextBoxisEnabledandEnterValidNamescript execution starts atThu Dec 03 10:18:03 IST 2020]]>
    </line>
    <line>
      <![CDATA[CreditOrganizedBodyTextBoxisEnabledandEnterValidNamescript   is passed]]>
    </line>
    <line>
      <![CDATA[MainOfficeAddressTextBoxisEnabledandEnterValidNamescript execution starts atThu Dec 03 10:18:11 IST 2020]]>
    </line>
    <line>
      <![CDATA[MainOfficeAddressTextBoxisEnabledandEnterValidNamescript   is passed]]>
    </line>
    <line>
      <![CDATA[MainOfficePINTextBoxisEnabledandEnterValidPINscript execution starts atThu Dec 03 10:18:19 IST 2020]]>
    </line>
    <line>
      <![CDATA[MainOfficePINTextBoxisEnabledandEnterValidPINscript   is passed]]>
    </line>
    <line>
      <![CDATA[MainOfficeLandLineTextBoxisEnabledandEnterValidTextscript execution starts atThu Dec 03 10:18:27 IST 2020]]>
    </line>
    <line>
      <![CDATA[MainOfficeLandLineTextBoxisEnabledandEnterValidTextscript   is passed]]>
    </line>
    <line>
      <![CDATA[CompanyWebsiteURLTextBoxisEnabledandEnterValidTextscript execution starts atThu Dec 03 10:18:35 IST 2020]]>
    </line>
    <line>
      <![CDATA[CompanyWebsiteURLTextBoxisEnabledandEnterValidTextscript   is passed]]>
    </line>
    <line>
      <![CDATA[ContactPersonNameTextBoxisEnabledandEnterValidTextscript execution starts atThu Dec 03 10:18:44 IST 2020]]>
    </line>
    <line>
      <![CDATA[ContactPersonNameTextBoxisEnabledandEnterValidTextscript   is passed]]>
    </line>
    <line>
      <![CDATA[SelectbuttonisEnabledandClickablescript execution starts atThu Dec 03 10:18:56 IST 2020]]>
    </line>
    <line>
      <![CDATA[SelectbuttonisEnabledandClickablescript   is passed]]>
    </line>
    <line>
      <![CDATA[UpdateSCHEMEbuttonisEnabledandClickablescript execution starts atThu Dec 03 10:18:58 IST 2020]]>
    </line>
    <line>
      <![CDATA[UpdateSCHEMEbuttonisEnabledandClickable script  is failed]]>
    </line>
    <line>
      <![CDATA[Suite Execution ends:Thu Dec 03 10:19:13 IST 2020]]>
    </line>
    <line>
      <![CDATA[Total scripts executed:169]]>
    </line>
    <line>
      <![CDATA[Total scripts passed159]]>
    </line>
    <line>
      <![CDATA[Total scripts failed10]]>
    </line>
    <line>
      <![CDATA[Total scripts skipped0]]>
    </line>
    <line>
      <![CDATA[framework execution starts at Thu Dec 03 10:19:13 IST 2020]]>
    </line>
    <line>
      <![CDATA[SchemeSubModuleisEnabledandClickablescript execution starts atThu Dec 03 10:19:13 IST 2020]]>
    </line>
    <line>
      <![CDATA[SchemeSubModuleisEnabledandClickablescript   is passed]]>
    </line>
    <line>
      <![CDATA[MapServiceWithSchemelinkisEnabledandClickablescript execution starts atThu Dec 03 10:19:19 IST 2020]]>
    </line>
    <line>
      <![CDATA[MapServiceWithSchemelinkisEnabledandClickablescript   is passed]]>
    </line>
    <line>
      <![CDATA[SchemeNameDropdownisEnabledandSelectValuefromtheDropdwonscript execution starts atThu Dec 03 10:19:26 IST 2020]]>
    </line>
    <line>
      <![CDATA[SchemeNameDropdownisEnabledandSelectValuefromtheDropdwonscript   is passed]]>
    </line>
    <line>
      <![CDATA[ServiceCategoryDropdownisEnabledandSelectValuefromtheDropdwonscript execution starts atThu Dec 03 10:19:28 IST 2020]]>
    </line>
    <line>
      <![CDATA[ServiceCategoryDropdownisEnabledandSelectValuefromtheDropdwonscript   is passed]]>
    </line>
    <line>
      <![CDATA[FirstServiceRateTextBoxisEnabledandEnterValidRatescript execution starts atThu Dec 03 10:19:32 IST 2020]]>
    </line>
    <line>
      <![CDATA[FirstServiceRateTextBoxisEnabledandEnterValidRatescript   is passed]]>
    </line>
    <line>
      <![CDATA[PreauthorizationCheckboxisEnabledandClickablescript execution starts atThu Dec 03 10:19:38 IST 2020]]>
    </line>
    <line>
      <![CDATA[PreauthorizationCheckboxisEnabledandClickablescript   is passed]]>
    </line>
    <line>
      <![CDATA[SelectCheckboxisEnabledandClickablescript execution starts atThu Dec 03 10:19:43 IST 2020]]>
    </line>
    <line>
      <![CDATA[SelectCheckboxisEnabledandClickablescript   is passed]]>
    </line>
    <line>
      <![CDATA[MapServicebuttonisEnabledandClickablescript execution starts atThu Dec 03 10:19:47 IST 2020]]>
    </line>
    <line>
      <![CDATA[MapServicebuttonisEnabledandClickable script  is failed]]>
    </line>
    <line>
      <![CDATA[Suite Execution ends:Thu Dec 03 10:20:02 IST 2020]]>
    </line>
    <line>
      <![CDATA[Total scripts executed:177]]>
    </line>
    <line>
      <![CDATA[Total scripts passed166]]>
    </line>
    <line>
      <![CDATA[Total scripts failed11]]>
    </line>
    <line>
      <![CDATA[Total scripts skipped0]]>
    </line>
    <line>
      <![CDATA[framework execution starts at Thu Dec 03 10:20:02 IST 2020]]>
    </line>
    <line>
      <![CDATA[CreatepatientaccountLinkisDisplayedscript execution starts atThu Dec 03 10:20:02 IST 2020]]>
    </line>
    <line>
      <![CDATA[CreatepatientaccountLinkisDisplayedscript   is passed]]>
    </line>
    <line>
      <![CDATA[CreatepatientaccountLinkisEnabledandClickablescript execution starts atThu Dec 03 10:20:06 IST 2020]]>
    </line>
    <line>
      <![CDATA[CreatepatientaccountLinkisEnabledandClickablescript   is passed]]>
    </line>
    <line>
      <![CDATA[IDDropdownisEnabledandSelectValuescript execution starts atThu Dec 03 10:20:13 IST 2020]]>
    </line>
    <line>
      <![CDATA[IDDropdownisEnabledandSelectValuescript   is passed]]>
    </line>
    <line>
      <![CDATA[IDTextboxisEnabledandEnterValidIDscript execution starts atThu Dec 03 10:20:17 IST 2020]]>
    </line>
    <line>
      <![CDATA[IDTextboxisEnabledandEnterValidIDscript   is passed]]>
    </line>
    <line>
      <![CDATA[PatientTypeDropdownisEnabledscript execution starts atThu Dec 03 10:20:29 IST 2020]]>
    </line>
    <line>
      <![CDATA[PatientTypeDropdownisEnabledscript   is passed]]>
    </line>
    <line>
      <![CDATA[BillingTypeDropdownisEnabledscript execution starts atThu Dec 03 10:20:29 IST 2020]]>
    </line>
    <line>
      <![CDATA[BillingTypeDropdownisEnabledscript   is passed]]>
    </line>
    <line>
      <![CDATA[SchemeNamedropdownisEnabledandSelectValuescript execution starts atThu Dec 03 10:20:29 IST 2020]]>
    </line>
    <line>
      <![CDATA[SchemeNamedropdownisEnabledandSelectValuescript   is passed]]>
    </line>
    <line>
      <![CDATA[AmountLimitTextBoxisEnabledandChangetheAmountscript execution starts atThu Dec 03 10:20:34 IST 2020]]>
    </line>
    <line>
      <![CDATA[AmountLimitTextBoxisEnabledandChangetheAmount script  is failed]]>
    </line>
    <line>
      <![CDATA[AccountNumberTextBoxisEnabledandEnterAccountNumberscript execution starts atThu Dec 03 10:20:42 IST 2020]]>
    </line>
    <line>
      <![CDATA[AccountNumberTextBoxisEnabledandEnterAccountNumberscript   is passed]]>
    </line>
    <line>
      <![CDATA[AccountDetailsTextBoxisEnabledandEnterDetailscript execution starts atThu Dec 03 10:21:03 IST 2020]]>
    </line>
    <line>
      <![CDATA[AccountDetailsTextBoxisEnabledandEnterDetailscript   is passed]]>
    </line>
    <line>
      <![CDATA[BlockimgbuttonisDisplayedandClickablescript execution starts atThu Dec 03 10:21:19 IST 2020]]>
    </line>
    <line>
      <![CDATA[BlockimgbuttonisDisplayedandClickablescript   is passed]]>
    </line>
    <line>
      <![CDATA[UnblocklinkisEnabledandClickablescript execution starts atThu Dec 03 10:21:48 IST 2020]]>
    </line>
    <line>
      <![CDATA[UnblocklinkisEnabledandClickablescript   is passed]]>
    </line>
    <line>
      <![CDATA[DeletebuttonisEnabledandClickablescript execution starts atThu Dec 03 10:22:00 IST 2020]]>
    </line>
    <line>
      <![CDATA[DeletebuttonisEnabledandClickablescript   is passed]]>
    </line>
    <line>
      <![CDATA[TryingtocreatePatientAccountforTransGenderPatirntscript execution starts atThu Dec 03 10:22:13 IST 2020]]>
    </line>
    <line>
      <![CDATA[TryingtocreatePatientAccountforTransGenderPatirnt script  is failed]]>
    </line>
    <line>
      <![CDATA[Suite Execution ends:Thu Dec 03 10:22:55 IST 2020]]>
    </line>
    <line>
      <![CDATA[Total scripts executed:191]]>
    </line>
    <line>
      <![CDATA[Total scripts passed178]]>
    </line>
    <line>
      <![CDATA[Total scripts failed13]]>
    </line>
    <line>
      <![CDATA[Total scripts skipped0]]>
    </line>
    <line>
      <![CDATA[framework execution starts at Thu Dec 03 10:22:55 IST 2020]]>
    </line>
    <line>
      <![CDATA[BillGenerationlinkisDisplayedscript execution starts atThu Dec 03 10:22:55 IST 2020]]>
    </line>
    <line>
      <![CDATA[BillGenerationlinkisDisplayedscript   is passed]]>
    </line>
    <line>
      <![CDATA[BillGenerationlinkisEnablededandClickablescript execution starts atThu Dec 03 10:22:59 IST 2020]]>
    </line>
    <line>
      <![CDATA[BillGenerationlinkisEnablededandClickablescript   is passed]]>
    </line>
    <line>
      <![CDATA[RegisteredPatientRadioButtonisEnabledandClickablescript execution starts atThu Dec 03 10:23:05 IST 2020]]>
    </line>
    <line>
      <![CDATA[RegisteredPatientRadioButtonisEnabledandClickablescript   is passed]]>
    </line>
    <line>
      <![CDATA[PatientIDDropdownisEnabledandSelectvaluescript execution starts atThu Dec 03 10:23:10 IST 2020]]>
    </line>
    <line>
      <![CDATA[PatientIDDropdownisEnabledandSelectvaluescript   is passed]]>
    </line>
    <line>
      <![CDATA[SearchbuttonisEnabledandClickablescript execution starts atThu Dec 03 10:23:14 IST 2020]]>
    </line>
    <line>
      <![CDATA[SearchbuttonisEnabledandClickable script  is failed]]>
    </line>
    <line>
      <![CDATA[EntervalidIDintothePatientIDTextBoxscript execution starts atThu Dec 03 10:23:20 IST 2020]]>
    </line>
    <line>
      <![CDATA[EntervalidIDintothePatientIDTextBoxscript   is passed]]>
    </line>
    <line>
      <![CDATA[ValidatePatientTypeDropdownandIsEnabledTryingtoselectValuesscript execution starts atThu Dec 03 10:23:31 IST 2020]]>
    </line>
    <line>
      <![CDATA[ValidatePatientTypeDropdownandIsEnabledTryingtoselectValuesscript   is passed]]>
    </line>
    <line>
      <![CDATA[ValidateBillibgTypeDropdownandIsEnabledTryingtoselectValuesscript execution starts atThu Dec 03 10:23:35 IST 2020]]>
    </line>
    <line>
      <![CDATA[ValidateBillibgTypeDropdownandIsEnabledTryingtoselectValuesscript   is passed]]>
    </line>
    <line>
      <![CDATA[SchemeDropdownisEnabledandSelectValuescript execution starts atThu Dec 03 10:23:39 IST 2020]]>
    </line>
    <line>
      <![CDATA[SchemeDropdownisEnabledandSelectValuescript   is passed]]>
    </line>
    <line>
      <![CDATA[PrepareRecepitForOtherServicesscript execution starts atThu Dec 03 10:23:43 IST 2020]]>
    </line>
    <line>
      <![CDATA[PrepareRecepitForOtherServicesscript   is passed]]>
    </line>
    <line>
      <![CDATA[ViewStatementlinkisEnabledandClickablescript execution starts atThu Dec 03 10:24:08 IST 2020]]>
    </line>
    <line>
      <![CDATA[ViewStatementlinkisEnabledandClickablescript   is passed]]>
    </line>
    <line>
      <![CDATA[NextbuttonisEnabledandClickablescript execution starts atThu Dec 03 10:24:13 IST 2020]]>
    </line>
    <line>
      <![CDATA[NextbuttonisEnabledandClickablescript   is passed]]>
    </line>
    <line>
      <![CDATA[RegisterPatientandPrepareBillbuttonisEnabledandClickablescript execution starts atThu Dec 03 10:24:15 IST 2020]]>
    </line>
    <line>
      <![CDATA[RegisterPatientandPrepareBillbuttonisEnabledandClickablescript   is passed]]>
    </line>
    <line>
      <![CDATA[DetailedReceiptRadiobuttoninBillPreparedSuccessfullyMessagePopupisEnabledandClickablescript execution starts atThu Dec 03 10:24:19 IST 2020]]>
    </line>
    <line>
      <![CDATA[DetailedReceiptRadiobuttoninBillPreparedSuccessfullyMessagePopupisEnabledandClickablescript   is passed]]>
    </line>
    <line>
      <![CDATA[ClickheretoprintMoneyReceiptbuttonisEnabledandClickablescript execution starts atThu Dec 03 10:24:22 IST 2020]]>
    </line>
    <line>
      <![CDATA[ClickheretoprintMoneyReceiptbuttonisEnabledandClickablescript   is passed]]>
    </line>
    <line>
      <![CDATA[HeadOfAccountDropdownisEnabledandSelectValuescript execution starts atThu Dec 03 10:24:41 IST 2020]]>
    </line>
    <line>
      <![CDATA[HeadOfAccountDropdownisEnabledandSelectValuescript   is passed]]>
    </line>
    <line>
      <![CDATA[CategoryDropdownisEnabledandSelectvaluescript execution starts atThu Dec 03 10:24:47 IST 2020]]>
    </line>
    <line>
      <![CDATA[CategoryDropdownisEnabledandSelectvaluescript   is passed]]>
    </line>
    <line>
      <![CDATA[Checkboxtoselectservices1isEnabledandSelectablescript execution starts atThu Dec 03 10:24:53 IST 2020]]>
    </line>
    <line>
      <![CDATA[Checkboxtoselectservices1isEnabledandSelectablescript   is passed]]>
    </line>
    <line>
      <![CDATA[AddToListButtonisEnabledandClickablescript execution starts atThu Dec 03 10:25:00 IST 2020]]>
    </line>
    <line>
      <![CDATA[AddToListButtonisEnabledandClickablescript   is passed]]>
    </line>
    <line>
      <![CDATA[ConsolidatedReceiptRadiobuttoninBillPreparedSuccessfullyMessagePopupisEnabledandClickablescript execution starts atThu Dec 03 10:25:09 IST 2020]]>
    </line>
    <line>
      <![CDATA[ConsolidatedReceiptRadiobuttoninBillPreparedSuccessfullyMessagePopupisEnabledandClickablescript   is passed]]>
    </line>
    <line>
      <![CDATA[ConsolidatedReceiptRadiobuttoninBillPreparedSuccessfullyMessagePopupisSelectedscript execution starts atThu Dec 03 10:25:11 IST 2020]]>
    </line>
    <line>
      <![CDATA[ConsolidatedReceiptRadiobuttoninBillPreparedSuccessfullyMessagePopupisSelectedscript   is passed]]>
    </line>
  </reporter-output>
  <suite name="Suite" duration-ms="1947805" started-at="2020-12-03T09:53:04 IST" finished-at="2020-12-03T10:25:32 IST">
    <groups>
      <group name="Functional">
        <method signature="LoginTest.validlogin()[pri:1, instance:ehospital.Login_Page.TestScripts.LoginTest@35fc6dc4]" name="validlogin" class="ehospital.Login_Page.TestScripts.LoginTest"/>
        <method signature="HomeTest.Adminlinkdisplayed()[pri:1, instance:ehospital.Login_Page.TestScripts.HomeTest@41ee392b]" name="Adminlinkdisplayed" class="ehospital.Login_Page.TestScripts.HomeTest"/>
        <method signature="HomeTest.CONFIGUREOPDREGISTRATIONSLIPtabisdisplayed()[pri:10, instance:ehospital.Login_Page.TestScripts.HomeTest@41ee392b]" name="CONFIGUREOPDREGISTRATIONSLIPtabisdisplayed" class="ehospital.Login_Page.TestScripts.HomeTest"/>
        <method signature="HomeTest.ClickonAdminmoduleandcheckenabled()[pri:2, instance:ehospital.Login_Page.TestScripts.HomeTest@41ee392b]" name="ClickonAdminmoduleandcheckenabled" class="ehospital.Login_Page.TestScripts.HomeTest"/>
        <method signature="HomeTest.NDMCTemplateCheckBoxisenabled()[pri:8, instance:ehospital.Login_Page.TestScripts.HomeTest@41ee392b]" name="NDMCTemplateCheckBoxisenabled" class="ehospital.Login_Page.TestScripts.HomeTest"/>
        <method signature="HomeTest.SelectOPDCardTemplateimageisdisplayed()[pri:12, instance:ehospital.Login_Page.TestScripts.HomeTest@41ee392b]" name="SelectOPDCardTemplateimageisdisplayed" class="ehospital.Login_Page.TestScripts.HomeTest"/>
        <method signature="HomeTest.Selecttemplate5()[pri:16, instance:ehospital.Login_Page.TestScripts.HomeTest@41ee392b]" name="Selecttemplate5" class="ehospital.Login_Page.TestScripts.HomeTest"/>
        <method signature="HomeTest.Updatebuttonisenabled()[pri:9, instance:ehospital.Login_Page.TestScripts.HomeTest@41ee392b]" name="Updatebuttonisenabled" class="ehospital.Login_Page.TestScripts.HomeTest"/>
        <method signature="HomeTest.ValidateCONFIGUREREGISTRATIONTEMPLATETabisenabled()[pri:7, instance:ehospital.Login_Page.TestScripts.HomeTest@41ee392b]" name="ValidateCONFIGUREREGISTRATIONTEMPLATETabisenabled" class="ehospital.Login_Page.TestScripts.HomeTest"/>
        <method signature="HomeTest.clickonCONFIGUREOPDREGISTRATIONSLIPtabandcheckisenabled()[pri:11, instance:ehospital.Login_Page.TestScripts.HomeTest@41ee392b]" name="clickonCONFIGUREOPDREGISTRATIONSLIPtabandcheckisenabled" class="ehospital.Login_Page.TestScripts.HomeTest"/>
        <method signature="HomeTest.clickonSelectOPDCardTemplateimageandcheckisenabled()[pri:13, instance:ehospital.Login_Page.TestScripts.HomeTest@41ee392b]" name="clickonSelectOPDCardTemplateimageandcheckisenabled" class="ehospital.Login_Page.TestScripts.HomeTest"/>
        <method signature="HomeTest.clickonconfiglinkandcheckenabled()[pri:4, instance:ehospital.Login_Page.TestScripts.HomeTest@41ee392b]" name="clickonconfiglinkandcheckenabled" class="ehospital.Login_Page.TestScripts.HomeTest"/>
        <method signature="HomeTest.clickonconfigureOPDRegisterlinkandcheckenabled()[pri:6, instance:ehospital.Login_Page.TestScripts.HomeTest@41ee392b]" name="clickonconfigureOPDRegisterlinkandcheckenabled" class="ehospital.Login_Page.TestScripts.HomeTest"/>
        <method signature="HomeTest.clickonleftbuttontoselectslipandcheckenabled()[pri:15, instance:ehospital.Login_Page.TestScripts.HomeTest@41ee392b]" name="clickonleftbuttontoselectslipandcheckenabled" class="ehospital.Login_Page.TestScripts.HomeTest"/>
        <method signature="HomeTest.clickonsavebuttonandcheckenabled()[pri:18, instance:ehospital.Login_Page.TestScripts.HomeTest@41ee392b]" name="clickonsavebuttonandcheckenabled" class="ehospital.Login_Page.TestScripts.HomeTest"/>
        <method signature="HomeTest.configureOPDRegisterlinkisdisplayed()[pri:5, instance:ehospital.Login_Page.TestScripts.HomeTest@41ee392b]" name="configureOPDRegisterlinkisdisplayed" class="ehospital.Login_Page.TestScripts.HomeTest"/>
        <method signature="HomeTest.configurelinkdisplayed()[pri:3, instance:ehospital.Login_Page.TestScripts.HomeTest@41ee392b]" name="configurelinkdisplayed" class="ehospital.Login_Page.TestScripts.HomeTest"/>
        <method signature="HomeTest.logout()[pri:19, instance:ehospital.Login_Page.TestScripts.HomeTest@41ee392b]" name="logout" class="ehospital.Login_Page.TestScripts.HomeTest"/>
        <method signature="PatientRegistrationTestScripts.GenerateUHIDandPasteintoexcelsheet()[pri:7, instance:ehospital.Patient_Registration.TestScripts.PatientRegistrationTestScripts@64c87930]" name="GenerateUHIDandPasteintoexcelsheet" class="ehospital.Patient_Registration.TestScripts.PatientRegistrationTestScripts"/>
        <method signature="PatientRegistrationTestScripts.NewRegistrationlinkisdisplayed()[pri:3, instance:ehospital.Patient_Registration.TestScripts.PatientRegistrationTestScripts@64c87930]" name="NewRegistrationlinkisdisplayed" class="ehospital.Patient_Registration.TestScripts.PatientRegistrationTestScripts"/>
        <method signature="PatientRegistrationTestScripts.Patientregistrationlinkisdisplayed()[pri:1, instance:ehospital.Patient_Registration.TestScripts.PatientRegistrationTestScripts@64c87930]" name="Patientregistrationlinkisdisplayed" class="ehospital.Patient_Registration.TestScripts.PatientRegistrationTestScripts"/>
        <method signature="PatientRegistrationTestScripts.clickonlinkandPatientregistrationlinkandisenabled()[pri:2, instance:ehospital.Patient_Registration.TestScripts.PatientRegistrationTestScripts@64c87930]" name="clickonlinkandPatientregistrationlinkandisenabled" class="ehospital.Patient_Registration.TestScripts.PatientRegistrationTestScripts"/>
        <method signature="PatientRegistrationTestScripts.clickonnewregistrationlinkandisenabled()[pri:4, instance:ehospital.Patient_Registration.TestScripts.PatientRegistrationTestScripts@64c87930]" name="clickonnewregistrationlinkandisenabled" class="ehospital.Patient_Registration.TestScripts.PatientRegistrationTestScripts"/>
        <method signature="PatientRegistrationTestScripts.clickonskipbuttonandisenabled()[pri:6, instance:ehospital.Patient_Registration.TestScripts.PatientRegistrationTestScripts@64c87930]" name="clickonskipbuttonandisenabled" class="ehospital.Patient_Registration.TestScripts.PatientRegistrationTestScripts"/>
        <method signature="PatientRegistrationTestScripts.logout()[pri:8, instance:ehospital.Patient_Registration.TestScripts.PatientRegistrationTestScripts@64c87930]" name="logout" class="ehospital.Patient_Registration.TestScripts.PatientRegistrationTestScripts"/>
        <method signature="PatientRegistrationTestScripts.skipbuttonisdispalyed()[pri:5, instance:ehospital.Patient_Registration.TestScripts.PatientRegistrationTestScripts@64c87930]" name="skipbuttonisdispalyed" class="ehospital.Patient_Registration.TestScripts.PatientRegistrationTestScripts"/>
        <method signature="PreparationOfReceiptsTestScripts.AddToListButtonisEnabledandClickable()[pri:37, instance:ehospital.Billing_Module.TestScripts.PreparationOfReceiptsTestScripts@5d47c63f]" name="AddToListButtonisEnabledandClickable" class="ehospital.Billing_Module.TestScripts.PreparationOfReceiptsTestScripts"/>
        <method signature="PreparationOfReceiptsTestScripts.BackbuttoninRecepitisEnabledandClckable()[pri:47, instance:ehospital.Billing_Module.TestScripts.PreparationOfReceiptsTestScripts@5d47c63f]" name="BackbuttoninRecepitisEnabledandClckable" class="ehospital.Billing_Module.TestScripts.PreparationOfReceiptsTestScripts"/>
        <method signature="PreparationOfReceiptsTestScripts.BillingCounterisEnabledandClickable()[pri:4, instance:ehospital.Billing_Module.TestScripts.PreparationOfReceiptsTestScripts@5d47c63f]" name="BillingCounterisEnabledandClickable" class="ehospital.Billing_Module.TestScripts.PreparationOfReceiptsTestScripts"/>
        <method signature="PreparationOfReceiptsTestScripts.BillingModuleisdisplayed()[pri:1, instance:ehospital.Billing_Module.TestScripts.PreparationOfReceiptsTestScripts@5d47c63f]" name="BillingModuleisdisplayed" class="ehospital.Billing_Module.TestScripts.PreparationOfReceiptsTestScripts"/>
        <method signature="PreparationOfReceiptsTestScripts.BillingModuleisenabledandClickable()[pri:2, instance:ehospital.Billing_Module.TestScripts.PreparationOfReceiptsTestScripts@5d47c63f]" name="BillingModuleisenabledandClickable" class="ehospital.Billing_Module.TestScripts.PreparationOfReceiptsTestScripts"/>
        <method signature="PreparationOfReceiptsTestScripts.CancelOptionForSelectedServicesisEnabledandSelectOption()[pri:38, instance:ehospital.Billing_Module.TestScripts.PreparationOfReceiptsTestScripts@5d47c63f]" name="CancelOptionForSelectedServicesisEnabledandSelectOption" class="ehospital.Billing_Module.TestScripts.PreparationOfReceiptsTestScripts"/>
        <method signature="PreparationOfReceiptsTestScripts.CategoryDropdownisEnabledandSelectvalue()[pri:30, instance:ehospital.Billing_Module.TestScripts.PreparationOfReceiptsTestScripts@5d47c63f]" name="CategoryDropdownisEnabledandSelectvalue" class="ehospital.Billing_Module.TestScripts.PreparationOfReceiptsTestScripts"/>
        <method signature="PreparationOfReceiptsTestScripts.Checkboxtoselectservices1isEnabledandSelectable()[pri:35, instance:ehospital.Billing_Module.TestScripts.PreparationOfReceiptsTestScripts@5d47c63f]" name="Checkboxtoselectservices1isEnabledandSelectable" class="ehospital.Billing_Module.TestScripts.PreparationOfReceiptsTestScripts"/>
        <method signature="PreparationOfReceiptsTestScripts.ClickheretoprintMoneyReceiptbuttonisEnabledandClickable()[pri:46, instance:ehospital.Billing_Module.TestScripts.PreparationOfReceiptsTestScripts@5d47c63f]" name="ClickheretoprintMoneyReceiptbuttonisEnabledandClickable" class="ehospital.Billing_Module.TestScripts.PreparationOfReceiptsTestScripts"/>
        <method signature="PreparationOfReceiptsTestScripts.ClickonAddButtonofOtherServicesWithoutanyEntry()[pri:48, instance:ehospital.Billing_Module.TestScripts.PreparationOfReceiptsTestScripts@5d47c63f]" name="ClickonAddButtonofOtherServicesWithoutanyEntry" class="ehospital.Billing_Module.TestScripts.PreparationOfReceiptsTestScripts"/>
        <method signature="PreparationOfReceiptsTestScripts.EnterValidquantityintoQuantityTextBoxforService()[pri:34, instance:ehospital.Billing_Module.TestScripts.PreparationOfReceiptsTestScripts@5d47c63f]" name="EnterValidquantityintoQuantityTextBoxforService" class="ehospital.Billing_Module.TestScripts.PreparationOfReceiptsTestScripts"/>
        <method signature="PreparationOfReceiptsTestScripts.EntervalidIDintothePatientIDTextBox()[pri:14, instance:ehospital.Billing_Module.TestScripts.PreparationOfReceiptsTestScripts@5d47c63f]" name="EntervalidIDintothePatientIDTextBox" class="ehospital.Billing_Module.TestScripts.PreparationOfReceiptsTestScripts"/>
        <method signature="PreparationOfReceiptsTestScripts.HeadOfAccountDropdownisEnabledandSelectValue()[pri:28, instance:ehospital.Billing_Module.TestScripts.PreparationOfReceiptsTestScripts@5d47c63f]" name="HeadOfAccountDropdownisEnabledandSelectValue" class="ehospital.Billing_Module.TestScripts.PreparationOfReceiptsTestScripts"/>
        <method signature="PreparationOfReceiptsTestScripts.PatientWithUHIDRadioButtonisEnabledandClickable()[pri:7, instance:ehospital.Billing_Module.TestScripts.PreparationOfReceiptsTestScripts@5d47c63f]" name="PatientWithUHIDRadioButtonisEnabledandClickable" class="ehospital.Billing_Module.TestScripts.PreparationOfReceiptsTestScripts"/>
        <method signature="PreparationOfReceiptsTestScripts.PaymentModeDropdownisEnabledandSelectValue()[pri:19, instance:ehospital.Billing_Module.TestScripts.PreparationOfReceiptsTestScripts@5d47c63f]" name="PaymentModeDropdownisEnabledandSelectValue" class="ehospital.Billing_Module.TestScripts.PreparationOfReceiptsTestScripts"/>
        <method signature="PreparationOfReceiptsTestScripts.PrePareRecepitWithValidMobileNumber()[pri:51, instance:ehospital.Billing_Module.TestScripts.PreparationOfReceiptsTestScripts@5d47c63f]" name="PrePareRecepitWithValidMobileNumber" class="ehospital.Billing_Module.TestScripts.PreparationOfReceiptsTestScripts"/>
        <method signature="PreparationOfReceiptsTestScripts.PreparationOfReceiptslinkisEnabledandClickable()[pri:6, instance:ehospital.Billing_Module.TestScripts.PreparationOfReceiptsTestScripts@5d47c63f]" name="PreparationOfReceiptslinkisEnabledandClickable" class="ehospital.Billing_Module.TestScripts.PreparationOfReceiptsTestScripts"/>
        <method signature="PreparationOfReceiptsTestScripts.PrepareRecepitForOtherServices()[pri:49, instance:ehospital.Billing_Module.TestScripts.PreparationOfReceiptsTestScripts@5d47c63f]" name="PrepareRecepitForOtherServices" class="ehospital.Billing_Module.TestScripts.PreparationOfReceiptsTestScripts"/>
        <method signature="PreparationOfReceiptsTestScripts.PrepareRecepitForPayAdvanceOption()[pri:45, instance:ehospital.Billing_Module.TestScripts.PreparationOfReceiptsTestScripts@5d47c63f]" name="PrepareRecepitForPayAdvanceOption" class="ehospital.Billing_Module.TestScripts.PreparationOfReceiptsTestScripts"/>
        <method signature="PreparationOfReceiptsTestScripts.SearchFilterOfPatientWithUHIDDropdownisEnabledandSelectvalue()[pri:9, instance:ehospital.Billing_Module.TestScripts.PreparationOfReceiptsTestScripts@5d47c63f]" name="SearchFilterOfPatientWithUHIDDropdownisEnabledandSelectvalue" class="ehospital.Billing_Module.TestScripts.PreparationOfReceiptsTestScripts"/>
        <method signature="PreparationOfReceiptsTestScripts.SearchbuttonisEnabledandClickable()[pri:12, instance:ehospital.Billing_Module.TestScripts.PreparationOfReceiptsTestScripts@5d47c63f]" name="SearchbuttonisEnabledandClickable" class="ehospital.Billing_Module.TestScripts.PreparationOfReceiptsTestScripts"/>
        <method signature="PreparationOfReceiptsTestScripts.ValidateBillibgTypeDropdownandIsEnabledTryingtoselectValues()[pri:17, instance:ehospital.Billing_Module.TestScripts.PreparationOfReceiptsTestScripts@5d47c63f]" name="ValidateBillibgTypeDropdownandIsEnabledTryingtoselectValues" class="ehospital.Billing_Module.TestScripts.PreparationOfReceiptsTestScripts"/>
        <method signature="PreparationOfReceiptsTestScripts.ValidatePatientTypeDropdownandIsEnabledTryingtoselectValues()[pri:15, instance:ehospital.Billing_Module.TestScripts.PreparationOfReceiptsTestScripts@5d47c63f]" name="ValidatePatientTypeDropdownandIsEnabledTryingtoselectValues" class="ehospital.Billing_Module.TestScripts.PreparationOfReceiptsTestScripts"/>
        <method signature="DuplicateReceiptTestScripts.CashbookDropdownisEnabledandSelectable()[pri:10, instance:ehospital.Billing_Module.TestScripts.DuplicateReceiptTestScripts@45f45fa1]" name="CashbookDropdownisEnabledandSelectable" class="ehospital.Billing_Module.TestScripts.DuplicateReceiptTestScripts"/>
        <method signature="DuplicateReceiptTestScripts.ClickonSerchbuttonWithvalidRecepitNo()[pri:20, instance:ehospital.Billing_Module.TestScripts.DuplicateReceiptTestScripts@45f45fa1]" name="ClickonSerchbuttonWithvalidRecepitNo" class="ehospital.Billing_Module.TestScripts.DuplicateReceiptTestScripts"/>
        <method signature="DuplicateReceiptTestScripts.DuplicateRecepitlinkisDisplayed()[pri:1, instance:ehospital.Billing_Module.TestScripts.DuplicateReceiptTestScripts@45f45fa1]" name="DuplicateRecepitlinkisDisplayed" class="ehospital.Billing_Module.TestScripts.DuplicateReceiptTestScripts"/>
        <method signature="DuplicateReceiptTestScripts.DuplicateRecepitlinkisEnabledandClickable()[pri:2, instance:ehospital.Billing_Module.TestScripts.DuplicateReceiptTestScripts@45f45fa1]" name="DuplicateRecepitlinkisEnabledandClickable" class="ehospital.Billing_Module.TestScripts.DuplicateReceiptTestScripts"/>
        <method signature="DuplicateReceiptTestScripts.GetSearchresultbuttonofRecepitNoFilterisEnabledandClickable()[pri:18, instance:ehospital.Billing_Module.TestScripts.DuplicateReceiptTestScripts@45f45fa1]" name="GetSearchresultbuttonofRecepitNoFilterisEnabledandClickable" class="ehospital.Billing_Module.TestScripts.DuplicateReceiptTestScripts"/>
        <method signature="DuplicateReceiptTestScripts.GetSearchresultbuttonofUHIDFilterisEnabledandClickable()[pri:12, instance:ehospital.Billing_Module.TestScripts.DuplicateReceiptTestScripts@45f45fa1]" name="GetSearchresultbuttonofUHIDFilterisEnabledandClickable" class="ehospital.Billing_Module.TestScripts.DuplicateReceiptTestScripts"/>
        <method signature="DuplicateReceiptTestScripts.RecepitNoRadiobuttonisEnabledandSelectable()[pri:16, instance:ehospital.Billing_Module.TestScripts.DuplicateReceiptTestScripts@45f45fa1]" name="RecepitNoRadiobuttonisEnabledandSelectable" class="ehospital.Billing_Module.TestScripts.DuplicateReceiptTestScripts"/>
        <method signature="DuplicateReceiptTestScripts.UHIDRadiobuttonisEnabledandClickbale()[pri:8, instance:ehospital.Billing_Module.TestScripts.DuplicateReceiptTestScripts@45f45fa1]" name="UHIDRadiobuttonisEnabledandClickbale" class="ehospital.Billing_Module.TestScripts.DuplicateReceiptTestScripts"/>
        <method signature="DuplicateReceiptTestScripts.clickonGetSearchResultbuttonwithvalidUHID()[pri:15, instance:ehospital.Billing_Module.TestScripts.DuplicateReceiptTestScripts@45f45fa1]" name="clickonGetSearchResultbuttonwithvalidUHID" class="ehospital.Billing_Module.TestScripts.DuplicateReceiptTestScripts"/>
        <method signature="RateConfigurationofServicesTestScripts.BasicRateTextBoxisEnabledandEntervalidRate()[pri:8, instance:ehospital.Billing_Module.TestScripts.RateConfigurationofServicesTestScripts@123f1134]" name="BasicRateTextBoxisEnabledandEntervalidRate" class="ehospital.Billing_Module.TestScripts.RateConfigurationofServicesTestScripts"/>
        <method signature="RateConfigurationofServicesTestScripts.BillingAdminSubModuleisDispalyed()[pri:1, instance:ehospital.Billing_Module.TestScripts.RateConfigurationofServicesTestScripts@123f1134]" name="BillingAdminSubModuleisDispalyed" class="ehospital.Billing_Module.TestScripts.RateConfigurationofServicesTestScripts"/>
        <method signature="RateConfigurationofServicesTestScripts.BillingAdminSubModuleisEnabledandClickable()[pri:2, instance:ehospital.Billing_Module.TestScripts.RateConfigurationofServicesTestScripts@123f1134]" name="BillingAdminSubModuleisEnabledandClickable" class="ehospital.Billing_Module.TestScripts.RateConfigurationofServicesTestScripts"/>
        <method signature="RateConfigurationofServicesTestScripts.CancelbuttonisEnabledandClickable()[pri:15, instance:ehospital.Billing_Module.TestScripts.RateConfigurationofServicesTestScripts@123f1134]" name="CancelbuttonisEnabledandClickable" class="ehospital.Billing_Module.TestScripts.RateConfigurationofServicesTestScripts"/>
        <method signature="RateConfigurationofServicesTestScripts.ChangeForAlllinkisEnabledandClickable()[pri:9, instance:ehospital.Billing_Module.TestScripts.RateConfigurationofServicesTestScripts@123f1134]" name="ChangeForAlllinkisEnabledandClickable" class="ehospital.Billing_Module.TestScripts.RateConfigurationofServicesTestScripts"/>
        <method signature="RateConfigurationofServicesTestScripts.DetailslinkisEnabledandClickable()[pri:6, instance:ehospital.Billing_Module.TestScripts.RateConfigurationofServicesTestScripts@123f1134]" name="DetailslinkisEnabledandClickable" class="ehospital.Billing_Module.TestScripts.RateConfigurationofServicesTestScripts"/>
        <method signature="RateConfigurationofServicesTestScripts.FreeCheckBoxisEnabledandSelectable()[pri:13, instance:ehospital.Billing_Module.TestScripts.RateConfigurationofServicesTestScripts@123f1134]" name="FreeCheckBoxisEnabledandSelectable" class="ehospital.Billing_Module.TestScripts.RateConfigurationofServicesTestScripts"/>
        <method signature="RateConfigurationofServicesTestScripts.RateConfigurationofServicesLinkisEnabledandClickable()[pri:4, instance:ehospital.Billing_Module.TestScripts.RateConfigurationofServicesTestScripts@123f1134]" name="RateConfigurationofServicesLinkisEnabledandClickable" class="ehospital.Billing_Module.TestScripts.RateConfigurationofServicesTestScripts"/>
        <method signature="RateConfigurationofServicesTestScripts.RateTextBoxisEnabledandEnterValidData()[pri:12, instance:ehospital.Billing_Module.TestScripts.RateConfigurationofServicesTestScripts@123f1134]" name="RateTextBoxisEnabledandEnterValidData" class="ehospital.Billing_Module.TestScripts.RateConfigurationofServicesTestScripts"/>
        <method signature="RateConfigurationofServicesTestScripts.SavebuttonisEnabledandClickable()[pri:10, instance:ehospital.Billing_Module.TestScripts.RateConfigurationofServicesTestScripts@123f1134]" name="SavebuttonisEnabledandClickable" class="ehospital.Billing_Module.TestScripts.RateConfigurationofServicesTestScripts"/>
[...]
            </line>
            <line>
              <![CDATA[RegisteredPatientRadioButtonisEnabledandClickablescript   is passed]]>
            </line>
          </reporter-output>
        </test-method> <!-- RegisteredPatientRadioButtonisEnabledandClickable -->
        <test-method status="PASS" signature="PatientIDDropdownisEnabledandSelectvalue()[pri:5, instance:ehospital.Billing_Module.TestScripts.BillGenerationTestScripts@5e4c8041]" name="PatientIDDropdownisEnabledandSelectvalue" duration-ms="4136" started-at="2020-12-03T10:23:10 IST" finished-at="2020-12-03T10:23:14 IST">
          <reporter-output>
            <line>
              <![CDATA[PatientIDDropdownisEnabledandSelectvaluescript execution starts atThu Dec 03 10:23:10 IST 2020]]>
            </line>
            <line>
              <![CDATA[PatientIDDropdownisEnabledandSelectvaluescript   is passed]]>
            </line>
          </reporter-output>
        </test-method> <!-- PatientIDDropdownisEnabledandSelectvalue -->
        <test-method status="FAIL" signature="SearchbuttonisEnabledandClickable()[pri:8, instance:ehospital.Billing_Module.TestScripts.BillGenerationTestScripts@5e4c8041]" name="SearchbuttonisEnabledandClickable" duration-ms="6259" started-at="2020-12-03T10:23:14 IST" finished-at="2020-12-03T10:23:20 IST">
          <exception class="org.openqa.selenium.NoAlertPresentException">
            <message>
              <![CDATA[
Build info: version: '3.141.59', revision: 'e82be7d358', time: '2018-11-14T08:17:03'
System info: host: 'DESKTOP-E38VFT2', ip: '192.168.75.1', os.name: 'Windows 10', os.arch: 'amd64', os.version: '10.0', java.version: '1.8.0_151'
Driver info: org.openqa.selenium.firefox.FirefoxDriver
Capabilities {acceptInsecureCerts: true, browserName: firefox, browserVersion: 84.0, javascriptEnabled: true, moz:accessibilityChecks: false, moz:buildID: 20201201213706, moz:geckodriverVersion: 0.27.0, moz:headless: false, moz:processID: 1204, moz:profile: C:\Users\nicsi\AppData\Loca..., moz:shutdownTimeout: 60000, moz:useNonSpecCompliantPointerOrigin: false, moz:webdriverClick: true, pageLoadStrategy: normal, platform: WINDOWS, platformName: WINDOWS, platformVersion: 10.0, rotatable: false, setWindowRect: true, strictFileInteractability: false, timeouts: {implicit: 0, pageLoad: 300000, script: 30000}, unhandledPromptBehavior: dismiss and notify}
Session ID: 4e03be95-292b-420c-94da-cab5ae4db6b0]]>
            </message>
            <full-stacktrace>
              <![CDATA[org.openqa.selenium.NoAlertPresentException: 
Build info: version: '3.141.59', revision: 'e82be7d358', time: '2018-11-14T08:17:03'
System info: host: 'DESKTOP-E38VFT2', ip: '192.168.75.1', os.name: 'Windows 10', os.arch: 'amd64', os.version: '10.0', java.version: '1.8.0_151'
Driver info: org.openqa.selenium.firefox.FirefoxDriver
Capabilities {acceptInsecureCerts: true, browserName: firefox, browserVersion: 84.0, javascriptEnabled: true, moz:accessibilityChecks: false, moz:buildID: 20201201213706, moz:geckodriverVersion: 0.27.0, moz:headless: false, moz:processID: 1204, moz:profile: C:\Users\nicsi\AppData\Loca..., moz:shutdownTimeout: 60000, moz:useNonSpecCompliantPointerOrigin: false, moz:webdriverClick: true, pageLoadStrategy: normal, platform: WINDOWS, platformName: WINDOWS, platformVersion: 10.0, rotatable: false, setWindowRect: true, strictFileInteractability: false, timeouts: {implicit: 0, pageLoad: 300000, script: 30000}, unhandledPromptBehavior: dismiss and notify}
Session ID: 4e03be95-292b-420c-94da-cab5ae4db6b0
at sun.reflect.NativeConstructorAccessorImpl.newInstance0(Native Method)
at sun.reflect.NativeConstructorAccessorImpl.newInstance(Unknown Source)
at sun.reflect.DelegatingConstructorAccessorImpl.newInstance(Unknown Source)
at java.lang.reflect.Constructor.newInstance(Unknown Source)
at org.openqa.selenium.remote.http.W3CHttpResponseCodec.createException(W3CHttpResponseCodec.java:187)
at org.openqa.selenium.remote.http.W3CHttpResponseCodec.decode(W3CHttpResponseCodec.java:122)
at org.openqa.selenium.remote.http.W3CHttpResponseCodec.decode(W3CHttpResponseCodec.java:49)
at org.openqa.selenium.remote.HttpCommandExecutor.execute(HttpCommandExecutor.java:158)
at org.openqa.selenium.remote.service.DriverCommandExecutor.execute(DriverCommandExecutor.java:83)
at org.openqa.selenium.remote.RemoteWebDriver.execute(RemoteWebDriver.java:552)
at org.openqa.selenium.remote.RemoteWebDriver.execute(RemoteWebDriver.java:609)
at org.openqa.selenium.remote.RemoteWebDriver$RemoteTargetLocator.alert(RemoteWebDriver.java:932)
at in.nic.ehospial.generic.BaseClass.GetAlertText(BaseClass.java:731)
at ehospital.Billing_Module.TestScripts.BillGenerationTestScripts.SearchbuttonisEnabledandClickable(BillGenerationTestScripts.java:108)
at sun.reflect.NativeMethodAccessorImpl.invoke0(Native Method)
at sun.reflect.NativeMethodAccessorImpl.invoke(Unknown Source)
at sun.reflect.DelegatingMethodAccessorImpl.invoke(Unknown Source)
at java.lang.reflect.Method.invoke(Unknown Source)
at org.testng.internal.MethodInvocationHelper.invokeMethod(MethodInvocationHelper.java:133)
at org.testng.internal.TestInvoker.invokeMethod(TestInvoker.java:584)
at org.testng.internal.TestInvoker.invokeTestMethod(TestInvoker.java:172)
at org.testng.internal.MethodRunner.runInSequence(MethodRunner.java:46)
at org.testng.internal.TestInvoker$MethodInvocationAgent.invoke(TestInvoker.java:804)
at org.testng.internal.TestInvoker.invokeTestMethods(TestInvoker.java:145)
at org.testng.internal.TestMethodWorker.invokeTestMethods(TestMethodWorker.java:146)
at org.testng.internal.TestMethodWorker.run(TestMethodWorker.java:128)
at java.util.ArrayList.forEach(Unknown Source)
at org.testng.TestRunner.privateRun(TestRunner.java:770)
at org.testng.TestRunner.run(TestRunner.java:591)
at org.testng.SuiteRunner.runTest(SuiteRunner.java:402)
at org.testng.SuiteRunner.runSequentially(SuiteRunner.java:396)
at org.testng.SuiteRunner.privateRun(SuiteRunner.java:355)
at org.testng.SuiteRunner.run(SuiteRunner.java:304)
at org.testng.SuiteRunnerWorker.runSuite(SuiteRunnerWorker.java:53)
at org.testng.SuiteRunnerWorker.run(SuiteRunnerWorker.java:96)
at org.testng.TestNG.runSuitesSequentially(TestNG.java:1180)
at org.testng.TestNG.runSuitesLocally(TestNG.java:1102)
at org.testng.TestNG.runSuites(TestNG.java:1032)
at org.testng.TestNG.run(TestNG.java:1000)
at org.testng.remote.AbstractRemoteTestNG.run(AbstractRemoteTestNG.java:115)
at org.testng.remote.RemoteTestNG.initAndRun(RemoteTestNG.java:251)
at org.testng.remote.RemoteTestNG.main(RemoteTestNG.java:77)
]]>
            </full-stacktrace>
          </exception> <!-- org.openqa.selenium.NoAlertPresentException -->
          <reporter-output>
            <line>
              <![CDATA[SearchbuttonisEnabledandClickablescript execution starts atThu Dec 03 10:23:14 IST 2020]]>
            </line>
            <line>
              <![CDATA[SearchbuttonisEnabledandClickable script  is failed]]>
            </line>
          </reporter-output>
        </test-method> <!-- SearchbuttonisEnabledandClickable -->
        <test-method status="PASS" signature="EntervalidIDintothePatientIDTextBox()[pri:10, instance:ehospital.Billing_Module.TestScripts.BillGenerationTestScripts@5e4c8041]" name="EntervalidIDintothePatientIDTextBox" duration-ms="10780" started-at="2020-12-03T10:23:20 IST" finished-at="2020-12-03T10:23:31 IST">
          <reporter-output>
            <line>
              <![CDATA[EntervalidIDintothePatientIDTextBoxscript execution starts atThu Dec 03 10:23:20 IST 2020]]>
            </line>
            <line>
              <![CDATA[EntervalidIDintothePatientIDTextBoxscript   is passed]]>
            </line>
          </reporter-output>
        </test-method> <!-- EntervalidIDintothePatientIDTextBox -->
        <test-method status="PASS" signature="ValidatePatientTypeDropdownandIsEnabledTryingtoselectValues()[pri:11, instance:ehospital.Billing_Module.TestScripts.BillGenerationTestScripts@5e4c8041]" name="ValidatePatientTypeDropdownandIsEnabledTryingtoselectValues" duration-ms="4072" started-at="2020-12-03T10:23:31 IST" finished-at="2020-12-03T10:23:35 IST">
          <reporter-output>
            <line>
              <![CDATA[ValidatePatientTypeDropdownandIsEnabledTryingtoselectValuesscript execution starts atThu Dec 03 10:23:31 IST 2020]]>
            </line>
            <line>
              <![CDATA[ValidatePatientTypeDropdownandIsEnabledTryingtoselectValuesscript   is passed]]>
            </line>
          </reporter-output>
        </test-method> <!-- ValidatePatientTypeDropdownandIsEnabledTryingtoselectValues -->
        <test-method status="PASS" signature="ValidateBillibgTypeDropdownandIsEnabledTryingtoselectValues()[pri:13, instance:ehospital.Billing_Module.TestScripts.BillGenerationTestScripts@5e4c8041]" name="ValidateBillibgTypeDropdownandIsEnabledTryingtoselectValues" duration-ms="4021" started-at="2020-12-03T10:23:35 IST" finished-at="2020-12-03T10:23:39 IST">
          <reporter-output>
            <line>
              <![CDATA[ValidateBillibgTypeDropdownandIsEnabledTryingtoselectValuesscript execution starts atThu Dec 03 10:23:35 IST 2020]]>
            </line>
            <line>
              <![CDATA[ValidateBillibgTypeDropdownandIsEnabledTryingtoselectValuesscript   is passed]]>
            </line>
          </reporter-output>
        </test-method> <!-- ValidateBillibgTypeDropdownandIsEnabledTryingtoselectValues -->
        <test-method status="PASS" signature="SchemeDropdownisEnabledandSelectValue()[pri:15, instance:ehospital.Billing_Module.TestScripts.BillGenerationTestScripts@5e4c8041]" name="SchemeDropdownisEnabledandSelectValue" duration-ms="4123" started-at="2020-12-03T10:23:39 IST" finished-at="2020-12-03T10:23:43 IST">
          <reporter-output>
            <line>
              <![CDATA[SchemeDropdownisEnabledandSelectValuescript execution starts atThu Dec 03 10:23:39 IST 2020]]>
            </line>
            <line>
              <![CDATA[SchemeDropdownisEnabledandSelectValuescript   is passed]]>
            </line>
          </reporter-output>
        </test-method> <!-- SchemeDropdownisEnabledandSelectValue -->
        <test-method status="PASS" signature="PrepareRecepitForOtherServices()[pri:20, instance:ehospital.Billing_Module.TestScripts.BillGenerationTestScripts@5e4c8041]" name="PrepareRecepitForOtherServices" duration-ms="25101" started-at="2020-12-03T10:23:43 IST" finished-at="2020-12-03T10:24:08 IST">
          <reporter-output>
            <line>
              <![CDATA[PrepareRecepitForOtherServicesscript execution starts atThu Dec 03 10:23:43 IST 2020]]>
            </line>
            <line>
              <![CDATA[PrepareRecepitForOtherServicesscript   is passed]]>
            </line>
          </reporter-output>
        </test-method> <!-- PrepareRecepitForOtherServices -->
        <test-method status="PASS" signature="ViewStatementlinkisEnabledandClickable()[pri:22, instance:ehospital.Billing_Module.TestScripts.BillGenerationTestScripts@5e4c8041]" name="ViewStatementlinkisEnabledandClickable" duration-ms="4374" started-at="2020-12-03T10:24:08 IST" finished-at="2020-12-03T10:24:13 IST">
          <reporter-output>
            <line>
              <![CDATA[ViewStatementlinkisEnabledandClickablescript execution starts atThu Dec 03 10:24:08 IST 2020]]>
            </line>
            <line>
              <![CDATA[ViewStatementlinkisEnabledandClickablescript   is passed]]>
            </line>
          </reporter-output>
        </test-method> <!-- ViewStatementlinkisEnabledandClickable -->
        <test-method status="PASS" signature="NextbuttonisEnabledandClickable()[pri:23, instance:ehospital.Billing_Module.TestScripts.BillGenerationTestScripts@5e4c8041]" name="NextbuttonisEnabledandClickable" duration-ms="2283" started-at="2020-12-03T10:24:13 IST" finished-at="2020-12-03T10:24:15 IST">
          <reporter-output>
            <line>
              <![CDATA[NextbuttonisEnabledandClickablescript execution starts atThu Dec 03 10:24:13 IST 2020]]>
            </line>
            <line>
              <![CDATA[NextbuttonisEnabledandClickablescript   is passed]]>
            </line>
          </reporter-output>
        </test-method> <!-- NextbuttonisEnabledandClickable -->
        <test-method status="PASS" signature="RegisterPatientandPrepareBillbuttonisEnabledandClickable()[pri:24, instance:ehospital.Billing_Module.TestScripts.BillGenerationTestScripts@5e4c8041]" name="RegisterPatientandPrepareBillbuttonisEnabledandClickable" duration-ms="4336" started-at="2020-12-03T10:24:15 IST" finished-at="2020-12-03T10:24:19 IST">
          <reporter-output>
            <line>
              <![CDATA[RegisterPatientandPrepareBillbuttonisEnabledandClickablescript execution starts atThu Dec 03 10:24:15 IST 2020]]>
            </line>
            <line>
              <![CDATA[RegisterPatientandPrepareBillbuttonisEnabledandClickablescript   is passed]]>
            </line>
          </reporter-output>
        </test-method> <!-- RegisterPatientandPrepareBillbuttonisEnabledandClickable -->
        <test-method status="PASS" signature="DetailedReceiptRadiobuttoninBillPreparedSuccessfullyMessagePopupisEnabledandClickable()[pri:25, instance:ehospital.Billing_Module.TestScripts.BillGenerationTestScripts@5e4c8041]" name="DetailedReceiptRadiobuttoninBillPreparedSuccessfullyMessagePopupisEnabledandClickable" duration-ms="2272" started-at="2020-12-03T10:24:19 IST" finished-at="2020-12-03T10:24:22 IST">
          <reporter-output>
            <line>
              <![CDATA[DetailedReceiptRadiobuttoninBillPreparedSuccessfullyMessagePopupisEnabledandClickablescript execution starts atThu Dec 03 10:24:19 IST 2020]]>
            </line>
            <line>
              <![CDATA[DetailedReceiptRadiobuttoninBillPreparedSuccessfullyMessagePopupisEnabledandClickablescript   is passed]]>
            </line>
          </reporter-output>
        </test-method> <!-- DetailedReceiptRadiobuttoninBillPreparedSuccessfullyMessagePopupisEnabledandClickable -->
        <test-method status="PASS" signature="ClickheretoprintMoneyReceiptbuttonisEnabledandClickable()[pri:27, instance:ehospital.Billing_Module.TestScripts.BillGenerationTestScripts@5e4c8041]" name="ClickheretoprintMoneyReceiptbuttonisEnabledandClickable" duration-ms="19153" started-at="2020-12-03T10:24:22 IST" finished-at="2020-12-03T10:24:41 IST">
          <reporter-output>
            <line>
              <![CDATA[ClickheretoprintMoneyReceiptbuttonisEnabledandClickablescript execution starts atThu Dec 03 10:24:22 IST 2020]]>
            </line>
            <line>
              <![CDATA[ClickheretoprintMoneyReceiptbuttonisEnabledandClickablescript   is passed]]>
            </line>
          </reporter-output>
        </test-method> <!-- ClickheretoprintMoneyReceiptbuttonisEnabledandClickable -->
        <test-method status="PASS" signature="HeadOfAccountDropdownisEnabledandSelectValue()[pri:28, instance:ehospital.Billing_Module.TestScripts.BillGenerationTestScripts@5e4c8041]" name="HeadOfAccountDropdownisEnabledandSelectValue" duration-ms="6113" started-at="2020-12-03T10:24:41 IST" finished-at="2020-12-03T10:24:47 IST">
          <reporter-output>
            <line>
              <![CDATA[HeadOfAccountDropdownisEnabledandSelectValuescript execution starts atThu Dec 03 10:24:41 IST 2020]]>
            </line>
            <line>
              <![CDATA[HeadOfAccountDropdownisEnabledandSelectValuescript   is passed]]>
            </line>
          </reporter-output>
        </test-method> <!-- HeadOfAccountDropdownisEnabledandSelectValue -->
        <test-method status="PASS" signature="CategoryDropdownisEnabledandSelectvalue()[pri:30, instance:ehospital.Billing_Module.TestScripts.BillGenerationTestScripts@5e4c8041]" name="CategoryDropdownisEnabledandSelectvalue" duration-ms="6386" started-at="2020-12-03T10:24:47 IST" finished-at="2020-12-03T10:24:53 IST">
          <reporter-output>
            <line>
              <![CDATA[CategoryDropdownisEnabledandSelectvaluescript execution starts atThu Dec 03 10:24:47 IST 2020]]>
            </line>
            <line>
              <![CDATA[CategoryDropdownisEnabledandSelectvaluescript   is passed]]>
            </line>
          </reporter-output>
        </test-method> <!-- CategoryDropdownisEnabledandSelectvalue -->
        <test-method status="PASS" signature="Checkboxtoselectservices1isEnabledandSelectable()[pri:32, instance:ehospital.Billing_Module.TestScripts.BillGenerationTestScripts@5e4c8041]" name="Checkboxtoselectservices1isEnabledandSelectable" duration-ms="6804" started-at="2020-12-03T10:24:53 IST" finished-at="2020-12-03T10:25:00 IST">
          <reporter-output>
            <line>
              <![CDATA[Checkboxtoselectservices1isEnabledandSelectablescript execution starts atThu Dec 03 10:24:53 IST 2020]]>
            </line>
            <line>
              <![CDATA[Checkboxtoselectservices1isEnabledandSelectablescript   is passed]]>
            </line>
          </reporter-output>
        </test-method> <!-- Checkboxtoselectservices1isEnabledandSelectable -->
        <test-method status="PASS" signature="AddToListButtonisEnabledandClickable()[pri:34, instance:ehospital.Billing_Module.TestScripts.BillGenerationTestScripts@5e4c8041]" name="AddToListButtonisEnabledandClickable" duration-ms="8805" started-at="2020-12-03T10:25:00 IST" finished-at="2020-12-03T10:25:09 IST">
          <reporter-output>
            <line>
              <![CDATA[AddToListButtonisEnabledandClickablescript execution starts atThu Dec 03 10:25:00 IST 2020]]>
            </line>
            <line>
              <![CDATA[AddToListButtonisEnabledandClickablescript   is passed]]>
            </line>
          </reporter-output>
        </test-method> <!-- AddToListButtonisEnabledandClickable -->
        <test-method status="PASS" signature="ConsolidatedReceiptRadiobuttoninBillPreparedSuccessfullyMessagePopupisEnabledandClickable()[pri:35, instance:ehospital.Billing_Module.TestScripts.BillGenerationTestScripts@5e4c8041]" name="ConsolidatedReceiptRadiobuttoninBillPreparedSuccessfullyMessagePopupisEnabledandClickable" duration-ms="2284" started-at="2020-12-03T10:25:09 IST" finished-at="2020-12-03T10:25:11 IST">
          <reporter-output>
            <line>
              <![CDATA[ConsolidatedReceiptRadiobuttoninBillPreparedSuccessfullyMessagePopupisEnabledandClickablescript execution starts atThu Dec 03 10:25:09 IST 2020]]>
            </line>
            <line>
              <![CDATA[ConsolidatedReceiptRadiobuttoninBillPreparedSuccessfullyMessagePopupisEnabledandClickablescript   is passed]]>
            </line>
          </reporter-output>
        </test-method> <!-- ConsolidatedReceiptRadiobuttoninBillPreparedSuccessfullyMessagePopupisEnabledandClickable -->
        <test-method status="PASS" signature="ConsolidatedReceiptRadiobuttoninBillPreparedSuccessfullyMessagePopupisSelected()[pri:36, instance:ehospital.Billing_Module.TestScripts.BillGenerationTestScripts@5e4c8041]" name="ConsolidatedReceiptRadiobuttoninBillPreparedSuccessfullyMessagePopupisSelected" duration-ms="20794" started-at="2020-12-03T10:25:11 IST" finished-at="2020-12-03T10:25:32 IST">
          <reporter-output>
            <line>
              <![CDATA[ConsolidatedReceiptRadiobuttoninBillPreparedSuccessfullyMessagePopupisSelectedscript execution starts atThu Dec 03 10:25:11 IST 2020]]>
            </line>
            <line>
              <![CDATA[ConsolidatedReceiptRadiobuttoninBillPreparedSuccessfullyMessagePopupisSelectedscript   is passed]]>
            </line>
          </reporter-output>
        </test-method> <!-- ConsolidatedReceiptRadiobuttoninBillPreparedSuccessfullyMessagePopupisSelected -->
      </class> <!-- ehospital.Billing_Module.TestScripts.BillGenerationTestScripts -->
    </test> <!-- Bill Generation Test -->
  </suite> <!-- Suite -->
</testng-results>
